nickname: EHC_FP0.01
params = --search-time-limit 10m --search-memory-limit 2G /ais/krcomp13/loyzer/fd/rrws_fd/benchmarks/blocks/probBLOCKS-9-0.pddl --search ehc_rw_fixed_prob(h=ff(), prob=0.01)
INFO     Running translator.
INFO     translator input: ['/ais/krcomp13/loyzer/fd/rrws_fd/benchmarks/blocks/domain.pddl', '/ais/krcomp13/loyzer/fd/rrws_fd/benchmarks/blocks/probBLOCKS-9-0.pddl']
INFO     translator arguments: []
INFO     translator time limit: None
INFO     translator memory limit: None
INFO     callstring: /usr/bin/python2.7 /ais/krcomp13/loyzer/fd/rrws_fd/builds/release32/bin/translate/translate.py /ais/krcomp13/loyzer/fd/rrws_fd/benchmarks/blocks/domain.pddl /ais/krcomp13/loyzer/fd/rrws_fd/benchmarks/blocks/probBLOCKS-9-0.pddl
Parsing...
Parsing: [0.000s CPU, 0.003s wall-clock]
Normalizing task... [0.000s CPU, 0.000s wall-clock]
Instantiating...
Generating Datalog program... [0.000s CPU, 0.000s wall-clock]
Normalizing Datalog program...
Normalizing Datalog program: [0.000s CPU, 0.003s wall-clock]
Preparing model... [0.010s CPU, 0.001s wall-clock]
Generated 21 rules.
Computing model... [0.010s CPU, 0.014s wall-clock]
308 relevant atoms
207 auxiliary atoms
515 final queue length
859 total queue pushes
Completing instantiation... [0.020s CPU, 0.021s wall-clock]
Instantiating: [0.040s CPU, 0.040s wall-clock]
Computing fact groups...
Finding invariants...
10 initial candidates
Finding invariants: [0.020s CPU, 0.012s wall-clock]
Checking invariant weight... [0.000s CPU, 0.000s wall-clock]
Instantiating groups... [0.000s CPU, 0.001s wall-clock]
Collecting mutex groups... [0.000s CPU, 0.000s wall-clock]
Choosing groups...
10 uncovered facts
Choosing groups: [0.000s CPU, 0.001s wall-clock]
Building translation key... [0.000s CPU, 0.000s wall-clock]
Computing fact groups: [0.020s CPU, 0.018s wall-clock]
Building STRIPS to SAS dictionary... [0.000s CPU, 0.000s wall-clock]
Building dictionary for full mutex groups... [0.000s CPU, 0.000s wall-clock]
Building mutex information...
Building mutex information: [0.000s CPU, 0.001s wall-clock]
Translating task...
Processing axioms...
Simplifying axioms... [0.000s CPU, 0.000s wall-clock]
Processing axioms: [0.000s CPU, 0.001s wall-clock]
Translating task: [0.030s CPU, 0.025s wall-clock]
234 effect conditions simplified
0 implied preconditions added
Detecting unreachable propositions...
0 operators removed
0 axioms removed
18 propositions removed
Detecting unreachable propositions: [0.010s CPU, 0.014s wall-clock]
Translator variables: 19
Translator derived variables: 0
Translator facts: 110
Translator goal facts: 8
Translator mutex groups: 19
Translator total mutex groups size: 190
Translator operators: 162
Translator axioms: 0
Translator task size: 1515
Translator peak memory: 29684 KB
Writing output... [0.010s CPU, 0.062s wall-clock]
Done! [0.110s CPU, 0.164s wall-clock]
INFO     Running preprocessor (release32).
INFO     preprocessor input: output.sas
INFO     preprocessor arguments: []
INFO     preprocessor time limit: None
INFO     preprocessor memory limit: None
INFO     callstring: /ais/krcomp13/loyzer/fd/rrws_fd/builds/release32/bin/preprocess < output.sas
Building causal graph...
The causal graph is not acyclic.
19 variables of 19 necessary
10 of 19 mutex groups necessary.
162 of 162 operators necessary.
0 of 0 axiom rules necessary.
Building domain transition graphs...
solveable in poly time 0
Building successor generator...
Preprocessor facts: 110
Preprocessor derived variables: 0
Preprocessor task size: 1425
Writing output...
done
INFO     Running search (release32).
INFO     search input: output
INFO     search arguments: ['--search', 'ehc_rw_fixed_prob(h=ff(), prob=0.01)']
INFO     search time limit: 600s
INFO     search memory limit: 2048 MB
INFO     search executable: /ais/krcomp13/loyzer/fd/rrws_fd/builds/release32/bin/downward
('calling component', '/ais/krcomp13/loyzer/fd/rrws_fd/builds/release32/bin/downward', ['--search', 'ehc_rw_fixed_prob(h=ff(), prob=0.01)', '--internal-plan-file', 'sas_plan'])
INFO     callstring: /ais/krcomp13/loyzer/fd/rrws_fd/builds/release32/bin/downward --search 'ehc_rw_fixed_prob(h=ff(), prob=0.01)' --internal-plan-file sas_plan < output
time limit 600.00 -> (600, 601)
reading input... [t=0.000118839s]
Simplifying transitions... done!
done reading input! [t=0.00524366s]
packing state variables...done! [t=0.00525625s]
Variables: 19
Facts: 110
Bytes per state: 8
Building successor generator...done! [t=0.00564508s]
done initalizing global data [t=0.00565007s]
===Preferred Usage===0 , DO NOTHING
===---------===
Conducting enforced hill-climbing search, (real) bound = 2147483647
Initializing FF heuristic...
Initializing additive heuristic...
Simplifying 630 unary operators... done! [486 unary operators]
Initial heuristic value for h = ff: 16
New best heuristic value for h = ff: 16
to beat: 16
New best heuristic value for h = ff: 15
to beat: 15
New best heuristic value for h = ff: 14
to beat: 14
New best heuristic value for h = ff: 12
to beat: 12
New best heuristic value for h = ff: 11
to beat: 11
New best heuristic value for h = ff: 10
to beat: 10
New best heuristic value for h = ff: 9
to beat: 9
New best heuristic value for h = ff: 8
to beat: 8
New best heuristic value for h = ff: 6
to beat: 6
New best heuristic value for h = ff: 5
to beat: 5
New best heuristic value for h = ff: 4
to beat: 4
New best heuristic value for h = ff: 3
to beat: 3
Failed to allocate memory.
Memory limit has been reached.
Peak memory: 1673120 KB
INFO     Running validate.
INFO     validate input: ['/ais/krcomp13/loyzer/fd/rrws_fd/benchmarks/blocks/domain.pddl', '/ais/krcomp13/loyzer/fd/rrws_fd/benchmarks/blocks/probBLOCKS-9-0.pddl', 'sas_plan']
INFO     validate arguments: []
INFO     validate time limit: None
INFO     validate memory limit: None
