nickname: EHC_BFS_DD_PREF_PRUNE
params = --search-time-limit 10m --search-memory-limit 2G /ais/krcomp13/loyzer/fd/rrws_fd/benchmarks/blocks/probBLOCKS-14-0.pddl --heuristic hff=ff() --search ehc(hff, preferred=[hff], preferred_usage=PRUNE_BY_PREFERRED)
INFO     Running translator.
INFO     translator input: ['/ais/krcomp13/loyzer/fd/rrws_fd/benchmarks/blocks/domain.pddl', '/ais/krcomp13/loyzer/fd/rrws_fd/benchmarks/blocks/probBLOCKS-14-0.pddl']
INFO     translator arguments: []
INFO     translator time limit: None
INFO     translator memory limit: None
INFO     callstring: /usr/bin/python2.7 /ais/krcomp13/loyzer/fd/rrws_fd/builds/release32/bin/translate/translate.py /ais/krcomp13/loyzer/fd/rrws_fd/benchmarks/blocks/domain.pddl /ais/krcomp13/loyzer/fd/rrws_fd/benchmarks/blocks/probBLOCKS-14-0.pddl
Parsing...
Parsing: [0.010s CPU, 0.002s wall-clock]
Normalizing task... [0.000s CPU, 0.000s wall-clock]
Instantiating...
Generating Datalog program... [0.000s CPU, 0.000s wall-clock]
Normalizing Datalog program...
Normalizing Datalog program: [0.000s CPU, 0.002s wall-clock]
Preparing model... [0.000s CPU, 0.001s wall-clock]
Generated 21 rules.
Computing model... [0.020s CPU, 0.018s wall-clock]
688 relevant atoms
462 auxiliary atoms
1150 final queue length
1965 total queue pushes
Completing instantiation... [0.020s CPU, 0.027s wall-clock]
Instantiating: [0.040s CPU, 0.048s wall-clock]
Computing fact groups...
Finding invariants...
10 initial candidates
Finding invariants: [0.010s CPU, 0.007s wall-clock]
Checking invariant weight... [0.000s CPU, 0.000s wall-clock]
Instantiating groups... [0.000s CPU, 0.001s wall-clock]
Collecting mutex groups... [0.000s CPU, 0.000s wall-clock]
Choosing groups...
15 uncovered facts
Choosing groups: [0.010s CPU, 0.002s wall-clock]
Building translation key... [0.000s CPU, 0.000s wall-clock]
Computing fact groups: [0.020s CPU, 0.014s wall-clock]
Building STRIPS to SAS dictionary... [0.000s CPU, 0.000s wall-clock]
Building dictionary for full mutex groups... [0.000s CPU, 0.001s wall-clock]
Building mutex information...
Building mutex information: [0.000s CPU, 0.001s wall-clock]
Translating task...
Processing axioms...
Simplifying axioms... [0.000s CPU, 0.000s wall-clock]
Processing axioms: [0.000s CPU, 0.001s wall-clock]
Translating task: [0.030s CPU, 0.035s wall-clock]
574 effect conditions simplified
0 implied preconditions added
Detecting unreachable propositions...
0 operators removed
0 axioms removed
28 propositions removed
Detecting unreachable propositions: [0.020s CPU, 0.018s wall-clock]
Translator variables: 29
Translator derived variables: 0
Translator facts: 240
Translator goal facts: 13
Translator mutex groups: 29
Translator total mutex groups size: 435
Translator operators: 392
Translator axioms: 0
Translator task size: 3615
Translator peak memory: 31868 KB
Writing output... [0.010s CPU, 0.094s wall-clock]
Done! [0.130s CPU, 0.214s wall-clock]
INFO     Running preprocessor (release32).
INFO     preprocessor input: output.sas
INFO     preprocessor arguments: []
INFO     preprocessor time limit: None
INFO     preprocessor memory limit: None
INFO     callstring: /ais/krcomp13/loyzer/fd/rrws_fd/builds/release32/bin/preprocess < output.sas
Building causal graph...
The causal graph is not acyclic.
29 variables of 29 necessary
15 of 29 mutex groups necessary.
392 of 392 operators necessary.
0 of 0 axiom rules necessary.
Building domain transition graphs...
solveable in poly time 0
Building successor generator...
Preprocessor facts: 240
Preprocessor derived variables: 0
Preprocessor task size: 3405
Writing output...
done
INFO     Running search (release32).
INFO     search input: output
INFO     search arguments: ['--heuristic', 'hff=ff()', '--search', 'ehc(hff, preferred=[hff], preferred_usage=PRUNE_BY_PREFERRED)']
INFO     search time limit: 600s
INFO     search memory limit: 2048 MB
INFO     search executable: /ais/krcomp13/loyzer/fd/rrws_fd/builds/release32/bin/downward
('calling component', '/ais/krcomp13/loyzer/fd/rrws_fd/builds/release32/bin/downward', ['--heuristic', 'hff=ff()', '--search', 'ehc(hff, preferred=[hff], preferred_usage=PRUNE_BY_PREFERRED)', '--internal-plan-file', 'sas_plan'])
INFO     callstring: /ais/krcomp13/loyzer/fd/rrws_fd/builds/release32/bin/downward --heuristic 'hff=ff()' --search 'ehc(hff, preferred=[hff], preferred_usage=PRUNE_BY_PREFERRED)' --internal-plan-file sas_plan < output
time limit 600.00 -> (600, 601)
reading input... [t=7.8e-05s]
Simplifying transitions... done!
done reading input! [t=0.0125123s]
packing state variables...done! [t=0.0125378s]
Variables: 29
Facts: 240
Bytes per state: 12
Building successor generator...done! [t=0.0136104s]
done initalizing global data [t=0.0136175s]

====
Use-Pref = 1
====
Pruning by preferred ops, use_preferred = 1
Conducting enforced hill-climbing search, (real) bound = 2147483647
Using preferred operators for pruning
Initializing FF heuristic...
Initializing additive heuristic...
Simplifying 1540 unary operators... done! [1176 unary operators]
Initial heuristic value for ff: 25
initialize g_value = -1
initialize g_value = -1node.g = 0
New best heuristic value for ff: 25
New best heuristic value for ff: 24
New best heuristic value for ff: 23
New best heuristic value for ff: 22
New best heuristic value for ff: 21
New best heuristic value for ff: 20
New best heuristic value for ff: 19
New best heuristic value for ff: 18
New best heuristic value for ff: 17
New best heuristic value for ff: 15
New best heuristic value for ff: 14
New best heuristic value for ff: 13
New best heuristic value for ff: 12
New best heuristic value for ff: 11
New best heuristic value for ff: 10
New best heuristic value for ff: 9
New best heuristic value for ff: 8
New best heuristic value for ff: 6
New best heuristic value for ff: 5
New best heuristic value for ff: 3
New best heuristic value for ff: 2
New best heuristic value for ff: 1
New best heuristic value for ff: 0
Solution found!
tracing path..
#1005 <- #1004 <- #1003 <- #1002 <- #1001 <- #1000 <- #999 <- #998 <- #997 <- #984 <- #977 <- #965 <- #960 <- #953 <- #950 <- #946 <- #944 <- #942 <- #941 <- #940 <- #939 <- #938 <- #937 <- #935 <- #934 <- #933 <- #931 <- #930 <- #929 <- #920 <- #911 <- #907 <- #901 <- #899 <- #897 <- #747 <- #683 <- #579 <- #538 <- #477 <- #452 <- #418 <- #404 <- #389 <- #382 <- #372 <- #368 <- #365 <- #364 <- #363 <- #361 <- #360 <- #359 <- #347 <- #341 <- #336 <- #332 <- #330 <- #329 <- #325 <- #323 <- #303 <- #291 <- #281 <- #276 <- #273 <- #271 <- #269 <- #268 <- #267 <- #266 <- #215 <- #177 <- #148 <- #131 <- #114 <- #107 <- #98 <- #94 <- #91 <- #90 <- #86 <- #85 <- #73 <- #70 <- #67 <- #66 <- #62 <- #61 <- #58 <- #54 <- #50 <- #49 <- #47 <- #44 <- #41 <- #38 <- #33 <- #30 <- #23 <- #14 <- #11 <- #5 <- #2 <- #0 <- Actual search time: 0.0270349s [t=0.0430296s]
Plan length: 104 step(s).
Plan cost: 104
No Solution Found.
Expanded 1005 state(s).
Reopened 0 state(s).
Evaluated 1006 state(s).
Evaluations: 1006
Generated 2023 state(s).
Dead ends: 0 state(s).
EHC phases: 22
Average expansions per EHC phase: 45.6818
EHC phases of depth 1: 2 - Avg. Expansions: 1
EHC phases of depth 2: 10 - Avg. Expansions: 5.2
EHC phases of depth 4: 3 - Avg. Expansions: 9.33333
EHC phases of depth 6: 3 - Avg. Expansions: 30.6667
EHC phases of depth 10: 2 - Avg. Expansions: 116.5
EHC phases of depth 14: 1 - Avg. Expansions: 60
EHC phases of depth 18: 1 - Avg. Expansions: 538
Search time: 0.0290735s
Total time: 0.043034s
Solution found.
Peak memory: 6248 KB
INFO     Running validate.
INFO     validate input: ['/ais/krcomp13/loyzer/fd/rrws_fd/benchmarks/blocks/domain.pddl', '/ais/krcomp13/loyzer/fd/rrws_fd/benchmarks/blocks/probBLOCKS-14-0.pddl', 'sas_plan']
INFO     validate arguments: []
INFO     validate time limit: None
INFO     validate memory limit: None
