nickname: EHC_LUBY_PREF0.9
params = --search-time-limit 10m --search-memory-limit 2G /ais/krcomp13/loyzer/fd/rrws_fd/benchmarks/blocks/probBLOCKS-16-1.pddl --heuristic hff=ff() --search ehc_rw(h=hff, restart=luby, preferred=[hff], pref_prob=0.9)
INFO     Running translator.
INFO     translator input: ['/ais/krcomp13/loyzer/fd/rrws_fd/benchmarks/blocks/domain.pddl', '/ais/krcomp13/loyzer/fd/rrws_fd/benchmarks/blocks/probBLOCKS-16-1.pddl']
INFO     translator arguments: []
INFO     translator time limit: None
INFO     translator memory limit: None
INFO     callstring: /usr/bin/python2.7 /ais/krcomp13/loyzer/fd/rrws_fd/builds/release32/bin/translate/translate.py /ais/krcomp13/loyzer/fd/rrws_fd/benchmarks/blocks/domain.pddl /ais/krcomp13/loyzer/fd/rrws_fd/benchmarks/blocks/probBLOCKS-16-1.pddl
Parsing...
Parsing: [0.000s CPU, 0.002s wall-clock]
Normalizing task... [0.000s CPU, 0.000s wall-clock]
Instantiating...
Generating Datalog program... [0.000s CPU, 0.000s wall-clock]
Normalizing Datalog program...
Normalizing Datalog program: [0.000s CPU, 0.002s wall-clock]
Preparing model... [0.000s CPU, 0.001s wall-clock]
Generated 21 rules.
Computing model... [0.020s CPU, 0.023s wall-clock]
882 relevant atoms
592 auxiliary atoms
1474 final queue length
2533 total queue pushes
Completing instantiation... [0.030s CPU, 0.035s wall-clock]
Instantiating: [0.050s CPU, 0.062s wall-clock]
Computing fact groups...
Finding invariants...
10 initial candidates
Finding invariants: [0.010s CPU, 0.007s wall-clock]
Checking invariant weight... [0.000s CPU, 0.000s wall-clock]
Instantiating groups... [0.000s CPU, 0.002s wall-clock]
Collecting mutex groups... [0.000s CPU, 0.000s wall-clock]
Choosing groups...
17 uncovered facts
Choosing groups: [0.000s CPU, 0.002s wall-clock]
Building translation key... [0.000s CPU, 0.001s wall-clock]
Computing fact groups: [0.020s CPU, 0.015s wall-clock]
Building STRIPS to SAS dictionary... [0.000s CPU, 0.000s wall-clock]
Building dictionary for full mutex groups... [0.000s CPU, 0.001s wall-clock]
Building mutex information...
Building mutex information: [0.000s CPU, 0.001s wall-clock]
Translating task...
Processing axioms...
Simplifying axioms... [0.000s CPU, 0.000s wall-clock]
Processing axioms: [0.000s CPU, 0.002s wall-clock]
Translating task: [0.050s CPU, 0.044s wall-clock]
752 effect conditions simplified
0 implied preconditions added
Detecting unreachable propositions...
0 operators removed
0 axioms removed
32 propositions removed
Detecting unreachable propositions: [0.020s CPU, 0.023s wall-clock]
Translator variables: 33
Translator derived variables: 0
Translator facts: 306
Translator goal facts: 15
Translator mutex groups: 33
Translator total mutex groups size: 561
Translator operators: 512
Translator axioms: 0
Translator task size: 4707
Translator peak memory: 33028 KB
Writing output... [0.010s CPU, 0.071s wall-clock]
Done! [0.150s CPU, 0.222s wall-clock]
INFO     Running preprocessor (release32).
INFO     preprocessor input: output.sas
INFO     preprocessor arguments: []
INFO     preprocessor time limit: None
INFO     preprocessor memory limit: None
INFO     callstring: /ais/krcomp13/loyzer/fd/rrws_fd/builds/release32/bin/preprocess < output.sas
Building causal graph...
The causal graph is not acyclic.
33 variables of 33 necessary
17 of 33 mutex groups necessary.
512 of 512 operators necessary.
0 of 0 axiom rules necessary.
Building domain transition graphs...
solveable in poly time 0
Building successor generator...
Preprocessor facts: 306
Preprocessor derived variables: 0
Preprocessor task size: 4435
Writing output...
done
INFO     Running search (release32).
INFO     search input: output
INFO     search arguments: ['--heuristic', 'hff=ff()', '--search', 'ehc_rw(h=hff, restart=luby, preferred=[hff], pref_prob=0.9)']
INFO     search time limit: 600s
INFO     search memory limit: 2048 MB
INFO     search executable: /ais/krcomp13/loyzer/fd/rrws_fd/builds/release32/bin/downward
('calling component', '/ais/krcomp13/loyzer/fd/rrws_fd/builds/release32/bin/downward', ['--heuristic', 'hff=ff()', '--search', 'ehc_rw(h=hff, restart=luby, preferred=[hff], pref_prob=0.9)', '--internal-plan-file', 'sas_plan'])
INFO     callstring: /ais/krcomp13/loyzer/fd/rrws_fd/builds/release32/bin/downward --heuristic 'hff=ff()' --search 'ehc_rw(h=hff, restart=luby, preferred=[hff], pref_prob=0.9)' --internal-plan-file sas_plan < output
time limit 600.00 -> (600, 601)
reading input... [t=6.8191e-05s]
Simplifying transitions... done!
done reading input! [t=0.0163148s]
packing state variables...done! [t=0.0163441s]
Variables: 33
Facts: 306
Bytes per state: 16
Building successor generator...done! [t=0.0178673s]
done initalizing global data [t=0.0178743s]
===Preferred Usage===1 , DO NOTHING
===---------===
Conducting enforced hill-climbing search, (real) bound = 2147483647
Using preferred operators for pruning
Initializing FF heuristic...
Initializing additive heuristic...
Simplifying 2016 unary operators... done! [1536 unary operators]
Initial heuristic value for ff: 31
New best heuristic value for ff: 31
Entering RWs: to beat: 31
New best heuristic value for ff: 30
Entering RWs: to beat: 30
New best heuristic value for ff: 29
Entering RWs: to beat: 29
New best heuristic value for ff: 28
Entering RWs: to beat: 28
New best heuristic value for ff: 27
Entering RWs: to beat: 27
New best heuristic value for ff: 26
Entering RWs: to beat: 26
New best heuristic value for ff: 25
Entering RWs: to beat: 25
New best heuristic value for ff: 24
Entering RWs: to beat: 24
New best heuristic value for ff: 23
Entering RWs: to beat: 23
New best heuristic value for ff: 22
Entering RWs: to beat: 22
New best heuristic value for ff: 20
Entering RWs: to beat: 20
New best heuristic value for ff: 19
Entering RWs: to beat: 19
New best heuristic value for ff: 18
Entering RWs: to beat: 18
New best heuristic value for ff: 17
Entering RWs: to beat: 17
New best heuristic value for ff: 15
Entering RWs: to beat: 15
New best heuristic value for ff: 14
Entering RWs: to beat: 14
New best heuristic value for ff: 13
Entering RWs: to beat: 13
New best heuristic value for ff: 12
Entering RWs: to beat: 12
New best heuristic value for ff: 11
Entering RWs: to beat: 11
New best heuristic value for ff: 9
Entering RWs: to beat: 9
New best heuristic value for ff: 7
Entering RWs: to beat: 7
New best heuristic value for ff: 6
Entering RWs: to beat: 6
New best heuristic value for ff: 5
Entering RWs: to beat: 5
New best heuristic value for ff: 3
Entering RWs: to beat: 3
New best heuristic value for ff: 2
New best heuristic value for ff: 1
New best heuristic value for ff: 0
Solution found!
#0Actual search time: 2.94404s [t=2.96497s]
Plan length: 1992 step(s).
Plan cost: 1992
Plan Length: 1992
Plan Cost: 1992
Expanded 289734 state(s).
Reopened 0 state(s).
Evaluated 144953 state(s).
Evaluations: 61455
Generated 144961 state(s).
Dead ends: 0 state(s).
For last execution: 
EHC phases: 2
Average expansions per EHC phase: 0
EHC phases of depth 1: 2 - Avg. Expansions: 1
Search time: 2.94672s
Total time: 2.96499s
Solution found.
Peak memory: 9640 KB
INFO     Running validate.
INFO     validate input: ['/ais/krcomp13/loyzer/fd/rrws_fd/benchmarks/blocks/domain.pddl', '/ais/krcomp13/loyzer/fd/rrws_fd/benchmarks/blocks/probBLOCKS-16-1.pddl', 'sas_plan']
INFO     validate arguments: []
INFO     validate time limit: None
INFO     validate memory limit: None
