nickname: EHC_BFS_DD_PREF_PRUNE
params = --search-time-limit 10m --search-memory-limit 2G /ais/krcomp13/loyzer/fd/rrws_fd/benchmarks/blocks/probBLOCKS-10-0.pddl --heuristic hff=ff() --search ehc(hff, preferred=[hff], preferred_usage=PRUNE_BY_PREFERRED)
INFO     Running translator.
INFO     translator input: ['/ais/krcomp13/loyzer/fd/rrws_fd/benchmarks/blocks/domain.pddl', '/ais/krcomp13/loyzer/fd/rrws_fd/benchmarks/blocks/probBLOCKS-10-0.pddl']
INFO     translator arguments: []
INFO     translator time limit: None
INFO     translator memory limit: None
INFO     callstring: /usr/bin/python2.7 /ais/krcomp13/loyzer/fd/rrws_fd/builds/release32/bin/translate/translate.py /ais/krcomp13/loyzer/fd/rrws_fd/benchmarks/blocks/domain.pddl /ais/krcomp13/loyzer/fd/rrws_fd/benchmarks/blocks/probBLOCKS-10-0.pddl
Parsing...
Parsing: [0.000s CPU, 0.003s wall-clock]
Normalizing task... [0.000s CPU, 0.000s wall-clock]
Instantiating...
Generating Datalog program... [0.000s CPU, 0.001s wall-clock]
Normalizing Datalog program...
Normalizing Datalog program: [0.010s CPU, 0.002s wall-clock]
Preparing model... [0.000s CPU, 0.001s wall-clock]
Generated 21 rules.
Computing model... [0.010s CPU, 0.017s wall-clock]
372 relevant atoms
250 auxiliary atoms
622 final queue length
1044 total queue pushes
Completing instantiation... [0.030s CPU, 0.024s wall-clock]
Instantiating: [0.050s CPU, 0.045s wall-clock]
Computing fact groups...
Finding invariants...
10 initial candidates
Finding invariants: [0.010s CPU, 0.010s wall-clock]
Checking invariant weight... [0.000s CPU, 0.000s wall-clock]
Instantiating groups... [0.000s CPU, 0.001s wall-clock]
Collecting mutex groups... [0.000s CPU, 0.000s wall-clock]
Choosing groups...
11 uncovered facts
Choosing groups: [0.000s CPU, 0.001s wall-clock]
Building translation key... [0.000s CPU, 0.000s wall-clock]
Computing fact groups: [0.010s CPU, 0.014s wall-clock]
Building STRIPS to SAS dictionary... [0.000s CPU, 0.000s wall-clock]
Building dictionary for full mutex groups... [0.000s CPU, 0.000s wall-clock]
Building mutex information...
Building mutex information: [0.000s CPU, 0.001s wall-clock]
Translating task...
Processing axioms...
Simplifying axioms... [0.000s CPU, 0.000s wall-clock]
Processing axioms: [0.000s CPU, 0.001s wall-clock]
Translating task: [0.020s CPU, 0.018s wall-clock]
290 effect conditions simplified
0 implied preconditions added
Detecting unreachable propositions...
0 operators removed
0 axioms removed
20 propositions removed
Detecting unreachable propositions: [0.010s CPU, 0.009s wall-clock]
Translator variables: 21
Translator derived variables: 0
Translator facts: 132
Translator goal facts: 9
Translator mutex groups: 21
Translator total mutex groups size: 231
Translator operators: 200
Translator axioms: 0
Translator task size: 1863
Translator peak memory: 29940 KB
Writing output... [0.000s CPU, 0.055s wall-clock]
Done! [0.100s CPU, 0.146s wall-clock]
INFO     Running preprocessor (release32).
INFO     preprocessor input: output.sas
INFO     preprocessor arguments: []
INFO     preprocessor time limit: None
INFO     preprocessor memory limit: None
INFO     callstring: /ais/krcomp13/loyzer/fd/rrws_fd/builds/release32/bin/preprocess < output.sas
Building causal graph...
The causal graph is not acyclic.
21 variables of 21 necessary
11 of 21 mutex groups necessary.
200 of 200 operators necessary.
0 of 0 axiom rules necessary.
Building domain transition graphs...
solveable in poly time 0
Building successor generator...
Preprocessor facts: 132
Preprocessor derived variables: 0
Preprocessor task size: 1753
Writing output...
done
INFO     Running search (release32).
INFO     search input: output
INFO     search arguments: ['--heuristic', 'hff=ff()', '--search', 'ehc(hff, preferred=[hff], preferred_usage=PRUNE_BY_PREFERRED)']
INFO     search time limit: 600s
INFO     search memory limit: 2048 MB
INFO     search executable: /ais/krcomp13/loyzer/fd/rrws_fd/builds/release32/bin/downward
('calling component', '/ais/krcomp13/loyzer/fd/rrws_fd/builds/release32/bin/downward', ['--heuristic', 'hff=ff()', '--search', 'ehc(hff, preferred=[hff], preferred_usage=PRUNE_BY_PREFERRED)', '--internal-plan-file', 'sas_plan'])
INFO     callstring: /ais/krcomp13/loyzer/fd/rrws_fd/builds/release32/bin/downward --heuristic 'hff=ff()' --search 'ehc(hff, preferred=[hff], preferred_usage=PRUNE_BY_PREFERRED)' --internal-plan-file sas_plan < output
time limit 600.00 -> (600, 601)
reading input... [t=6.8242e-05s]
Simplifying transitions... done!
done reading input! [t=0.00631558s]
packing state variables...done! [t=0.00632821s]
Variables: 21
Facts: 132
Bytes per state: 8
Building successor generator...done! [t=0.00679809s]
done initalizing global data [t=0.00680361s]

====
Use-Pref = 1
====
Pruning by preferred ops, use_preferred = 1
Conducting enforced hill-climbing search, (real) bound = 2147483647
Using preferred operators for pruning
Initializing FF heuristic...
Initializing additive heuristic...
Simplifying 780 unary operators... done! [600 unary operators]
Initial heuristic value for ff: 18
initialize g_value = -1
initialize g_value = -1node.g = 0
New best heuristic value for ff: 18
New best heuristic value for ff: 17
New best heuristic value for ff: 16
New best heuristic value for ff: 15
New best heuristic value for ff: 14
New best heuristic value for ff: 13
New best heuristic value for ff: 12
New best heuristic value for ff: 11
New best heuristic value for ff: 9
New best heuristic value for ff: 8
New best heuristic value for ff: 6
New best heuristic value for ff: 5
New best heuristic value for ff: 3
New best heuristic value for ff: 2
New best heuristic value for ff: 1
New best heuristic value for ff: 0
Solution found!
tracing path..
#168 <- #167 <- #166 <- #165 <- #164 <- #163 <- #162 <- #161 <- #160 <- #147 <- #140 <- #128 <- #122 <- #115 <- #112 <- #108 <- #106 <- #104 <- #103 <- #102 <- #101 <- #100 <- #99 <- #97 <- #95 <- #91 <- #88 <- #86 <- #85 <- #82 <- #81 <- #75 <- #71 <- #69 <- #68 <- #64 <- #63 <- #59 <- #58 <- #54 <- #52 <- #50 <- #48 <- #47 <- #46 <- #30 <- #22 <- #16 <- #13 <- #11 <- #10 <- #8 <- #6 <- #5 <- #4 <- #1 <- #0 <- Actual search time: 0.00271221s [t=0.0108715s]
Plan length: 56 step(s).
Plan cost: 56
No Solution Found.
Expanded 168 state(s).
Reopened 0 state(s).
Evaluated 169 state(s).
Evaluations: 169
Generated 275 state(s).
Dead ends: 0 state(s).
EHC phases: 15
Average expansions per EHC phase: 11.2
EHC phases of depth 1: 2 - Avg. Expansions: 1
EHC phases of depth 2: 6 - Avg. Expansions: 4
EHC phases of depth 4: 4 - Avg. Expansions: 8.25
EHC phases of depth 6: 2 - Avg. Expansions: 24
EHC phases of depth 14: 1 - Avg. Expansions: 61
Search time: 0.00376738s
Total time: 0.0108757s
Solution found.
Peak memory: 5776 KB
INFO     Running validate.
INFO     validate input: ['/ais/krcomp13/loyzer/fd/rrws_fd/benchmarks/blocks/domain.pddl', '/ais/krcomp13/loyzer/fd/rrws_fd/benchmarks/blocks/probBLOCKS-10-0.pddl', 'sas_plan']
INFO     validate arguments: []
INFO     validate time limit: None
INFO     validate memory limit: None
