nickname: EHC_BFS_DD
params = --search-time-limit 10m --search-memory-limit 2G /ais/krcomp13/loyzer/fd/rrws_fd/benchmarks/blocks/probBLOCKS-14-0.pddl --search ehc(h=ff())
INFO     Running translator.
INFO     translator input: ['/ais/krcomp13/loyzer/fd/rrws_fd/benchmarks/blocks/domain.pddl', '/ais/krcomp13/loyzer/fd/rrws_fd/benchmarks/blocks/probBLOCKS-14-0.pddl']
INFO     translator arguments: []
INFO     translator time limit: None
INFO     translator memory limit: None
INFO     callstring: /usr/bin/python2.7 /ais/krcomp13/loyzer/fd/rrws_fd/builds/release32/bin/translate/translate.py /ais/krcomp13/loyzer/fd/rrws_fd/benchmarks/blocks/domain.pddl /ais/krcomp13/loyzer/fd/rrws_fd/benchmarks/blocks/probBLOCKS-14-0.pddl
Parsing...
Parsing: [0.000s CPU, 0.002s wall-clock]
Normalizing task... [0.000s CPU, 0.000s wall-clock]
Instantiating...
Generating Datalog program... [0.000s CPU, 0.000s wall-clock]
Normalizing Datalog program...
Normalizing Datalog program: [0.000s CPU, 0.002s wall-clock]
Preparing model... [0.000s CPU, 0.001s wall-clock]
Generated 21 rules.
Computing model... [0.020s CPU, 0.018s wall-clock]
688 relevant atoms
462 auxiliary atoms
1150 final queue length
1965 total queue pushes
Completing instantiation... [0.020s CPU, 0.027s wall-clock]
Instantiating: [0.040s CPU, 0.048s wall-clock]
Computing fact groups...
Finding invariants...
10 initial candidates
Finding invariants: [0.010s CPU, 0.007s wall-clock]
Checking invariant weight... [0.000s CPU, 0.000s wall-clock]
Instantiating groups... [0.010s CPU, 0.001s wall-clock]
Collecting mutex groups... [0.000s CPU, 0.000s wall-clock]
Choosing groups...
15 uncovered facts
Choosing groups: [0.000s CPU, 0.002s wall-clock]
Building translation key... [0.000s CPU, 0.000s wall-clock]
Computing fact groups: [0.020s CPU, 0.014s wall-clock]
Building STRIPS to SAS dictionary... [0.000s CPU, 0.000s wall-clock]
Building dictionary for full mutex groups... [0.000s CPU, 0.001s wall-clock]
Building mutex information...
Building mutex information: [0.000s CPU, 0.001s wall-clock]
Translating task...
Processing axioms...
Simplifying axioms... [0.000s CPU, 0.000s wall-clock]
Processing axioms: [0.000s CPU, 0.001s wall-clock]
Translating task: [0.040s CPU, 0.035s wall-clock]
574 effect conditions simplified
0 implied preconditions added
Detecting unreachable propositions...
0 operators removed
0 axioms removed
28 propositions removed
Detecting unreachable propositions: [0.010s CPU, 0.017s wall-clock]
Translator variables: 29
Translator derived variables: 0
Translator facts: 240
Translator goal facts: 13
Translator mutex groups: 29
Translator total mutex groups size: 435
Translator operators: 392
Translator axioms: 0
Translator task size: 3615
Translator peak memory: 31868 KB
Writing output... [0.010s CPU, 0.061s wall-clock]
Done! [0.120s CPU, 0.180s wall-clock]
INFO     Running preprocessor (release32).
INFO     preprocessor input: output.sas
INFO     preprocessor arguments: []
INFO     preprocessor time limit: None
INFO     preprocessor memory limit: None
INFO     callstring: /ais/krcomp13/loyzer/fd/rrws_fd/builds/release32/bin/preprocess < output.sas
Building causal graph...
The causal graph is not acyclic.
29 variables of 29 necessary
15 of 29 mutex groups necessary.
392 of 392 operators necessary.
0 of 0 axiom rules necessary.
Building domain transition graphs...
solveable in poly time 0
Building successor generator...
Preprocessor facts: 240
Preprocessor derived variables: 0
Preprocessor task size: 3405
Writing output...
done
INFO     Running search (release32).
INFO     search input: output
INFO     search arguments: ['--search', 'ehc(h=ff())']
INFO     search time limit: 600s
INFO     search memory limit: 2048 MB
INFO     search executable: /ais/krcomp13/loyzer/fd/rrws_fd/builds/release32/bin/downward
('calling component', '/ais/krcomp13/loyzer/fd/rrws_fd/builds/release32/bin/downward', ['--search', 'ehc(h=ff())', '--internal-plan-file', 'sas_plan'])
INFO     callstring: /ais/krcomp13/loyzer/fd/rrws_fd/builds/release32/bin/downward --search 'ehc(h=ff())' --internal-plan-file sas_plan < output
time limit 600.00 -> (600, 601)
reading input... [t=0.000116344s]
Simplifying transitions... done!
done reading input! [t=0.0125201s]
packing state variables...done! [t=0.0125452s]
Variables: 29
Facts: 240
Bytes per state: 12
Building successor generator...done! [t=0.0136229s]
done initalizing global data [t=0.0136298s]

====
Use-Pref = 0
====
Pruning by preferred ops, use_preferred = 0
Conducting enforced hill-climbing search, (real) bound = 2147483647
Initializing FF heuristic...
Initializing additive heuristic...
Simplifying 1540 unary operators... done! [1176 unary operators]
Initial heuristic value for h = ff: 25
initialize g_value = -1
initialize g_value = -1node.g = 0
New best heuristic value for h = ff: 25
New best heuristic value for h = ff: 24
New best heuristic value for h = ff: 23
New best heuristic value for h = ff: 22
New best heuristic value for h = ff: 21
New best heuristic value for h = ff: 20
New best heuristic value for h = ff: 19
New best heuristic value for h = ff: 18
New best heuristic value for h = ff: 16
New best heuristic value for h = ff: 15
New best heuristic value for h = ff: 14
New best heuristic value for h = ff: 13
New best heuristic value for h = ff: 12
New best heuristic value for h = ff: 11
New best heuristic value for h = ff: 10
New best heuristic value for h = ff: 9
New best heuristic value for h = ff: 8
New best heuristic value for h = ff: 6
New best heuristic value for h = ff: 5
New best heuristic value for h = ff: 3
New best heuristic value for h = ff: 2
New best heuristic value for h = ff: 1
New best heuristic value for h = ff: 0
Solution found!
tracing path..
#268392 <- #268391 <- #268390 <- #268388 <- #268386 <- #268384 <- #268383 <- #268381 <- #268380 <- #262265 <- #259370 <- #258172 <- #257566 <- #257326 <- #257215 <- #257175 <- #257154 <- #257145 <- #257139 <- #257137 <- #257135 <- #257134 <- #257133 <- #257131 <- #257130 <- #256074 <- #255724 <- #255586 <- #255542 <- #255525 <- #255519 <- #255517 <- #255516 <- #254976 <- #254741 <- #254659 <- #254623 <- #254611 <- #254606 <- #254604 <- #254603 <- #153837 <- #111445 <- #94243 <- #86758 <- #83606 <- #82202 <- #81607 <- #81353 <- #81248 <- #81203 <- #81183 <- #81173 <- #81169 <- #81167 <- #81165 <- #81164 <- #81087 <- #81054 <- #81039 <- #81033 <- #81030 <- #81029 <- #81025 <- #81024 <- #71084 <- #67711 <- #66283 <- #65790 <- #65585 <- #65514 <- #65482 <- #65469 <- #65464 <- #65462 <- #64614 <- #64362 <- #64279 <- #64257 <- #64251 <- #64249 <- #64240 <- #64238 <- #64235 <- #64234 <- #22486 <- #8589 <- #3175 <- #1386 <- #699 <- #486 <- #407 <- #382 <- #374 <- #371 <- #360 <- #357 <- #310 <- #295 <- #290 <- #288 <- #278 <- #275 <- #240 <- #227 <- #224 <- #223 <- #184 <- #172 <- #169 <- #168 <- #75 <- #32 <- #14 <- #6 <- #2 <- #0 <- Actual search time: 9.13886s [t=9.15485s]
Plan length: 116 step(s).
Plan cost: 116
No Solution Found.
Expanded 268392 state(s).
Reopened 0 state(s).
Evaluated 268393 state(s).
Evaluations: 268393
Generated 512567 state(s).
Dead ends: 0 state(s).
EHC phases: 22
Average expansions per EHC phase: 12199.6
EHC phases of depth 1: 2 - Avg. Expansions: 1
EHC phases of depth 2: 7 - Avg. Expansions: 7.57143
EHC phases of depth 4: 4 - Avg. Expansions: 45.75
EHC phases of depth 6: 3 - Avg. Expansions: 505.333
EHC phases of depth 8: 2 - Avg. Expansions: 1263.5
EHC phases of depth 10: 2 - Avg. Expansions: 39712.5
EHC phases of depth 14: 1 - Avg. Expansions: 11247
EHC phases of depth 16: 1 - Avg. Expansions: 173439
Search time: 9.14093s
Total time: 9.15486s
Solution found.
Peak memory: 27480 KB
INFO     Running validate.
INFO     validate input: ['/ais/krcomp13/loyzer/fd/rrws_fd/benchmarks/blocks/domain.pddl', '/ais/krcomp13/loyzer/fd/rrws_fd/benchmarks/blocks/probBLOCKS-14-0.pddl', 'sas_plan']
INFO     validate arguments: []
INFO     validate time limit: None
INFO     validate memory limit: None
