nickname: EHC_BFS_DD
params = --search-time-limit 10m --search-memory-limit 2G /ais/krcomp13/loyzer/fd/rrws_fd/benchmarks/blocks/probBLOCKS-10-0.pddl --search ehc(h=ff())
INFO     Running translator.
INFO     translator input: ['/ais/krcomp13/loyzer/fd/rrws_fd/benchmarks/blocks/domain.pddl', '/ais/krcomp13/loyzer/fd/rrws_fd/benchmarks/blocks/probBLOCKS-10-0.pddl']
INFO     translator arguments: []
INFO     translator time limit: None
INFO     translator memory limit: None
INFO     callstring: /usr/bin/python2.7 /ais/krcomp13/loyzer/fd/rrws_fd/builds/release32/bin/translate/translate.py /ais/krcomp13/loyzer/fd/rrws_fd/benchmarks/blocks/domain.pddl /ais/krcomp13/loyzer/fd/rrws_fd/benchmarks/blocks/probBLOCKS-10-0.pddl
Parsing...
Parsing: [0.010s CPU, 0.005s wall-clock]
Normalizing task... [0.000s CPU, 0.000s wall-clock]
Instantiating...
Generating Datalog program... [0.000s CPU, 0.001s wall-clock]
Normalizing Datalog program...
Normalizing Datalog program: [0.000s CPU, 0.004s wall-clock]
Preparing model... [0.000s CPU, 0.002s wall-clock]
Generated 21 rules.
Computing model... [0.030s CPU, 0.029s wall-clock]
372 relevant atoms
250 auxiliary atoms
622 final queue length
1044 total queue pushes
Completing instantiation... [0.040s CPU, 0.042s wall-clock]
Instantiating: [0.070s CPU, 0.078s wall-clock]
Computing fact groups...
Finding invariants...
10 initial candidates
Finding invariants: [0.020s CPU, 0.019s wall-clock]
Checking invariant weight... [0.000s CPU, 0.001s wall-clock]
Instantiating groups... [0.000s CPU, 0.003s wall-clock]
Collecting mutex groups... [0.000s CPU, 0.001s wall-clock]
Choosing groups...
11 uncovered facts
Choosing groups: [0.010s CPU, 0.003s wall-clock]
Building translation key... [0.000s CPU, 0.001s wall-clock]
Computing fact groups: [0.030s CPU, 0.031s wall-clock]
Building STRIPS to SAS dictionary... [0.000s CPU, 0.000s wall-clock]
Building dictionary for full mutex groups... [0.000s CPU, 0.001s wall-clock]
Building mutex information...
Building mutex information: [0.000s CPU, 0.002s wall-clock]
Translating task...
Processing axioms...
Simplifying axioms... [0.000s CPU, 0.000s wall-clock]
Processing axioms: [0.000s CPU, 0.002s wall-clock]
Translating task: [0.050s CPU, 0.051s wall-clock]
290 effect conditions simplified
0 implied preconditions added
Detecting unreachable propositions...
0 operators removed
0 axioms removed
20 propositions removed
Detecting unreachable propositions: [0.020s CPU, 0.015s wall-clock]
Translator variables: 21
Translator derived variables: 0
Translator facts: 132
Translator goal facts: 9
Translator mutex groups: 21
Translator total mutex groups size: 231
Translator operators: 200
Translator axioms: 0
Translator task size: 1863
Translator peak memory: 29940 KB
Writing output... [0.010s CPU, 0.638s wall-clock]
Done! [0.190s CPU, 0.824s wall-clock]
INFO     Running preprocessor (release32).
INFO     preprocessor input: output.sas
INFO     preprocessor arguments: []
INFO     preprocessor time limit: None
INFO     preprocessor memory limit: None
INFO     callstring: /ais/krcomp13/loyzer/fd/rrws_fd/builds/release32/bin/preprocess < output.sas
Building causal graph...
The causal graph is not acyclic.
21 variables of 21 necessary
11 of 21 mutex groups necessary.
200 of 200 operators necessary.
0 of 0 axiom rules necessary.
Building domain transition graphs...
solveable in poly time 0
Building successor generator...
Preprocessor facts: 132
Preprocessor derived variables: 0
Preprocessor task size: 1753
Writing output...
done
INFO     Running search (release32).
INFO     search input: output
INFO     search arguments: ['--search', 'ehc(h=ff())']
INFO     search time limit: 600s
INFO     search memory limit: 2048 MB
INFO     search executable: /ais/krcomp13/loyzer/fd/rrws_fd/builds/release32/bin/downward
('calling component', '/ais/krcomp13/loyzer/fd/rrws_fd/builds/release32/bin/downward', ['--search', 'ehc(h=ff())', '--internal-plan-file', 'sas_plan'])
INFO     callstring: /ais/krcomp13/loyzer/fd/rrws_fd/builds/release32/bin/downward --search 'ehc(h=ff())' --internal-plan-file sas_plan < output
time limit 600.00 -> (600, 601)
reading input... [t=9.604e-05s]
Simplifying transitions... done!
done reading input! [t=0.0108594s]
packing state variables...done! [t=0.0108873s]
Variables: 21
Facts: 132
Bytes per state: 8
Building successor generator...done! [t=0.0116826s]
done initalizing global data [t=0.0116922s]

====
Use-Pref = 0
====
Pruning by preferred ops, use_preferred = 0
Conducting enforced hill-climbing search, (real) bound = 2147483647
Initializing FF heuristic...
Initializing additive heuristic...
Simplifying 780 unary operators... done! [600 unary operators]
Initial heuristic value for h = ff: 18
initialize g_value = -1
initialize g_value = -1node.g = 0
New best heuristic value for h = ff: 18
New best heuristic value for h = ff: 17
New best heuristic value for h = ff: 16
New best heuristic value for h = ff: 15
New best heuristic value for h = ff: 14
New best heuristic value for h = ff: 13
New best heuristic value for h = ff: 12
New best heuristic value for h = ff: 11
New best heuristic value for h = ff: 10
New best heuristic value for h = ff: 8
New best heuristic value for h = ff: 7
New best heuristic value for h = ff: 6
New best heuristic value for h = ff: 5
New best heuristic value for h = ff: 3
New best heuristic value for h = ff: 2
New best heuristic value for h = ff: 1
New best heuristic value for h = ff: 0
Solution found!
tracing path..
#719697 <- #719696 <- #719695 <- #719691 <- #719689 <- #719687 <- #719686 <- #719684 <- #719683 <- #318306 <- #152544 <- #68889 <- #35562 <- #19291 <- #12941 <- #9852 <- #8611 <- #7980 <- #7722 <- #7591 <- #7539 <- #7512 <- #7500 <- #7495 <- #7492 <- #7491 <- #7490 <- #7487 <- #7486 <- #7479 <- #7477 <- #6324 <- #5918 <- #5753 <- #5697 <- #5675 <- #5667 <- #5663 <- #5661 <- #5657 <- #5656 <- #2804 <- #1421 <- #882 <- #613 <- #508 <- #447 <- #419 <- #399 <- #389 <- #380 <- #375 <- #370 <- #367 <- #365 <- #363 <- #362 <- #278 <- #236 <- #219 <- #212 <- #209 <- #208 <- #202 <- #200 <- #186 <- #177 <- #174 <- #172 <- #171 <- #170 <- #80 <- #39 <- #24 <- #18 <- #16 <- #15 <- #9 <- #6 <- #5 <- #4 <- #2 <- #0 <- Actual search time: 14.7839s [t=14.7978s]
Plan length: 82 step(s).
Plan cost: 82
No Solution Found.
Expanded 719697 state(s).
Reopened 0 state(s).
Evaluated 719698 state(s).
Evaluations: 719698
Generated 1503828 state(s).
Dead ends: 0 state(s).
EHC phases: 16
Average expansions per EHC phase: 44981.1
EHC phases of depth 1: 2 - Avg. Expansions: 1
EHC phases of depth 2: 6 - Avg. Expansions: 5.5
EHC phases of depth 4: 2 - Avg. Expansions: 10
EHC phases of depth 6: 3 - Avg. Expansions: 113
EHC phases of depth 8: 1 - Avg. Expansions: 1816
EHC phases of depth 16: 1 - Avg. Expansions: 5294
EHC phases of depth 18: 1 - Avg. Expansions: 712193
Search time: 14.7857s
Total time: 14.7978s
Solution found.
Peak memory: 63204 KB
INFO     Running validate.
INFO     validate input: ['/ais/krcomp13/loyzer/fd/rrws_fd/benchmarks/blocks/domain.pddl', '/ais/krcomp13/loyzer/fd/rrws_fd/benchmarks/blocks/probBLOCKS-10-0.pddl', 'sas_plan']
INFO     validate arguments: []
INFO     validate time limit: None
INFO     validate memory limit: None
