nickname: EHC_BFS_DD
params = --search-time-limit 10m --search-memory-limit 2G /ais/krcomp13/loyzer/fd/rrws_fd/benchmarks/blocks/probBLOCKS-14-1.pddl --search ehc(h=ff())
INFO     Running translator.
INFO     translator input: ['/ais/krcomp13/loyzer/fd/rrws_fd/benchmarks/blocks/domain.pddl', '/ais/krcomp13/loyzer/fd/rrws_fd/benchmarks/blocks/probBLOCKS-14-1.pddl']
INFO     translator arguments: []
INFO     translator time limit: None
INFO     translator memory limit: None
INFO     callstring: /usr/bin/python2.7 /ais/krcomp13/loyzer/fd/rrws_fd/builds/release32/bin/translate/translate.py /ais/krcomp13/loyzer/fd/rrws_fd/benchmarks/blocks/domain.pddl /ais/krcomp13/loyzer/fd/rrws_fd/benchmarks/blocks/probBLOCKS-14-1.pddl
Parsing...
Parsing: [0.000s CPU, 0.002s wall-clock]
Normalizing task... [0.000s CPU, 0.000s wall-clock]
Instantiating...
Generating Datalog program... [0.000s CPU, 0.000s wall-clock]
Normalizing Datalog program...
Normalizing Datalog program: [0.010s CPU, 0.002s wall-clock]
Preparing model... [0.000s CPU, 0.001s wall-clock]
Generated 21 rules.
Computing model... [0.010s CPU, 0.018s wall-clock]
688 relevant atoms
462 auxiliary atoms
1150 final queue length
1967 total queue pushes
Completing instantiation... [0.030s CPU, 0.026s wall-clock]
Instantiating: [0.050s CPU, 0.048s wall-clock]
Computing fact groups...
Finding invariants...
10 initial candidates
Finding invariants: [0.010s CPU, 0.007s wall-clock]
Checking invariant weight... [0.000s CPU, 0.000s wall-clock]
Instantiating groups... [0.000s CPU, 0.001s wall-clock]
Collecting mutex groups... [0.000s CPU, 0.000s wall-clock]
Choosing groups...
15 uncovered facts
Choosing groups: [0.000s CPU, 0.002s wall-clock]
Building translation key... [0.000s CPU, 0.000s wall-clock]
Computing fact groups: [0.010s CPU, 0.013s wall-clock]
Building STRIPS to SAS dictionary... [0.000s CPU, 0.000s wall-clock]
Building dictionary for full mutex groups... [0.010s CPU, 0.001s wall-clock]
Building mutex information...
Building mutex information: [0.000s CPU, 0.001s wall-clock]
Translating task...
Processing axioms...
Simplifying axioms... [0.000s CPU, 0.000s wall-clock]
Processing axioms: [0.000s CPU, 0.001s wall-clock]
Translating task: [0.030s CPU, 0.034s wall-clock]
574 effect conditions simplified
0 implied preconditions added
Detecting unreachable propositions...
0 operators removed
0 axioms removed
28 propositions removed
Detecting unreachable propositions: [0.020s CPU, 0.017s wall-clock]
Translator variables: 29
Translator derived variables: 0
Translator facts: 240
Translator goal facts: 13
Translator mutex groups: 29
Translator total mutex groups size: 435
Translator operators: 392
Translator axioms: 0
Translator task size: 3615
Translator peak memory: 31864 KB
Writing output... [0.000s CPU, 0.061s wall-clock]
Done! [0.120s CPU, 0.179s wall-clock]
INFO     Running preprocessor (release32).
INFO     preprocessor input: output.sas
INFO     preprocessor arguments: []
INFO     preprocessor time limit: None
INFO     preprocessor memory limit: None
INFO     callstring: /ais/krcomp13/loyzer/fd/rrws_fd/builds/release32/bin/preprocess < output.sas
Building causal graph...
The causal graph is not acyclic.
29 variables of 29 necessary
15 of 29 mutex groups necessary.
392 of 392 operators necessary.
0 of 0 axiom rules necessary.
Building domain transition graphs...
solveable in poly time 0
Building successor generator...
Preprocessor facts: 240
Preprocessor derived variables: 0
Preprocessor task size: 3405
Writing output...
done
INFO     Running search (release32).
INFO     search input: output
INFO     search arguments: ['--search', 'ehc(h=ff())']
INFO     search time limit: 600s
INFO     search memory limit: 2048 MB
INFO     search executable: /ais/krcomp13/loyzer/fd/rrws_fd/builds/release32/bin/downward
('calling component', '/ais/krcomp13/loyzer/fd/rrws_fd/builds/release32/bin/downward', ['--search', 'ehc(h=ff())', '--internal-plan-file', 'sas_plan'])
INFO     callstring: /ais/krcomp13/loyzer/fd/rrws_fd/builds/release32/bin/downward --search 'ehc(h=ff())' --internal-plan-file sas_plan < output
time limit 600.00 -> (600, 601)
reading input... [t=6.8069e-05s]
Simplifying transitions... done!
done reading input! [t=0.0124933s]
packing state variables...done! [t=0.0125191s]
Variables: 29
Facts: 240
Bytes per state: 12
Building successor generator...done! [t=0.0135896s]
done initalizing global data [t=0.0135964s]

====
Use-Pref = 0
====
Pruning by preferred ops, use_preferred = 0
Conducting enforced hill-climbing search, (real) bound = 2147483647
Initializing FF heuristic...
Initializing additive heuristic...
Simplifying 1540 unary operators... done! [1176 unary operators]
Initial heuristic value for h = ff: 27
initialize g_value = -1
initialize g_value = -1node.g = 0
New best heuristic value for h = ff: 27
New best heuristic value for h = ff: 26
New best heuristic value for h = ff: 25
New best heuristic value for h = ff: 24
New best heuristic value for h = ff: 23
New best heuristic value for h = ff: 22
New best heuristic value for h = ff: 21
New best heuristic value for h = ff: 20
New best heuristic value for h = ff: 19
New best heuristic value for h = ff: 18
New best heuristic value for h = ff: 17
New best heuristic value for h = ff: 15
New best heuristic value for h = ff: 13
New best heuristic value for h = ff: 12
New best heuristic value for h = ff: 10
New best heuristic value for h = ff: 9
New best heuristic value for h = ff: 7
New best heuristic value for h = ff: 6
New best heuristic value for h = ff: 4
New best heuristic value for h = ff: 2
New best heuristic value for h = ff: 1
New best heuristic value for h = ff: 0
Solution found!
tracing path..
#9709485 <- #9709484 <- #9709483 <- #9709444 <- #9709420 <- #9709406 <- #9709399 <- #9709396 <- #9709394 <- #9709393 <- #9709392 <- #9709389 <- #9709388 <- #9709384 <- #9709383 <- #9709379 <- #9709378 <- #4051957 <- #1525432 <- #649671 <- #260853 <- #128465 <- #70575 <- #50853 <- #42122 <- #39076 <- #37682 <- #37180 <- #36945 <- #36859 <- #36818 <- #36801 <- #36793 <- #36789 <- #36787 <- #36786 <- #36785 <- #36783 <- #36782 <- #36750 <- #36739 <- #36735 <- #36733 <- #36722 <- #36719 <- #36714 <- #36713 <- #36417 <- #36283 <- #36240 <- #36221 <- #36215 <- #36212 <- #36211 <- #36210 <- #22978 <- #17850 <- #16111 <- #15450 <- #15232 <- #15156 <- #15133 <- #15126 <- #15124 <- #15123 <- #6416 <- #3333 <- #2124 <- #1691 <- #1516 <- #1456 <- #1432 <- #1424 <- #1420 <- #1418 <- #1389 <- #1380 <- #1378 <- #1377 <- #620 <- #310 <- #211 <- #169 <- #154 <- #148 <- #146 <- #145 <- #138 <- #136 <- #130 <- #129 <- #90 <- #78 <- #75 <- #74 <- #31 <- #18 <- #15 <- #14 <- #2 <- #0 <- Actual search time: 368.458s [t=368.474s]
Plan length: 100 step(s).
Plan cost: 100
No Solution Found.
Expanded 9709485 state(s).
Reopened 0 state(s).
Evaluated 9709486 state(s).
Evaluations: 9709486
Generated 21086358 state(s).
Dead ends: 0 state(s).
EHC phases: 21
Average expansions per EHC phase: 462356
EHC phases of depth 1: 2 - Avg. Expansions: 1
EHC phases of depth 2: 9 - Avg. Expansions: 7.44444
EHC phases of depth 4: 4 - Avg. Expansions: 51.25
EHC phases of depth 8: 3 - Avg. Expansions: 608.667
EHC phases of depth 10: 2 - Avg. Expansions: 17396
EHC phases of depth 20: 1 - Avg. Expansions: 9.67259e+06
Search time: 368.46s
Total time: 368.474s
Solution found.
Peak memory: 945140 KB
INFO     Running validate.
INFO     validate input: ['/ais/krcomp13/loyzer/fd/rrws_fd/benchmarks/blocks/domain.pddl', '/ais/krcomp13/loyzer/fd/rrws_fd/benchmarks/blocks/probBLOCKS-14-1.pddl', 'sas_plan']
INFO     validate arguments: []
INFO     validate time limit: None
INFO     validate memory limit: None
