nickname: EHC_BFS_DD_PREF_PRUNE
params = --search-time-limit 10m --search-memory-limit 2G /ais/krcomp13/loyzer/fd/rrws_fd/benchmarks/blocks/probBLOCKS-13-1.pddl --heuristic hff=ff() --search ehc(hff, preferred=[hff], preferred_usage=PRUNE_BY_PREFERRED)
INFO     Running translator.
INFO     translator input: ['/ais/krcomp13/loyzer/fd/rrws_fd/benchmarks/blocks/domain.pddl', '/ais/krcomp13/loyzer/fd/rrws_fd/benchmarks/blocks/probBLOCKS-13-1.pddl']
INFO     translator arguments: []
INFO     translator time limit: None
INFO     translator memory limit: None
INFO     callstring: /usr/bin/python2.7 /ais/krcomp13/loyzer/fd/rrws_fd/builds/release32/bin/translate/translate.py /ais/krcomp13/loyzer/fd/rrws_fd/benchmarks/blocks/domain.pddl /ais/krcomp13/loyzer/fd/rrws_fd/benchmarks/blocks/probBLOCKS-13-1.pddl
Parsing...
Parsing: [0.000s CPU, 0.002s wall-clock]
Normalizing task... [0.000s CPU, 0.000s wall-clock]
Instantiating...
Generating Datalog program... [0.000s CPU, 0.000s wall-clock]
Normalizing Datalog program...
Normalizing Datalog program: [0.000s CPU, 0.002s wall-clock]
Preparing model... [0.000s CPU, 0.001s wall-clock]
Generated 21 rules.
Computing model... [0.020s CPU, 0.016s wall-clock]
600 relevant atoms
403 auxiliary atoms
1003 final queue length
1707 total queue pushes
Completing instantiation... [0.020s CPU, 0.023s wall-clock]
Instantiating: [0.040s CPU, 0.043s wall-clock]
Computing fact groups...
Finding invariants...
10 initial candidates
Finding invariants: [0.010s CPU, 0.007s wall-clock]
Checking invariant weight... [0.000s CPU, 0.000s wall-clock]
Instantiating groups... [0.000s CPU, 0.001s wall-clock]
Collecting mutex groups... [0.000s CPU, 0.000s wall-clock]
Choosing groups...
14 uncovered facts
Choosing groups: [0.010s CPU, 0.001s wall-clock]
Building translation key... [0.000s CPU, 0.000s wall-clock]
Computing fact groups: [0.020s CPU, 0.013s wall-clock]
Building STRIPS to SAS dictionary... [0.000s CPU, 0.000s wall-clock]
Building dictionary for full mutex groups... [0.000s CPU, 0.001s wall-clock]
Building mutex information...
Building mutex information: [0.000s CPU, 0.001s wall-clock]
Translating task...
Processing axioms...
Simplifying axioms... [0.000s CPU, 0.000s wall-clock]
Processing axioms: [0.000s CPU, 0.001s wall-clock]
Translating task: [0.030s CPU, 0.029s wall-clock]
494 effect conditions simplified
0 implied preconditions added
Detecting unreachable propositions...
0 operators removed
0 axioms removed
26 propositions removed
Detecting unreachable propositions: [0.010s CPU, 0.015s wall-clock]
Translator variables: 27
Translator derived variables: 0
Translator facts: 210
Translator goal facts: 12
Translator mutex groups: 27
Translator total mutex groups size: 378
Translator operators: 338
Translator axioms: 0
Translator task size: 3123
Translator peak memory: 31356 KB
Writing output... [0.010s CPU, 0.109s wall-clock]
Done! [0.110s CPU, 0.213s wall-clock]
INFO     Running preprocessor (release32).
INFO     preprocessor input: output.sas
INFO     preprocessor arguments: []
INFO     preprocessor time limit: None
INFO     preprocessor memory limit: None
INFO     callstring: /ais/krcomp13/loyzer/fd/rrws_fd/builds/release32/bin/preprocess < output.sas
Building causal graph...
The causal graph is not acyclic.
27 variables of 27 necessary
14 of 27 mutex groups necessary.
338 of 338 operators necessary.
0 of 0 axiom rules necessary.
Building domain transition graphs...
solveable in poly time 0
Building successor generator...
Preprocessor facts: 210
Preprocessor derived variables: 0
Preprocessor task size: 2941
Writing output...
done
INFO     Running search (release32).
INFO     search input: output
INFO     search arguments: ['--heuristic', 'hff=ff()', '--search', 'ehc(hff, preferred=[hff], preferred_usage=PRUNE_BY_PREFERRED)']
INFO     search time limit: 600s
INFO     search memory limit: 2048 MB
INFO     search executable: /ais/krcomp13/loyzer/fd/rrws_fd/builds/release32/bin/downward
('calling component', '/ais/krcomp13/loyzer/fd/rrws_fd/builds/release32/bin/downward', ['--heuristic', 'hff=ff()', '--search', 'ehc(hff, preferred=[hff], preferred_usage=PRUNE_BY_PREFERRED)', '--internal-plan-file', 'sas_plan'])
INFO     callstring: /ais/krcomp13/loyzer/fd/rrws_fd/builds/release32/bin/downward --heuristic 'hff=ff()' --search 'ehc(hff, preferred=[hff], preferred_usage=PRUNE_BY_PREFERRED)' --internal-plan-file sas_plan < output
time limit 600.00 -> (600, 601)
reading input... [t=7.0556e-05s]
Simplifying transitions... done!
done reading input! [t=0.0106865s]
packing state variables...done! [t=0.0107095s]
Variables: 27
Facts: 210
Bytes per state: 12
Building successor generator...done! [t=0.0115739s]
done initalizing global data [t=0.0115799s]

====
Use-Pref = 1
====
Pruning by preferred ops, use_preferred = 1
Conducting enforced hill-climbing search, (real) bound = 2147483647
Using preferred operators for pruning
Initializing FF heuristic...
Initializing additive heuristic...
Simplifying 1326 unary operators... done! [1014 unary operators]
Initial heuristic value for ff: 25
initialize g_value = -1
initialize g_value = -1node.g = 0
New best heuristic value for ff: 25
New best heuristic value for ff: 24
New best heuristic value for ff: 23
New best heuristic value for ff: 22
New best heuristic value for ff: 21
New best heuristic value for ff: 20
New best heuristic value for ff: 19
New best heuristic value for ff: 18
New best heuristic value for ff: 17
New best heuristic value for ff: 16
New best heuristic value for ff: 15
New best heuristic value for ff: 14
New best heuristic value for ff: 13
New best heuristic value for ff: 11
New best heuristic value for ff: 9
New best heuristic value for ff: 8
New best heuristic value for ff: 6
New best heuristic value for ff: 4
New best heuristic value for ff: 2
New best heuristic value for ff: 1
New best heuristic value for ff: 0
Solution found!
tracing path..
#597 <- #596 <- #595 <- #592 <- #590 <- #588 <- #587 <- #586 <- #585 <- #584 <- #583 <- #581 <- #580 <- #577 <- #575 <- #557 <- #536 <- #521 <- #511 <- #504 <- #499 <- #495 <- #492 <- #490 <- #489 <- #486 <- #483 <- #479 <- #478 <- #419 <- #346 <- #318 <- #290 <- #280 <- #271 <- #267 <- #262 <- #260 <- #258 <- #255 <- #254 <- #250 <- #248 <- #242 <- #241 <- #169 <- #135 <- #106 <- #95 <- #84 <- #80 <- #77 <- #76 <- #72 <- #71 <- #66 <- #64 <- #55 <- #46 <- #39 <- #34 <- #31 <- #30 <- #26 <- #24 <- #20 <- #19 <- #16 <- #13 <- #11 <- #9 <- #7 <- #6 <- #5 <- #3 <- #1 <- #0 <- Actual search time: 0.0152297s [t=0.0288877s]
Plan length: 76 step(s).
Plan cost: 76
No Solution Found.
Expanded 597 state(s).
Reopened 0 state(s).
Evaluated 598 state(s).
Evaluations: 598
Generated 1108 state(s).
Dead ends: 0 state(s).
EHC phases: 20
Average expansions per EHC phase: 29.85
EHC phases of depth 1: 2 - Avg. Expansions: 1
EHC phases of depth 2: 12 - Avg. Expansions: 5.16667
EHC phases of depth 6: 1 - Avg. Expansions: 34
EHC phases of depth 8: 3 - Avg. Expansions: 64.3333
EHC phases of depth 10: 2 - Avg. Expansions: 153
Search time: 0.0169948s
Total time: 0.0288918s
Solution found.
Peak memory: 6048 KB
INFO     Running validate.
INFO     validate input: ['/ais/krcomp13/loyzer/fd/rrws_fd/benchmarks/blocks/domain.pddl', '/ais/krcomp13/loyzer/fd/rrws_fd/benchmarks/blocks/probBLOCKS-13-1.pddl', 'sas_plan']
INFO     validate arguments: []
INFO     validate time limit: None
INFO     validate memory limit: None
