nickname: EHC_BFS_DD
params = --search-time-limit 10m --search-memory-limit 2G /ais/krcomp13/loyzer/fd/rrws_fd/benchmarks/blocks/probBLOCKS-9-2.pddl --search ehc(h=ff())
INFO     Running translator.
INFO     translator input: ['/ais/krcomp13/loyzer/fd/rrws_fd/benchmarks/blocks/domain.pddl', '/ais/krcomp13/loyzer/fd/rrws_fd/benchmarks/blocks/probBLOCKS-9-2.pddl']
INFO     translator arguments: []
INFO     translator time limit: None
INFO     translator memory limit: None
INFO     callstring: /usr/bin/python2.7 /ais/krcomp13/loyzer/fd/rrws_fd/builds/release32/bin/translate/translate.py /ais/krcomp13/loyzer/fd/rrws_fd/benchmarks/blocks/domain.pddl /ais/krcomp13/loyzer/fd/rrws_fd/benchmarks/blocks/probBLOCKS-9-2.pddl
Parsing...
Parsing: [0.000s CPU, 0.002s wall-clock]
Normalizing task... [0.000s CPU, 0.000s wall-clock]
Instantiating...
Generating Datalog program... [0.000s CPU, 0.000s wall-clock]
Normalizing Datalog program...
Normalizing Datalog program: [0.000s CPU, 0.002s wall-clock]
Preparing model... [0.000s CPU, 0.001s wall-clock]
Generated 21 rules.
Computing model... [0.010s CPU, 0.008s wall-clock]
308 relevant atoms
207 auxiliary atoms
515 final queue length
859 total queue pushes
Completing instantiation... [0.010s CPU, 0.012s wall-clock]
Instantiating: [0.020s CPU, 0.023s wall-clock]
Computing fact groups...
Finding invariants...
10 initial candidates
Finding invariants: [0.010s CPU, 0.007s wall-clock]
Checking invariant weight... [0.000s CPU, 0.000s wall-clock]
Instantiating groups... [0.000s CPU, 0.001s wall-clock]
Collecting mutex groups... [0.000s CPU, 0.000s wall-clock]
Choosing groups...
10 uncovered facts
Choosing groups: [0.000s CPU, 0.001s wall-clock]
Building translation key... [0.000s CPU, 0.000s wall-clock]
Computing fact groups: [0.010s CPU, 0.010s wall-clock]
Building STRIPS to SAS dictionary... [0.000s CPU, 0.000s wall-clock]
Building dictionary for full mutex groups... [0.000s CPU, 0.000s wall-clock]
Building mutex information...
Building mutex information: [0.000s CPU, 0.000s wall-clock]
Translating task...
Processing axioms...
Simplifying axioms... [0.000s CPU, 0.000s wall-clock]
Processing axioms: [0.000s CPU, 0.001s wall-clock]
Translating task: [0.020s CPU, 0.014s wall-clock]
234 effect conditions simplified
0 implied preconditions added
Detecting unreachable propositions...
0 operators removed
0 axioms removed
18 propositions removed
Detecting unreachable propositions: [0.000s CPU, 0.008s wall-clock]
Translator variables: 19
Translator derived variables: 0
Translator facts: 110
Translator goal facts: 8
Translator mutex groups: 19
Translator total mutex groups size: 190
Translator operators: 162
Translator axioms: 0
Translator task size: 1515
Translator peak memory: 29684 KB
Writing output... [0.010s CPU, 0.113s wall-clock]
Done! [0.060s CPU, 0.171s wall-clock]
INFO     Running preprocessor (release32).
INFO     preprocessor input: output.sas
INFO     preprocessor arguments: []
INFO     preprocessor time limit: None
INFO     preprocessor memory limit: None
INFO     callstring: /ais/krcomp13/loyzer/fd/rrws_fd/builds/release32/bin/preprocess < output.sas
Building causal graph...
The causal graph is not acyclic.
19 variables of 19 necessary
10 of 19 mutex groups necessary.
162 of 162 operators necessary.
0 of 0 axiom rules necessary.
Building domain transition graphs...
solveable in poly time 0
Building successor generator...
Preprocessor facts: 110
Preprocessor derived variables: 0
Preprocessor task size: 1425
Writing output...
done
INFO     Running search (release32).
INFO     search input: output
INFO     search arguments: ['--search', 'ehc(h=ff())']
INFO     search time limit: 600s
INFO     search memory limit: 2048 MB
INFO     search executable: /ais/krcomp13/loyzer/fd/rrws_fd/builds/release32/bin/downward
('calling component', '/ais/krcomp13/loyzer/fd/rrws_fd/builds/release32/bin/downward', ['--search', 'ehc(h=ff())', '--internal-plan-file', 'sas_plan'])
INFO     callstring: /ais/krcomp13/loyzer/fd/rrws_fd/builds/release32/bin/downward --search 'ehc(h=ff())' --internal-plan-file sas_plan < output
time limit 600.00 -> (600, 601)
reading input... [t=6.3689e-05s]
Simplifying transitions... done!
done reading input! [t=0.00516492s]
packing state variables...done! [t=0.00517731s]
Variables: 19
Facts: 110
Bytes per state: 8
Building successor generator...done! [t=0.00556592s]
done initalizing global data [t=0.00557105s]

====
Use-Pref = 0
====
Pruning by preferred ops, use_preferred = 0
Conducting enforced hill-climbing search, (real) bound = 2147483647
Initializing FF heuristic...
Initializing additive heuristic...
Simplifying 630 unary operators... done! [486 unary operators]
Initial heuristic value for h = ff: 17
initialize g_value = -1
initialize g_value = -1node.g = 0
New best heuristic value for h = ff: 17
New best heuristic value for h = ff: 16
New best heuristic value for h = ff: 15
New best heuristic value for h = ff: 14
New best heuristic value for h = ff: 13
New best heuristic value for h = ff: 11
New best heuristic value for h = ff: 10
New best heuristic value for h = ff: 8
New best heuristic value for h = ff: 7
New best heuristic value for h = ff: 5
New best heuristic value for h = ff: 3
New best heuristic value for h = ff: 2
New best heuristic value for h = ff: 1
New best heuristic value for h = ff: 0
Solution found!
tracing path..
#774 <- #773 <- #772 <- #768 <- #766 <- #764 <- #763 <- #761 <- #760 <- #758 <- #757 <- #754 <- #752 <- #747 <- #745 <- #727 <- #720 <- #716 <- #714 <- #708 <- #706 <- #700 <- #698 <- #345 <- #161 <- #91 <- #55 <- #42 <- #35 <- #32 <- #28 <- #24 <- #20 <- #17 <- #16 <- #12 <- #11 <- #6 <- #4 <- #2 <- #0 <- Actual search time: 0.0131678s [t=0.019888s]
Plan length: 40 step(s).
Plan cost: 40
No Solution Found.
Expanded 774 state(s).
Reopened 0 state(s).
Evaluated 775 state(s).
Evaluations: 775
Generated 1315 state(s).
Dead ends: 0 state(s).
EHC phases: 13
Average expansions per EHC phase: 59.5385
EHC phases of depth 1: 2 - Avg. Expansions: 1
EHC phases of depth 2: 7 - Avg. Expansions: 5.57143
EHC phases of depth 4: 3 - Avg. Expansions: 17
EHC phases of depth 12: 1 - Avg. Expansions: 682
Search time: 0.0140586s
Total time: 0.0198921s
Solution found.
Peak memory: 5776 KB
INFO     Running validate.
INFO     validate input: ['/ais/krcomp13/loyzer/fd/rrws_fd/benchmarks/blocks/domain.pddl', '/ais/krcomp13/loyzer/fd/rrws_fd/benchmarks/blocks/probBLOCKS-9-2.pddl', 'sas_plan']
INFO     validate arguments: []
INFO     validate time limit: None
INFO     validate memory limit: None
