nickname: EHC_BFS_DD_PREF_PRUNE
params = --search-time-limit 10m --search-memory-limit 2G /ais/krcomp13/loyzer/fd/rrws_fd/benchmarks/blocks/probBLOCKS-12-1.pddl --heuristic hff=ff() --search ehc(hff, preferred=[hff], preferred_usage=PRUNE_BY_PREFERRED)
INFO     Running translator.
INFO     translator input: ['/ais/krcomp13/loyzer/fd/rrws_fd/benchmarks/blocks/domain.pddl', '/ais/krcomp13/loyzer/fd/rrws_fd/benchmarks/blocks/probBLOCKS-12-1.pddl']
INFO     translator arguments: []
INFO     translator time limit: None
INFO     translator memory limit: None
INFO     callstring: /usr/bin/python2.7 /ais/krcomp13/loyzer/fd/rrws_fd/builds/release32/bin/translate/translate.py /ais/krcomp13/loyzer/fd/rrws_fd/benchmarks/blocks/domain.pddl /ais/krcomp13/loyzer/fd/rrws_fd/benchmarks/blocks/probBLOCKS-12-1.pddl
Parsing...
Parsing: [0.000s CPU, 0.002s wall-clock]
Normalizing task... [0.010s CPU, 0.000s wall-clock]
Instantiating...
Generating Datalog program... [0.000s CPU, 0.000s wall-clock]
Normalizing Datalog program...
Normalizing Datalog program: [0.000s CPU, 0.002s wall-clock]
Preparing model... [0.000s CPU, 0.001s wall-clock]
Generated 21 rules.
Computing model... [0.010s CPU, 0.013s wall-clock]
518 relevant atoms
348 auxiliary atoms
866 final queue length
1468 total queue pushes
Completing instantiation... [0.020s CPU, 0.024s wall-clock]
Instantiating: [0.030s CPU, 0.040s wall-clock]
Computing fact groups...
Finding invariants...
10 initial candidates
Finding invariants: [0.010s CPU, 0.007s wall-clock]
Checking invariant weight... [0.000s CPU, 0.000s wall-clock]
Instantiating groups... [0.000s CPU, 0.001s wall-clock]
Collecting mutex groups... [0.000s CPU, 0.000s wall-clock]
Choosing groups...
13 uncovered facts
Choosing groups: [0.000s CPU, 0.001s wall-clock]
Building translation key... [0.000s CPU, 0.000s wall-clock]
Computing fact groups: [0.020s CPU, 0.012s wall-clock]
Building STRIPS to SAS dictionary... [0.000s CPU, 0.000s wall-clock]
Building dictionary for full mutex groups... [0.000s CPU, 0.000s wall-clock]
Building mutex information...
Building mutex information: [0.000s CPU, 0.001s wall-clock]
Translating task...
Processing axioms...
Simplifying axioms... [0.000s CPU, 0.000s wall-clock]
Processing axioms: [0.000s CPU, 0.001s wall-clock]
Translating task: [0.040s CPU, 0.039s wall-clock]
420 effect conditions simplified
0 implied preconditions added
Detecting unreachable propositions...
0 operators removed
0 axioms removed
24 propositions removed
Detecting unreachable propositions: [0.020s CPU, 0.022s wall-clock]
Translator variables: 25
Translator derived variables: 0
Translator facts: 182
Translator goal facts: 11
Translator mutex groups: 25
Translator total mutex groups size: 325
Translator operators: 288
Translator axioms: 0
Translator task size: 2667
Translator peak memory: 30840 KB
Writing output... [0.010s CPU, 0.165s wall-clock]
Done! [0.130s CPU, 0.283s wall-clock]
INFO     Running preprocessor (release32).
INFO     preprocessor input: output.sas
INFO     preprocessor arguments: []
INFO     preprocessor time limit: None
INFO     preprocessor memory limit: None
INFO     callstring: /ais/krcomp13/loyzer/fd/rrws_fd/builds/release32/bin/preprocess < output.sas
Building causal graph...
The causal graph is not acyclic.
25 variables of 25 necessary
13 of 25 mutex groups necessary.
288 of 288 operators necessary.
0 of 0 axiom rules necessary.
Building domain transition graphs...
solveable in poly time 0
Building successor generator...
Preprocessor facts: 182
Preprocessor derived variables: 0
Preprocessor task size: 2511
Writing output...
done
INFO     Running search (release32).
INFO     search input: output
INFO     search arguments: ['--heuristic', 'hff=ff()', '--search', 'ehc(hff, preferred=[hff], preferred_usage=PRUNE_BY_PREFERRED)']
INFO     search time limit: 600s
INFO     search memory limit: 2048 MB
INFO     search executable: /ais/krcomp13/loyzer/fd/rrws_fd/builds/release32/bin/downward
('calling component', '/ais/krcomp13/loyzer/fd/rrws_fd/builds/release32/bin/downward', ['--heuristic', 'hff=ff()', '--search', 'ehc(hff, preferred=[hff], preferred_usage=PRUNE_BY_PREFERRED)', '--internal-plan-file', 'sas_plan'])
INFO     callstring: /ais/krcomp13/loyzer/fd/rrws_fd/builds/release32/bin/downward --heuristic 'hff=ff()' --search 'ehc(hff, preferred=[hff], preferred_usage=PRUNE_BY_PREFERRED)' --internal-plan-file sas_plan < output
time limit 600.00 -> (600, 601)
reading input... [t=6.8065e-05s]
Simplifying transitions... done!
done reading input! [t=0.00922562s]
packing state variables...done! [t=0.00923874s]
Variables: 25
Facts: 182
Bytes per state: 8
Building successor generator...done! [t=0.0100036s]
done initalizing global data [t=0.010014s]

====
Use-Pref = 1
====
Pruning by preferred ops, use_preferred = 1
Conducting enforced hill-climbing search, (real) bound = 2147483647
Using preferred operators for pruning
Initializing FF heuristic...
Initializing additive heuristic...
Simplifying 1128 unary operators... done! [864 unary operators]
Initial heuristic value for ff: 22
initialize g_value = -1
initialize g_value = -1node.g = 0
New best heuristic value for ff: 22
New best heuristic value for ff: 21
No solution - FAILED
Actual search time: 0.000452063s [t=0.0122738s]
No Solution Found.
Expanded 19 state(s).
Reopened 0 state(s).
Evaluated 19 state(s).
Evaluations: 19
Generated 28 state(s).
Dead ends: 0 state(s).
EHC phases: 1
Average expansions per EHC phase: 19
EHC phases of depth 6: 1 - Avg. Expansions: 16
Search time: 0.00194926s
Total time: 0.0122777s
Search stopped without finding a solution.
Peak memory: 5916 KB
INFO     Running validate.
INFO     validate input: ['/ais/krcomp13/loyzer/fd/rrws_fd/benchmarks/blocks/domain.pddl', '/ais/krcomp13/loyzer/fd/rrws_fd/benchmarks/blocks/probBLOCKS-12-1.pddl']
INFO     validate arguments: []
INFO     validate time limit: None
INFO     validate memory limit: None
