nickname: EHC_BFS_DD
params = --search-time-limit 10m --search-memory-limit 2G /ais/krcomp13/loyzer/fd/rrws_fd/benchmarks/blocks/probBLOCKS-16-2.pddl --search ehc(h=ff())
INFO     Running translator.
INFO     translator input: ['/ais/krcomp13/loyzer/fd/rrws_fd/benchmarks/blocks/domain.pddl', '/ais/krcomp13/loyzer/fd/rrws_fd/benchmarks/blocks/probBLOCKS-16-2.pddl']
INFO     translator arguments: []
INFO     translator time limit: None
INFO     translator memory limit: None
INFO     callstring: /usr/bin/python2.7 /ais/krcomp13/loyzer/fd/rrws_fd/builds/release32/bin/translate/translate.py /ais/krcomp13/loyzer/fd/rrws_fd/benchmarks/blocks/domain.pddl /ais/krcomp13/loyzer/fd/rrws_fd/benchmarks/blocks/probBLOCKS-16-2.pddl
Parsing...
Parsing: [0.000s CPU, 0.002s wall-clock]
Normalizing task... [0.000s CPU, 0.000s wall-clock]
Instantiating...
Generating Datalog program... [0.000s CPU, 0.000s wall-clock]
Normalizing Datalog program...
Normalizing Datalog program: [0.000s CPU, 0.002s wall-clock]
Preparing model... [0.000s CPU, 0.001s wall-clock]
Generated 21 rules.
Computing model... [0.030s CPU, 0.023s wall-clock]
882 relevant atoms
592 auxiliary atoms
1474 final queue length
2532 total queue pushes
Completing instantiation... [0.030s CPU, 0.035s wall-clock]
Instantiating: [0.060s CPU, 0.061s wall-clock]
Computing fact groups...
Finding invariants...
10 initial candidates
Finding invariants: [0.010s CPU, 0.007s wall-clock]
Checking invariant weight... [0.000s CPU, 0.000s wall-clock]
Instantiating groups... [0.000s CPU, 0.002s wall-clock]
Collecting mutex groups... [0.000s CPU, 0.000s wall-clock]
Choosing groups...
17 uncovered facts
Choosing groups: [0.000s CPU, 0.002s wall-clock]
Building translation key... [0.010s CPU, 0.001s wall-clock]
Computing fact groups: [0.020s CPU, 0.015s wall-clock]
Building STRIPS to SAS dictionary... [0.000s CPU, 0.000s wall-clock]
Building dictionary for full mutex groups... [0.000s CPU, 0.001s wall-clock]
Building mutex information...
Building mutex information: [0.000s CPU, 0.001s wall-clock]
Translating task...
Processing axioms...
Simplifying axioms... [0.000s CPU, 0.000s wall-clock]
Processing axioms: [0.000s CPU, 0.002s wall-clock]
Translating task: [0.040s CPU, 0.045s wall-clock]
752 effect conditions simplified
0 implied preconditions added
Detecting unreachable propositions...
0 operators removed
0 axioms removed
32 propositions removed
Detecting unreachable propositions: [0.030s CPU, 0.023s wall-clock]
Translator variables: 33
Translator derived variables: 0
Translator facts: 306
Translator goal facts: 15
Translator mutex groups: 33
Translator total mutex groups size: 561
Translator operators: 512
Translator axioms: 0
Translator task size: 4707
Translator peak memory: 33040 KB
Writing output... [0.000s CPU, 0.072s wall-clock]
Done! [0.150s CPU, 0.222s wall-clock]
INFO     Running preprocessor (release32).
INFO     preprocessor input: output.sas
INFO     preprocessor arguments: []
INFO     preprocessor time limit: None
INFO     preprocessor memory limit: None
INFO     callstring: /ais/krcomp13/loyzer/fd/rrws_fd/builds/release32/bin/preprocess < output.sas
Building causal graph...
The causal graph is not acyclic.
33 variables of 33 necessary
17 of 33 mutex groups necessary.
512 of 512 operators necessary.
0 of 0 axiom rules necessary.
Building domain transition graphs...
solveable in poly time 0
Building successor generator...
Preprocessor facts: 306
Preprocessor derived variables: 0
Preprocessor task size: 4435
Writing output...
done
INFO     Running search (release32).
INFO     search input: output
INFO     search arguments: ['--search', 'ehc(h=ff())']
INFO     search time limit: 600s
INFO     search memory limit: 2048 MB
INFO     search executable: /ais/krcomp13/loyzer/fd/rrws_fd/builds/release32/bin/downward
('calling component', '/ais/krcomp13/loyzer/fd/rrws_fd/builds/release32/bin/downward', ['--search', 'ehc(h=ff())', '--internal-plan-file', 'sas_plan'])
INFO     callstring: /ais/krcomp13/loyzer/fd/rrws_fd/builds/release32/bin/downward --search 'ehc(h=ff())' --internal-plan-file sas_plan < output
time limit 600.00 -> (600, 601)
reading input... [t=6.3006e-05s]
Simplifying transitions... done!
done reading input! [t=0.016411s]
packing state variables...done! [t=0.0164395s]
Variables: 33
Facts: 306
Bytes per state: 16
Building successor generator...done! [t=0.0179575s]
done initalizing global data [t=0.0179647s]

====
Use-Pref = 0
====
Pruning by preferred ops, use_preferred = 0
Conducting enforced hill-climbing search, (real) bound = 2147483647
Initializing FF heuristic...
Initializing additive heuristic...
Simplifying 2016 unary operators... done! [1536 unary operators]
Initial heuristic value for h = ff: 28
initialize g_value = -1
initialize g_value = -1node.g = 0
New best heuristic value for h = ff: 28
New best heuristic value for h = ff: 27
New best heuristic value for h = ff: 26
New best heuristic value for h = ff: 25
New best heuristic value for h = ff: 24
New best heuristic value for h = ff: 23
New best heuristic value for h = ff: 22
New best heuristic value for h = ff: 21
New best heuristic value for h = ff: 20
New best heuristic value for h = ff: 19
No solution - FAILED
Actual search time: 89.1566s [t=89.1775s]
No Solution Found.
Expanded 2032004 state(s).
Reopened 0 state(s).
Evaluated 2032004 state(s).
Evaluations: 2032004
Generated 4081774 state(s).
Dead ends: 0 state(s).
EHC phases: 9
Average expansions per EHC phase: 225778
EHC phases of depth 4: 3 - Avg. Expansions: 48.3333
EHC phases of depth 6: 4 - Avg. Expansions: 205
EHC phases of depth 8: 1 - Avg. Expansions: 2053
EHC phases of depth 18: 1 - Avg. Expansions: 2.02898e+06
Search time: 89.1593s
Total time: 89.1775s
Search stopped without finding a solution.
Peak memory: 199408 KB
INFO     Running validate.
INFO     validate input: ['/ais/krcomp13/loyzer/fd/rrws_fd/benchmarks/blocks/domain.pddl', '/ais/krcomp13/loyzer/fd/rrws_fd/benchmarks/blocks/probBLOCKS-16-2.pddl']
INFO     validate arguments: []
INFO     validate time limit: None
INFO     validate memory limit: None
