nickname: EHC_LUBY_PREF0.9
params = --search-time-limit 10m --search-memory-limit 2G /ais/krcomp13/loyzer/fd/rrws_fd/benchmarks/blocks/probBLOCKS-15-1.pddl --heuristic hff=ff() --search ehc_rw(h=hff, restart=luby, preferred=[hff], pref_prob=0.9)
INFO     Running translator.
INFO     translator input: ['/ais/krcomp13/loyzer/fd/rrws_fd/benchmarks/blocks/domain.pddl', '/ais/krcomp13/loyzer/fd/rrws_fd/benchmarks/blocks/probBLOCKS-15-1.pddl']
INFO     translator arguments: []
INFO     translator time limit: None
INFO     translator memory limit: None
INFO     callstring: /usr/bin/python2.7 /ais/krcomp13/loyzer/fd/rrws_fd/builds/release32/bin/translate/translate.py /ais/krcomp13/loyzer/fd/rrws_fd/benchmarks/blocks/domain.pddl /ais/krcomp13/loyzer/fd/rrws_fd/benchmarks/blocks/probBLOCKS-15-1.pddl
Parsing...
Parsing: [0.000s CPU, 0.002s wall-clock]
Normalizing task... [0.000s CPU, 0.000s wall-clock]
Instantiating...
Generating Datalog program... [0.010s CPU, 0.000s wall-clock]
Normalizing Datalog program...
Normalizing Datalog program: [0.000s CPU, 0.003s wall-clock]
Preparing model... [0.000s CPU, 0.001s wall-clock]
Generated 21 rules.
Computing model... [0.010s CPU, 0.020s wall-clock]
782 relevant atoms
525 auxiliary atoms
1307 final queue length
2239 total queue pushes
Completing instantiation... [0.040s CPU, 0.031s wall-clock]
Instantiating: [0.060s CPU, 0.055s wall-clock]
Computing fact groups...
Finding invariants...
10 initial candidates
Finding invariants: [0.000s CPU, 0.007s wall-clock]
Checking invariant weight... [0.000s CPU, 0.000s wall-clock]
Instantiating groups... [0.000s CPU, 0.002s wall-clock]
Collecting mutex groups... [0.000s CPU, 0.000s wall-clock]
Choosing groups...
16 uncovered facts
Choosing groups: [0.000s CPU, 0.002s wall-clock]
Building translation key... [0.000s CPU, 0.000s wall-clock]
Computing fact groups: [0.010s CPU, 0.014s wall-clock]
Building STRIPS to SAS dictionary... [0.000s CPU, 0.000s wall-clock]
Building dictionary for full mutex groups... [0.000s CPU, 0.001s wall-clock]
Building mutex information...
Building mutex information: [0.000s CPU, 0.001s wall-clock]
Translating task...
Processing axioms...
Simplifying axioms... [0.000s CPU, 0.000s wall-clock]
Processing axioms: [0.000s CPU, 0.001s wall-clock]
Translating task: [0.040s CPU, 0.038s wall-clock]
660 effect conditions simplified
0 implied preconditions added
Detecting unreachable propositions...
0 operators removed
0 axioms removed
30 propositions removed
Detecting unreachable propositions: [0.020s CPU, 0.019s wall-clock]
Translator variables: 31
Translator derived variables: 0
Translator facts: 272
Translator goal facts: 14
Translator mutex groups: 31
Translator total mutex groups size: 496
Translator operators: 450
Translator axioms: 0
Translator task size: 4143
Translator peak memory: 32508 KB
Writing output... [0.010s CPU, 0.060s wall-clock]
Done! [0.140s CPU, 0.193s wall-clock]
INFO     Running preprocessor (release32).
INFO     preprocessor input: output.sas
INFO     preprocessor arguments: []
INFO     preprocessor time limit: None
INFO     preprocessor memory limit: None
INFO     callstring: /ais/krcomp13/loyzer/fd/rrws_fd/builds/release32/bin/preprocess < output.sas
Building causal graph...
The causal graph is not acyclic.
31 variables of 31 necessary
16 of 31 mutex groups necessary.
450 of 450 operators necessary.
0 of 0 axiom rules necessary.
Building domain transition graphs...
solveable in poly time 0
Building successor generator...
Preprocessor facts: 272
Preprocessor derived variables: 0
Preprocessor task size: 3903
Writing output...
done
INFO     Running search (release32).
INFO     search input: output
INFO     search arguments: ['--heuristic', 'hff=ff()', '--search', 'ehc_rw(h=hff, restart=luby, preferred=[hff], pref_prob=0.9)']
INFO     search time limit: 600s
INFO     search memory limit: 2048 MB
INFO     search executable: /ais/krcomp13/loyzer/fd/rrws_fd/builds/release32/bin/downward
('calling component', '/ais/krcomp13/loyzer/fd/rrws_fd/builds/release32/bin/downward', ['--heuristic', 'hff=ff()', '--search', 'ehc_rw(h=hff, restart=luby, preferred=[hff], pref_prob=0.9)', '--internal-plan-file', 'sas_plan'])
INFO     callstring: /ais/krcomp13/loyzer/fd/rrws_fd/builds/release32/bin/downward --heuristic 'hff=ff()' --search 'ehc_rw(h=hff, restart=luby, preferred=[hff], pref_prob=0.9)' --internal-plan-file sas_plan < output
time limit 600.00 -> (600, 601)
reading input... [t=6.6983e-05s]
Simplifying transitions... done!
done reading input! [t=0.0144308s]
packing state variables...done! [t=0.0144583s]
Variables: 31
Facts: 272
Bytes per state: 12
Building successor generator...done! [t=0.0156885s]
done initalizing global data [t=0.0156952s]
===Preferred Usage===1 , DO NOTHING
===---------===
Conducting enforced hill-climbing search, (real) bound = 2147483647
Using preferred operators for pruning
Initializing FF heuristic...
Initializing additive heuristic...
Simplifying 1770 unary operators... done! [1350 unary operators]
Initial heuristic value for ff: 28
New best heuristic value for ff: 28
Entering RWs: to beat: 28
New best heuristic value for ff: 27
Entering RWs: to beat: 27
New best heuristic value for ff: 26
Entering RWs: to beat: 26
New best heuristic value for ff: 25
Entering RWs: to beat: 25
New best heuristic value for ff: 24
Entering RWs: to beat: 24
New best heuristic value for ff: 23
Entering RWs: to beat: 23
New best heuristic value for ff: 22
Entering RWs: to beat: 22
New best heuristic value for ff: 21
Entering RWs: to beat: 21
New best heuristic value for ff: 20
Entering RWs: to beat: 20
New best heuristic value for ff: 19
Entering RWs: to beat: 19
New best heuristic value for ff: 18
Entering RWs: to beat: 18
New best heuristic value for ff: 17
Entering RWs: to beat: 17
New best heuristic value for ff: 16
Entering RWs: to beat: 16
New best heuristic value for ff: 15
Entering RWs: to beat: 15
New best heuristic value for ff: 14
Entering RWs: to beat: 14
New best heuristic value for ff: 13
Entering RWs: to beat: 13
New best heuristic value for ff: 12
Entering RWs: to beat: 12
New best heuristic value for ff: 11
Entering RWs: to beat: 11
New best heuristic value for ff: 10
Entering RWs: to beat: 10
New best heuristic value for ff: 9
Entering RWs: to beat: 9
New best heuristic value for ff: 8
Entering RWs: to beat: 8
New best heuristic value for ff: 7
Entering RWs: to beat: 7
New best heuristic value for ff: 6
Entering RWs: to beat: 6
New best heuristic value for ff: 5
Entering RWs: to beat: 5
New best heuristic value for ff: 3
Entering RWs: to beat: 3
New best heuristic value for ff: 2
New best heuristic value for ff: 1
New best heuristic value for ff: 0
Solution found!
#0Actual search time: 0.458936s [t=0.477334s]
Plan length: 780 step(s).
Plan cost: 780
Plan Length: 780
Plan Cost: 780
Expanded 64387 state(s).
Reopened 0 state(s).
Evaluated 32270 state(s).
Evaluations: 10665
Generated 32280 state(s).
Dead ends: 0 state(s).
For last execution: 
EHC phases: 2
Average expansions per EHC phase: 0
EHC phases of depth 1: 2 - Avg. Expansions: 1
Search time: 0.461253s
Total time: 0.477347s
Solution found.
Peak memory: 6728 KB
INFO     Running validate.
INFO     validate input: ['/ais/krcomp13/loyzer/fd/rrws_fd/benchmarks/blocks/domain.pddl', '/ais/krcomp13/loyzer/fd/rrws_fd/benchmarks/blocks/probBLOCKS-15-1.pddl', 'sas_plan']
INFO     validate arguments: []
INFO     validate time limit: None
INFO     validate memory limit: None
