nickname: EHC_BFS_DD_PREF_PRUNE
params = --search-time-limit 10m --search-memory-limit 2G /ais/krcomp13/loyzer/fd/rrws_fd/benchmarks/blocks/probBLOCKS-11-2.pddl --heuristic hff=ff() --search ehc(hff, preferred=[hff], preferred_usage=PRUNE_BY_PREFERRED)
INFO     Running translator.
INFO     translator input: ['/ais/krcomp13/loyzer/fd/rrws_fd/benchmarks/blocks/domain.pddl', '/ais/krcomp13/loyzer/fd/rrws_fd/benchmarks/blocks/probBLOCKS-11-2.pddl']
INFO     translator arguments: []
INFO     translator time limit: None
INFO     translator memory limit: None
INFO     callstring: /usr/bin/python2.7 /ais/krcomp13/loyzer/fd/rrws_fd/builds/release32/bin/translate/translate.py /ais/krcomp13/loyzer/fd/rrws_fd/benchmarks/blocks/domain.pddl /ais/krcomp13/loyzer/fd/rrws_fd/benchmarks/blocks/probBLOCKS-11-2.pddl
Parsing...
Parsing: [0.000s CPU, 0.003s wall-clock]
Normalizing task... [0.000s CPU, 0.000s wall-clock]
Instantiating...
Generating Datalog program... [0.000s CPU, 0.001s wall-clock]
Normalizing Datalog program...
Normalizing Datalog program: [0.010s CPU, 0.003s wall-clock]
Preparing model... [0.000s CPU, 0.001s wall-clock]
Generated 21 rules.
Computing model... [0.020s CPU, 0.019s wall-clock]
442 relevant atoms
297 auxiliary atoms
739 final queue length
1247 total queue pushes
Completing instantiation... [0.030s CPU, 0.029s wall-clock]
Instantiating: [0.060s CPU, 0.053s wall-clock]
Computing fact groups...
Finding invariants...
10 initial candidates
Finding invariants: [0.010s CPU, 0.011s wall-clock]
Checking invariant weight... [0.000s CPU, 0.001s wall-clock]
Instantiating groups... [0.000s CPU, 0.002s wall-clock]
Collecting mutex groups... [0.000s CPU, 0.000s wall-clock]
Choosing groups...
12 uncovered facts
Choosing groups: [0.000s CPU, 0.002s wall-clock]
Building translation key... [0.000s CPU, 0.000s wall-clock]
Computing fact groups: [0.010s CPU, 0.019s wall-clock]
Building STRIPS to SAS dictionary... [0.000s CPU, 0.000s wall-clock]
Building dictionary for full mutex groups... [0.000s CPU, 0.002s wall-clock]
Building mutex information...
Building mutex information: [0.000s CPU, 0.001s wall-clock]
Translating task...
Processing axioms...
Simplifying axioms... [0.000s CPU, 0.000s wall-clock]
Processing axioms: [0.000s CPU, 0.001s wall-clock]
Translating task: [0.030s CPU, 0.036s wall-clock]
352 effect conditions simplified
0 implied preconditions added
Detecting unreachable propositions...
0 operators removed
0 axioms removed
22 propositions removed
Detecting unreachable propositions: [0.020s CPU, 0.018s wall-clock]
Translator variables: 23
Translator derived variables: 0
Translator facts: 156
Translator goal facts: 10
Translator mutex groups: 23
Translator total mutex groups size: 276
Translator operators: 242
Translator axioms: 0
Translator task size: 2247
Translator peak memory: 30584 KB
Writing output... [0.010s CPU, 0.171s wall-clock]
Done! [0.140s CPU, 0.305s wall-clock]
INFO     Running preprocessor (release32).
INFO     preprocessor input: output.sas
INFO     preprocessor arguments: []
INFO     preprocessor time limit: None
INFO     preprocessor memory limit: None
INFO     callstring: /ais/krcomp13/loyzer/fd/rrws_fd/builds/release32/bin/preprocess < output.sas
Building causal graph...
The causal graph is not acyclic.
23 variables of 23 necessary
12 of 23 mutex groups necessary.
242 of 242 operators necessary.
0 of 0 axiom rules necessary.
Building domain transition graphs...
solveable in poly time 0
Building successor generator...
Preprocessor facts: 156
Preprocessor derived variables: 0
Preprocessor task size: 2115
Writing output...
done
INFO     Running search (release32).
INFO     search input: output
INFO     search arguments: ['--heuristic', 'hff=ff()', '--search', 'ehc(hff, preferred=[hff], preferred_usage=PRUNE_BY_PREFERRED)']
INFO     search time limit: 600s
INFO     search memory limit: 2048 MB
INFO     search executable: /ais/krcomp13/loyzer/fd/rrws_fd/builds/release32/bin/downward
('calling component', '/ais/krcomp13/loyzer/fd/rrws_fd/builds/release32/bin/downward', ['--heuristic', 'hff=ff()', '--search', 'ehc(hff, preferred=[hff], preferred_usage=PRUNE_BY_PREFERRED)', '--internal-plan-file', 'sas_plan'])
INFO     callstring: /ais/krcomp13/loyzer/fd/rrws_fd/builds/release32/bin/downward --heuristic 'hff=ff()' --search 'ehc(hff, preferred=[hff], preferred_usage=PRUNE_BY_PREFERRED)' --internal-plan-file sas_plan < output
time limit 600.00 -> (600, 601)
reading input... [t=0.000138735s]
Simplifying transitions... done!
done reading input! [t=0.00778529s]
packing state variables...done! [t=0.00779978s]
Variables: 23
Facts: 156
Bytes per state: 8
Building successor generator...done! [t=0.00841422s]
done initalizing global data [t=0.00842085s]

====
Use-Pref = 1
====
Pruning by preferred ops, use_preferred = 1
Conducting enforced hill-climbing search, (real) bound = 2147483647
Using preferred operators for pruning
Initializing FF heuristic...
Initializing additive heuristic...
Simplifying 946 unary operators... done! [726 unary operators]
Initial heuristic value for ff: 19
initialize g_value = -1
initialize g_value = -1node.g = 0
New best heuristic value for ff: 19
New best heuristic value for ff: 18
New best heuristic value for ff: 17
New best heuristic value for ff: 15
New best heuristic value for ff: 14
New best heuristic value for ff: 13
New best heuristic value for ff: 11
New best heuristic value for ff: 10
New best heuristic value for ff: 9
New best heuristic value for ff: 8
New best heuristic value for ff: 6
New best heuristic value for ff: 5
New best heuristic value for ff: 3
New best heuristic value for ff: 2
New best heuristic value for ff: 1
New best heuristic value for ff: 0
Solution found!
tracing path..
#300 <- #299 <- #298 <- #297 <- #296 <- #295 <- #294 <- #293 <- #292 <- #280 <- #272 <- #260 <- #254 <- #247 <- #244 <- #240 <- #238 <- #236 <- #235 <- #234 <- #233 <- #232 <- #231 <- #230 <- #229 <- #221 <- #211 <- #207 <- #202 <- #200 <- #198 <- #197 <- #196 <- #187 <- #184 <- #181 <- #180 <- #179 <- #177 <- #176 <- #175 <- #160 <- #146 <- #137 <- #132 <- #129 <- #127 <- #124 <- #122 <- #119 <- #116 <- #91 <- #81 <- #68 <- #65 <- #61 <- #60 <- #57 <- #54 <- #45 <- #37 <- #33 <- #31 <- #30 <- #27 <- #25 <- #24 <- #18 <- #11 <- #8 <- #4 <- #2 <- #0 <- Actual search time: 0.0054987s [t=0.0155418s]
Plan length: 72 step(s).
Plan cost: 72
No Solution Found.
Expanded 300 state(s).
Reopened 0 state(s).
Evaluated 301 state(s).
Evaluations: 301
Generated 526 state(s).
Dead ends: 0 state(s).
EHC phases: 15
Average expansions per EHC phase: 20
EHC phases of depth 1: 2 - Avg. Expansions: 1
EHC phases of depth 2: 5 - Avg. Expansions: 4.2
EHC phases of depth 4: 1 - Avg. Expansions: 4
EHC phases of depth 6: 3 - Avg. Expansions: 42.6667
EHC phases of depth 8: 3 - Avg. Expansions: 28
EHC phases of depth 14: 1 - Avg. Expansions: 61
Search time: 0.00679675s
Total time: 0.0155459s
Solution found.
Peak memory: 5908 KB
INFO     Running validate.
INFO     validate input: ['/ais/krcomp13/loyzer/fd/rrws_fd/benchmarks/blocks/domain.pddl', '/ais/krcomp13/loyzer/fd/rrws_fd/benchmarks/blocks/probBLOCKS-11-2.pddl', 'sas_plan']
INFO     validate arguments: []
INFO     validate time limit: None
INFO     validate memory limit: None
