nickname: EHC_BFS_DD_PREF_PRUNE
params = --search-time-limit 10m --search-memory-limit 2G /ais/krcomp13/loyzer/fd/rrws_fd/benchmarks/blocks/probBLOCKS-16-2.pddl --heuristic hff=ff() --search ehc(hff, preferred=[hff], preferred_usage=PRUNE_BY_PREFERRED)
INFO     Running translator.
INFO     translator input: ['/ais/krcomp13/loyzer/fd/rrws_fd/benchmarks/blocks/domain.pddl', '/ais/krcomp13/loyzer/fd/rrws_fd/benchmarks/blocks/probBLOCKS-16-2.pddl']
INFO     translator arguments: []
INFO     translator time limit: None
INFO     translator memory limit: None
INFO     callstring: /usr/bin/python2.7 /ais/krcomp13/loyzer/fd/rrws_fd/builds/release32/bin/translate/translate.py /ais/krcomp13/loyzer/fd/rrws_fd/benchmarks/blocks/domain.pddl /ais/krcomp13/loyzer/fd/rrws_fd/benchmarks/blocks/probBLOCKS-16-2.pddl
Parsing...
Parsing: [0.000s CPU, 0.002s wall-clock]
Normalizing task... [0.000s CPU, 0.000s wall-clock]
Instantiating...
Generating Datalog program... [0.000s CPU, 0.000s wall-clock]
Normalizing Datalog program...
Normalizing Datalog program: [0.000s CPU, 0.002s wall-clock]
Preparing model... [0.000s CPU, 0.001s wall-clock]
Generated 21 rules.
Computing model... [0.020s CPU, 0.023s wall-clock]
882 relevant atoms
592 auxiliary atoms
1474 final queue length
2532 total queue pushes
Completing instantiation... [0.040s CPU, 0.037s wall-clock]
Instantiating: [0.060s CPU, 0.064s wall-clock]
Computing fact groups...
Finding invariants...
10 initial candidates
Finding invariants: [0.010s CPU, 0.007s wall-clock]
Checking invariant weight... [0.000s CPU, 0.000s wall-clock]
Instantiating groups... [0.000s CPU, 0.002s wall-clock]
Collecting mutex groups... [0.000s CPU, 0.000s wall-clock]
Choosing groups...
17 uncovered facts
Choosing groups: [0.000s CPU, 0.002s wall-clock]
Building translation key... [0.000s CPU, 0.001s wall-clock]
Computing fact groups: [0.010s CPU, 0.016s wall-clock]
Building STRIPS to SAS dictionary... [0.000s CPU, 0.001s wall-clock]
Building dictionary for full mutex groups... [0.010s CPU, 0.001s wall-clock]
Building mutex information...
Building mutex information: [0.000s CPU, 0.002s wall-clock]
Translating task...
Processing axioms...
Simplifying axioms... [0.000s CPU, 0.000s wall-clock]
Processing axioms: [0.000s CPU, 0.003s wall-clock]
Translating task: [0.050s CPU, 0.053s wall-clock]
752 effect conditions simplified
0 implied preconditions added
Detecting unreachable propositions...
0 operators removed
0 axioms removed
32 propositions removed
Detecting unreachable propositions: [0.020s CPU, 0.023s wall-clock]
Translator variables: 33
Translator derived variables: 0
Translator facts: 306
Translator goal facts: 15
Translator mutex groups: 33
Translator total mutex groups size: 561
Translator operators: 512
Translator axioms: 0
Translator task size: 4707
Translator peak memory: 33032 KB
Writing output... [0.010s CPU, 0.071s wall-clock]
Done! [0.170s CPU, 0.235s wall-clock]
INFO     Running preprocessor (release32).
INFO     preprocessor input: output.sas
INFO     preprocessor arguments: []
INFO     preprocessor time limit: None
INFO     preprocessor memory limit: None
INFO     callstring: /ais/krcomp13/loyzer/fd/rrws_fd/builds/release32/bin/preprocess < output.sas
Building causal graph...
The causal graph is not acyclic.
33 variables of 33 necessary
17 of 33 mutex groups necessary.
512 of 512 operators necessary.
0 of 0 axiom rules necessary.
Building domain transition graphs...
solveable in poly time 0
Building successor generator...
Preprocessor facts: 306
Preprocessor derived variables: 0
Preprocessor task size: 4435
Writing output...
done
INFO     Running search (release32).
INFO     search input: output
INFO     search arguments: ['--heuristic', 'hff=ff()', '--search', 'ehc(hff, preferred=[hff], preferred_usage=PRUNE_BY_PREFERRED)']
INFO     search time limit: 600s
INFO     search memory limit: 2048 MB
INFO     search executable: /ais/krcomp13/loyzer/fd/rrws_fd/builds/release32/bin/downward
('calling component', '/ais/krcomp13/loyzer/fd/rrws_fd/builds/release32/bin/downward', ['--heuristic', 'hff=ff()', '--search', 'ehc(hff, preferred=[hff], preferred_usage=PRUNE_BY_PREFERRED)', '--internal-plan-file', 'sas_plan'])
INFO     callstring: /ais/krcomp13/loyzer/fd/rrws_fd/builds/release32/bin/downward --heuristic 'hff=ff()' --search 'ehc(hff, preferred=[hff], preferred_usage=PRUNE_BY_PREFERRED)' --internal-plan-file sas_plan < output
time limit 600.00 -> (600, 601)
reading input... [t=7.1134e-05s]
Simplifying transitions... done!
done reading input! [t=0.0164123s]
packing state variables...done! [t=0.0164411s]
Variables: 33
Facts: 306
Bytes per state: 16
Building successor generator...done! [t=0.0179709s]
done initalizing global data [t=0.0179779s]

====
Use-Pref = 1
====
Pruning by preferred ops, use_preferred = 1
Conducting enforced hill-climbing search, (real) bound = 2147483647
Using preferred operators for pruning
Initializing FF heuristic...
Initializing additive heuristic...
Simplifying 2016 unary operators... done! [1536 unary operators]
Initial heuristic value for ff: 28
initialize g_value = -1
initialize g_value = -1node.g = 0
New best heuristic value for ff: 28
New best heuristic value for ff: 27
New best heuristic value for ff: 26
New best heuristic value for ff: 25
New best heuristic value for ff: 24
New best heuristic value for ff: 23
New best heuristic value for ff: 22
New best heuristic value for ff: 21
New best heuristic value for ff: 20
New best heuristic value for ff: 19
New best heuristic value for ff: 18
New best heuristic value for ff: 17
New best heuristic value for ff: 16
New best heuristic value for ff: 14
New best heuristic value for ff: 13
New best heuristic value for ff: 12
New best heuristic value for ff: 11
New best heuristic value for ff: 10
New best heuristic value for ff: 9
New best heuristic value for ff: 7
New best heuristic value for ff: 5
New best heuristic value for ff: 4
New best heuristic value for ff: 2
New best heuristic value for ff: 1
New best heuristic value for ff: 0
Solution found!
tracing path..
#158979 <- #158978 <- #158977 <- #158975 <- #158974 <- #158968 <- #158965 <- #158961 <- #158959 <- #158957 <- #158955 <- #158954 <- #158953 <- #158952 <- #158951 <- #158949 <- #158948 <- #158945 <- #158944 <- #158932 <- #158926 <- #158919 <- #158916 <- #158913 <- #158911 <- #158910 <- #158908 <- #158907 <- #158906 <- #158895 <- #158887 <- #158881 <- #158878 <- #158876 <- #158875 <- #158846 <- #158838 <- #158827 <- #158824 <- #158821 <- #158820 <- #158816 <- #158815 <- #158809 <- #158808 <- #158802 <- #158801 <- #140951 <- #131765 <- #109712 <- #100376 <- #76992 <- #68857 <- #48460 <- #42697 <- #28203 <- #24666 <- #16196 <- #14355 <- #9762 <- #8735 <- #6318 <- #5791 <- #4371 <- #4047 <- #3269 <- #3106 <- #2627 <- #2537 <- #2309 <- #2269 <- #2141 <- #2114 <- #2071 <- #2062 <- #2024 <- #2013 <- #1997 <- #1991 <- #1962 <- #1953 <- #1937 <- #1931 <- #1914 <- #1909 <- #1899 <- #1894 <- #1884 <- #1881 <- #1878 <- #1877 <- #1875 <- #1874 <- #1873 <- #1872 <- #1750 <- #1451 <- #1385 <- #1231 <- #1193 <- #1127 <- #1104 <- #1070 <- #1061 <- #1051 <- #1046 <- #1042 <- #1040 <- #1038 <- #977 <- #938 <- #897 <- #878 <- #864 <- #859 <- #851 <- #849 <- #846 <- #845 <- #596 <- #464 <- #360 <- #322 <- #281 <- #268 <- #255 <- #250 <- #247 <- #245 <- #240 <- #238 <- #232 <- #229 <- #223 <- #220 <- #151 <- #109 <- #87 <- #72 <- #64 <- #58 <- #54 <- #53 <- #48 <- #41 <- #39 <- #36 <- #33 <- #29 <- #21 <- #19 <- #16 <- #15 <- #13 <- #9 <- #6 <- #4 <- #2 <- #0 <- Actual search time: 5.93706s [t=5.95802s]
Plan length: 158 step(s).
Plan cost: 158
No Solution Found.
Expanded 158979 state(s).
Reopened 0 state(s).
Evaluated 158980 state(s).
Evaluations: 158980
Generated 453438 state(s).
Dead ends: 0 state(s).
EHC phases: 24
Average expansions per EHC phase: 6624.12
EHC phases of depth 1: 2 - Avg. Expansions: 1
EHC phases of depth 2: 10 - Avg. Expansions: 6.1
EHC phases of depth 4: 2 - Avg. Expansions: 15.5
EHC phases of depth 6: 3 - Avg. Expansions: 33.6667
EHC phases of depth 8: 1 - Avg. Expansions: 167
EHC phases of depth 10: 4 - Avg. Expansions: 213.5
EHC phases of depth 14: 1 - Avg. Expansions: 834
EHC phases of depth 48: 1 - Avg. Expansions: 156929
Search time: 5.93973s
Total time: 5.95802s
Solution found.
Peak memory: 15932 KB
INFO     Running validate.
INFO     validate input: ['/ais/krcomp13/loyzer/fd/rrws_fd/benchmarks/blocks/domain.pddl', '/ais/krcomp13/loyzer/fd/rrws_fd/benchmarks/blocks/probBLOCKS-16-2.pddl', 'sas_plan']
INFO     validate arguments: []
INFO     validate time limit: None
INFO     validate memory limit: None
