nickname: EHC_BFS_DD_PREF_PRUNE
params = --search-time-limit 10m --search-memory-limit 2G /ais/krcomp13/loyzer/fd/rrws_fd/benchmarks/blocks/probBLOCKS-7-2.pddl --heuristic hff=ff() --search ehc(hff, preferred=[hff], preferred_usage=PRUNE_BY_PREFERRED)
INFO     Running translator.
INFO     translator input: ['/ais/krcomp13/loyzer/fd/rrws_fd/benchmarks/blocks/domain.pddl', '/ais/krcomp13/loyzer/fd/rrws_fd/benchmarks/blocks/probBLOCKS-7-2.pddl']
INFO     translator arguments: []
INFO     translator time limit: None
INFO     translator memory limit: None
INFO     callstring: /usr/bin/python2.7 /ais/krcomp13/loyzer/fd/rrws_fd/builds/release32/bin/translate/translate.py /ais/krcomp13/loyzer/fd/rrws_fd/benchmarks/blocks/domain.pddl /ais/krcomp13/loyzer/fd/rrws_fd/benchmarks/blocks/probBLOCKS-7-2.pddl
Parsing...
Parsing: [0.000s CPU, 0.003s wall-clock]
Normalizing task... [0.000s CPU, 0.000s wall-clock]
Instantiating...
Generating Datalog program... [0.000s CPU, 0.000s wall-clock]
Normalizing Datalog program...
Normalizing Datalog program: [0.000s CPU, 0.002s wall-clock]
Preparing model... [0.000s CPU, 0.001s wall-clock]
Generated 21 rules.
Computing model... [0.010s CPU, 0.009s wall-clock]
198 relevant atoms
133 auxiliary atoms
331 final queue length
543 total queue pushes
Completing instantiation... [0.010s CPU, 0.013s wall-clock]
Instantiating: [0.020s CPU, 0.027s wall-clock]
Computing fact groups...
Finding invariants...
10 initial candidates
Finding invariants: [0.010s CPU, 0.011s wall-clock]
Checking invariant weight... [0.000s CPU, 0.000s wall-clock]
Instantiating groups... [0.000s CPU, 0.001s wall-clock]
Collecting mutex groups... [0.000s CPU, 0.000s wall-clock]
Choosing groups...
8 uncovered facts
Choosing groups: [0.000s CPU, 0.001s wall-clock]
Building translation key... [0.000s CPU, 0.000s wall-clock]
Computing fact groups: [0.010s CPU, 0.015s wall-clock]
Building STRIPS to SAS dictionary... [0.010s CPU, 0.000s wall-clock]
Building dictionary for full mutex groups... [0.000s CPU, 0.000s wall-clock]
Building mutex information...
Building mutex information: [0.000s CPU, 0.001s wall-clock]
Translating task...
Processing axioms...
Simplifying axioms... [0.000s CPU, 0.000s wall-clock]
Processing axioms: [0.000s CPU, 0.001s wall-clock]
Translating task: [0.010s CPU, 0.016s wall-clock]
140 effect conditions simplified
0 implied preconditions added
Detecting unreachable propositions...
0 operators removed
0 axioms removed
14 propositions removed
Detecting unreachable propositions: [0.010s CPU, 0.008s wall-clock]
Translator variables: 15
Translator derived variables: 0
Translator facts: 72
Translator goal facts: 6
Translator mutex groups: 15
Translator total mutex groups size: 120
Translator operators: 98
Translator axioms: 0
Translator task size: 927
Translator peak memory: 29172 KB
Writing output... [0.000s CPU, 0.147s wall-clock]
Done! [0.060s CPU, 0.218s wall-clock]
INFO     Running preprocessor (release32).
INFO     preprocessor input: output.sas
INFO     preprocessor arguments: []
INFO     preprocessor time limit: None
INFO     preprocessor memory limit: None
INFO     callstring: /ais/krcomp13/loyzer/fd/rrws_fd/builds/release32/bin/preprocess < output.sas
Building causal graph...
The causal graph is not acyclic.
17 variables of 17 necessary
9 of 17 mutex groups necessary.
128 of 128 operators necessary.
0 of 0 axiom rules necessary.
Building domain transition graphs...
solveable in poly time 0
Building successor generator...
Preprocessor facts: 90
Preprocessor derived variables: 0
Preprocessor task size: 1131
Writing output...
done
INFO     Running search (release32).
INFO     search input: output
INFO     search arguments: ['--heuristic', 'hff=ff()', '--search', 'ehc(hff, preferred=[hff], preferred_usage=PRUNE_BY_PREFERRED)']
INFO     search time limit: 600s
INFO     search memory limit: 2048 MB
INFO     search executable: /ais/krcomp13/loyzer/fd/rrws_fd/builds/release32/bin/downward
('calling component', '/ais/krcomp13/loyzer/fd/rrws_fd/builds/release32/bin/downward', ['--heuristic', 'hff=ff()', '--search', 'ehc(hff, preferred=[hff], preferred_usage=PRUNE_BY_PREFERRED)', '--internal-plan-file', 'sas_plan'])
INFO     callstring: /ais/krcomp13/loyzer/fd/rrws_fd/builds/release32/bin/downward --heuristic 'hff=ff()' --search 'ehc(hff, preferred=[hff], preferred_usage=PRUNE_BY_PREFERRED)' --internal-plan-file sas_plan < output
time limit 600.00 -> (600, 601)
reading input... [t=7.9185e-05s]
Simplifying transitions... done!
done reading input! [t=0.00409342s]
packing state variables...done! [t=0.00410595s]
Variables: 17
Facts: 90
Bytes per state: 8
Building successor generator...done! [t=0.00441396s]
done initalizing global data [t=0.00441987s]

====
Use-Pref = 1
====
Pruning by preferred ops, use_preferred = 1
Conducting enforced hill-climbing search, (real) bound = 2147483647
Using preferred operators for pruning
Initializing FF heuristic...
Initializing additive heuristic...
Simplifying 496 unary operators... done! [384 unary operators]
Initial heuristic value for ff: 13
initialize g_value = -1
initialize g_value = -1node.g = 0
New best heuristic value for ff: 13
New best heuristic value for ff: 12
New best heuristic value for ff: 11
New best heuristic value for ff: 10
New best heuristic value for ff: 9
New best heuristic value for ff: 7
New best heuristic value for ff: 5
New best heuristic value for ff: 3
New best heuristic value for ff: 2
New best heuristic value for ff: 1
New best heuristic value for ff: 0
Solution found!
tracing path..
#94 <- #93 <- #92 <- #91 <- #90 <- #89 <- #88 <- #86 <- #84 <- #81 <- #80 <- #76 <- #75 <- #58 <- #40 <- #29 <- #24 <- #21 <- #20 <- #18 <- #17 <- #16 <- #15 <- #14 <- #12 <- #9 <- #8 <- #7 <- #6 <- #3 <- #0 <- Actual search time: 0.00117808s [t=0.00661362s]
Plan length: 30 step(s).
Plan cost: 30
No Solution Found.
Expanded 94 state(s).
Reopened 0 state(s).
Evaluated 95 state(s).
Evaluations: 95
Generated 158 state(s).
Dead ends: 0 state(s).
EHC phases: 10
Average expansions per EHC phase: 9.4
EHC phases of depth 1: 2 - Avg. Expansions: 1
EHC phases of depth 2: 5 - Avg. Expansions: 4.4
EHC phases of depth 4: 2 - Avg. Expansions: 5
EHC phases of depth 10: 1 - Avg. Expansions: 60
Search time: 0.00188709s
Total time: 0.00661773s
Solution found.
Peak memory: 5644 KB
INFO     Running validate.
INFO     validate input: ['/ais/krcomp13/loyzer/fd/rrws_fd/benchmarks/blocks/domain.pddl', '/ais/krcomp13/loyzer/fd/rrws_fd/benchmarks/blocks/probBLOCKS-7-2.pddl', 'sas_plan']
INFO     validate arguments: []
INFO     validate time limit: None
INFO     validate memory limit: None
