nickname: EHC_BFS_DD
params = --search-time-limit 10m --search-memory-limit 2G /ais/krcomp13/loyzer/fd/rrws_fd/benchmarks/blocks/probBLOCKS-12-0.pddl --search ehc(h=ff())
INFO     Running translator.
INFO     translator input: ['/ais/krcomp13/loyzer/fd/rrws_fd/benchmarks/blocks/domain.pddl', '/ais/krcomp13/loyzer/fd/rrws_fd/benchmarks/blocks/probBLOCKS-12-0.pddl']
INFO     translator arguments: []
INFO     translator time limit: None
INFO     translator memory limit: None
INFO     callstring: /usr/bin/python2.7 /ais/krcomp13/loyzer/fd/rrws_fd/builds/release32/bin/translate/translate.py /ais/krcomp13/loyzer/fd/rrws_fd/benchmarks/blocks/domain.pddl /ais/krcomp13/loyzer/fd/rrws_fd/benchmarks/blocks/probBLOCKS-12-0.pddl
Parsing...
Parsing: [0.000s CPU, 0.002s wall-clock]
Normalizing task... [0.000s CPU, 0.000s wall-clock]
Instantiating...
Generating Datalog program... [0.010s CPU, 0.000s wall-clock]
Normalizing Datalog program...
Normalizing Datalog program: [0.000s CPU, 0.002s wall-clock]
Preparing model... [0.000s CPU, 0.001s wall-clock]
Generated 21 rules.
Computing model... [0.020s CPU, 0.016s wall-clock]
518 relevant atoms
348 auxiliary atoms
866 final queue length
1469 total queue pushes
Completing instantiation... [0.020s CPU, 0.020s wall-clock]
Instantiating: [0.050s CPU, 0.041s wall-clock]
Computing fact groups...
Finding invariants...
10 initial candidates
Finding invariants: [0.000s CPU, 0.007s wall-clock]
Checking invariant weight... [0.000s CPU, 0.000s wall-clock]
Instantiating groups... [0.000s CPU, 0.001s wall-clock]
Collecting mutex groups... [0.000s CPU, 0.000s wall-clock]
Choosing groups...
13 uncovered facts
Choosing groups: [0.000s CPU, 0.001s wall-clock]
Building translation key... [0.000s CPU, 0.000s wall-clock]
Computing fact groups: [0.010s CPU, 0.012s wall-clock]
Building STRIPS to SAS dictionary... [0.000s CPU, 0.000s wall-clock]
Building dictionary for full mutex groups... [0.000s CPU, 0.000s wall-clock]
Building mutex information...
Building mutex information: [0.000s CPU, 0.001s wall-clock]
Translating task...
Processing axioms...
Simplifying axioms... [0.000s CPU, 0.000s wall-clock]
Processing axioms: [0.000s CPU, 0.001s wall-clock]
Translating task: [0.030s CPU, 0.027s wall-clock]
420 effect conditions simplified
0 implied preconditions added
Detecting unreachable propositions...
0 operators removed
0 axioms removed
24 propositions removed
Detecting unreachable propositions: [0.010s CPU, 0.013s wall-clock]
Translator variables: 25
Translator derived variables: 0
Translator facts: 182
Translator goal facts: 11
Translator mutex groups: 25
Translator total mutex groups size: 325
Translator operators: 288
Translator axioms: 0
Translator task size: 2667
Translator peak memory: 30844 KB
Writing output... [0.010s CPU, 0.144s wall-clock]
Done! [0.110s CPU, 0.242s wall-clock]
INFO     Running preprocessor (release32).
INFO     preprocessor input: output.sas
INFO     preprocessor arguments: []
INFO     preprocessor time limit: None
INFO     preprocessor memory limit: None
INFO     callstring: /ais/krcomp13/loyzer/fd/rrws_fd/builds/release32/bin/preprocess < output.sas
Building causal graph...
The causal graph is not acyclic.
25 variables of 25 necessary
13 of 25 mutex groups necessary.
288 of 288 operators necessary.
0 of 0 axiom rules necessary.
Building domain transition graphs...
solveable in poly time 0
Building successor generator...
Preprocessor facts: 182
Preprocessor derived variables: 0
Preprocessor task size: 2511
Writing output...
done
INFO     Running search (release32).
INFO     search input: output
INFO     search arguments: ['--search', 'ehc(h=ff())']
INFO     search time limit: 600s
INFO     search memory limit: 2048 MB
INFO     search executable: /ais/krcomp13/loyzer/fd/rrws_fd/builds/release32/bin/downward
('calling component', '/ais/krcomp13/loyzer/fd/rrws_fd/builds/release32/bin/downward', ['--search', 'ehc(h=ff())', '--internal-plan-file', 'sas_plan'])
INFO     callstring: /ais/krcomp13/loyzer/fd/rrws_fd/builds/release32/bin/downward --search 'ehc(h=ff())' --internal-plan-file sas_plan < output
time limit 600.00 -> (600, 601)
reading input... [t=0.000116978s]
Simplifying transitions... done!
done reading input! [t=0.00968138s]
packing state variables...done! [t=0.00969786s]
Variables: 25
Facts: 182
Bytes per state: 8
Building successor generator...done! [t=0.0104438s]
done initalizing global data [t=0.0104498s]

====
Use-Pref = 0
====
Pruning by preferred ops, use_preferred = 0
Conducting enforced hill-climbing search, (real) bound = 2147483647
Initializing FF heuristic...
Initializing additive heuristic...
Simplifying 1128 unary operators... done! [864 unary operators]
Initial heuristic value for h = ff: 22
initialize g_value = -1
initialize g_value = -1node.g = 0
New best heuristic value for h = ff: 22
New best heuristic value for h = ff: 21
New best heuristic value for h = ff: 20
New best heuristic value for h = ff: 19
New best heuristic value for h = ff: 17
New best heuristic value for h = ff: 16
New best heuristic value for h = ff: 15
New best heuristic value for h = ff: 14
New best heuristic value for h = ff: 13
New best heuristic value for h = ff: 12
New best heuristic value for h = ff: 10
New best heuristic value for h = ff: 9
New best heuristic value for h = ff: 8
New best heuristic value for h = ff: 7
New best heuristic value for h = ff: 6
New best heuristic value for h = ff: 5
New best heuristic value for h = ff: 3
New best heuristic value for h = ff: 2
New best heuristic value for h = ff: 1
New best heuristic value for h = ff: 0
Solution found!
tracing path..
#2672055 <- #2672054 <- #2672053 <- #2672049 <- #2672047 <- #2672045 <- #2672044 <- #2672042 <- #2672041 <- #2241411 <- #2072880 <- #1995923 <- #1965145 <- #1951242 <- #1945733 <- #1943275 <- #1942285 <- #1941841 <- #1941649 <- #1941559 <- #1941521 <- #1941503 <- #1941495 <- #1941491 <- #1941488 <- #1941487 <- #1941486 <- #1941481 <- #1941479 <- #1941410 <- #1941383 <- #1941370 <- #1941366 <- #1941363 <- #1941362 <- #759463 <- #315866 <- #123335 <- #53158 <- #24158 <- #13920 <- #9828 <- #8345 <- #7750 <- #7531 <- #7444 <- #7409 <- #7395 <- #7389 <- #7386 <- #7384 <- #6974 <- #6830 <- #6777 <- #6760 <- #6755 <- #6753 <- #6744 <- #6742 <- #6606 <- #6560 <- #6541 <- #6534 <- #6531 <- #6530 <- #2342 <- #841 <- #403 <- #258 <- #219 <- #207 <- #204 <- #203 <- #196 <- #194 <- #190 <- #189 <- #142 <- #127 <- #122 <- #120 <- #105 <- #101 <- #56 <- #42 <- #37 <- #35 <- #32 <- #31 <- #13 <- #4 <- #1 <- #0 <- Actual search time: 71.5685s [t=71.5807s]
Plan length: 92 step(s).
Plan cost: 92
No Solution Found.
Expanded 2672055 state(s).
Reopened 0 state(s).
Evaluated 2672056 state(s).
Evaluations: 2672056
Generated 5478714 state(s).
Dead ends: 0 state(s).
EHC phases: 19
Average expansions per EHC phase: 140634
EHC phases of depth 1: 2 - Avg. Expansions: 1
EHC phases of depth 2: 7 - Avg. Expansions: 8.28571
EHC phases of depth 4: 4 - Avg. Expansions: 43.75
EHC phases of depth 6: 3 - Avg. Expansions: 320
EHC phases of depth 8: 1 - Avg. Expansions: 6327
EHC phases of depth 16: 1 - Avg. Expansions: 1.93398e+06
EHC phases of depth 18: 1 - Avg. Expansions: 730555
Search time: 71.57s
Total time: 71.5807s
Solution found.
Peak memory: 198084 KB
INFO     Running validate.
INFO     validate input: ['/ais/krcomp13/loyzer/fd/rrws_fd/benchmarks/blocks/domain.pddl', '/ais/krcomp13/loyzer/fd/rrws_fd/benchmarks/blocks/probBLOCKS-12-0.pddl', 'sas_plan']
INFO     validate arguments: []
INFO     validate time limit: None
INFO     validate memory limit: None
