nickname: EHC_BFS_DD_PREF_PRUNE
params = --search-time-limit 10m --search-memory-limit 2G /ais/krcomp13/loyzer/fd/rrws_fd/benchmarks/blocks/probBLOCKS-16-1.pddl --heuristic hff=ff() --search ehc(hff, preferred=[hff], preferred_usage=PRUNE_BY_PREFERRED)
INFO     Running translator.
INFO     translator input: ['/ais/krcomp13/loyzer/fd/rrws_fd/benchmarks/blocks/domain.pddl', '/ais/krcomp13/loyzer/fd/rrws_fd/benchmarks/blocks/probBLOCKS-16-1.pddl']
INFO     translator arguments: []
INFO     translator time limit: None
INFO     translator memory limit: None
INFO     callstring: /usr/bin/python2.7 /ais/krcomp13/loyzer/fd/rrws_fd/builds/release32/bin/translate/translate.py /ais/krcomp13/loyzer/fd/rrws_fd/benchmarks/blocks/domain.pddl /ais/krcomp13/loyzer/fd/rrws_fd/benchmarks/blocks/probBLOCKS-16-1.pddl
Parsing...
Parsing: [0.000s CPU, 0.002s wall-clock]
Normalizing task... [0.000s CPU, 0.000s wall-clock]
Instantiating...
Generating Datalog program... [0.000s CPU, 0.000s wall-clock]
Normalizing Datalog program...
Normalizing Datalog program: [0.000s CPU, 0.002s wall-clock]
Preparing model... [0.000s CPU, 0.001s wall-clock]
Generated 21 rules.
Computing model... [0.030s CPU, 0.023s wall-clock]
882 relevant atoms
592 auxiliary atoms
1474 final queue length
2533 total queue pushes
Completing instantiation... [0.030s CPU, 0.036s wall-clock]
Instantiating: [0.060s CPU, 0.063s wall-clock]
Computing fact groups...
Finding invariants...
10 initial candidates
Finding invariants: [0.010s CPU, 0.007s wall-clock]
Checking invariant weight... [0.000s CPU, 0.001s wall-clock]
Instantiating groups... [0.000s CPU, 0.002s wall-clock]
Collecting mutex groups... [0.000s CPU, 0.000s wall-clock]
Choosing groups...
17 uncovered facts
Choosing groups: [0.010s CPU, 0.002s wall-clock]
Building translation key... [0.000s CPU, 0.000s wall-clock]
Computing fact groups: [0.020s CPU, 0.015s wall-clock]
Building STRIPS to SAS dictionary... [0.000s CPU, 0.000s wall-clock]
Building dictionary for full mutex groups... [0.000s CPU, 0.001s wall-clock]
Building mutex information...
Building mutex information: [0.000s CPU, 0.001s wall-clock]
Translating task...
Processing axioms...
Simplifying axioms... [0.000s CPU, 0.000s wall-clock]
Processing axioms: [0.000s CPU, 0.002s wall-clock]
Translating task: [0.050s CPU, 0.044s wall-clock]
752 effect conditions simplified
0 implied preconditions added
Detecting unreachable propositions...
0 operators removed
0 axioms removed
32 propositions removed
Detecting unreachable propositions: [0.020s CPU, 0.023s wall-clock]
Translator variables: 33
Translator derived variables: 0
Translator facts: 306
Translator goal facts: 15
Translator mutex groups: 33
Translator total mutex groups size: 561
Translator operators: 512
Translator axioms: 0
Translator task size: 4707
Translator peak memory: 33028 KB
Writing output... [0.010s CPU, 0.104s wall-clock]
Done! [0.160s CPU, 0.256s wall-clock]
INFO     Running preprocessor (release32).
INFO     preprocessor input: output.sas
INFO     preprocessor arguments: []
INFO     preprocessor time limit: None
INFO     preprocessor memory limit: None
INFO     callstring: /ais/krcomp13/loyzer/fd/rrws_fd/builds/release32/bin/preprocess < output.sas
Building causal graph...
The causal graph is not acyclic.
33 variables of 33 necessary
17 of 33 mutex groups necessary.
512 of 512 operators necessary.
0 of 0 axiom rules necessary.
Building domain transition graphs...
solveable in poly time 0
Building successor generator...
Preprocessor facts: 306
Preprocessor derived variables: 0
Preprocessor task size: 4435
Writing output...
done
INFO     Running search (release32).
INFO     search input: output
INFO     search arguments: ['--heuristic', 'hff=ff()', '--search', 'ehc(hff, preferred=[hff], preferred_usage=PRUNE_BY_PREFERRED)']
INFO     search time limit: 600s
INFO     search memory limit: 2048 MB
INFO     search executable: /ais/krcomp13/loyzer/fd/rrws_fd/builds/release32/bin/downward
('calling component', '/ais/krcomp13/loyzer/fd/rrws_fd/builds/release32/bin/downward', ['--heuristic', 'hff=ff()', '--search', 'ehc(hff, preferred=[hff], preferred_usage=PRUNE_BY_PREFERRED)', '--internal-plan-file', 'sas_plan'])
INFO     callstring: /ais/krcomp13/loyzer/fd/rrws_fd/builds/release32/bin/downward --heuristic 'hff=ff()' --search 'ehc(hff, preferred=[hff], preferred_usage=PRUNE_BY_PREFERRED)' --internal-plan-file sas_plan < output
time limit 600.00 -> (600, 601)
reading input... [t=7.1283e-05s]
Simplifying transitions... done!
done reading input! [t=0.0164424s]
packing state variables...done! [t=0.0164713s]
Variables: 33
Facts: 306
Bytes per state: 16
Building successor generator...done! [t=0.0180007s]
done initalizing global data [t=0.0180079s]

====
Use-Pref = 1
====
Pruning by preferred ops, use_preferred = 1
Conducting enforced hill-climbing search, (real) bound = 2147483647
Using preferred operators for pruning
Initializing FF heuristic...
Initializing additive heuristic...
Simplifying 2016 unary operators... done! [1536 unary operators]
Initial heuristic value for ff: 31
initialize g_value = -1
initialize g_value = -1node.g = 0
New best heuristic value for ff: 31
New best heuristic value for ff: 30
New best heuristic value for ff: 29
New best heuristic value for ff: 28
New best heuristic value for ff: 27
New best heuristic value for ff: 26
New best heuristic value for ff: 25
New best heuristic value for ff: 24
New best heuristic value for ff: 23
New best heuristic value for ff: 22
New best heuristic value for ff: 21
New best heuristic value for ff: 20
New best heuristic value for ff: 19
New best heuristic value for ff: 18
New best heuristic value for ff: 17
New best heuristic value for ff: 16
New best heuristic value for ff: 15
New best heuristic value for ff: 13
New best heuristic value for ff: 12
New best heuristic value for ff: 11
New best heuristic value for ff: 9
New best heuristic value for ff: 8
New best heuristic value for ff: 6
New best heuristic value for ff: 5
New best heuristic value for ff: 3
New best heuristic value for ff: 2
New best heuristic value for ff: 1
New best heuristic value for ff: 0
Solution found!
tracing path..
#1197 <- #1196 <- #1195 <- #1194 <- #1193 <- #1192 <- #1191 <- #1190 <- #1189 <- #1176 <- #1169 <- #1157 <- #1152 <- #1145 <- #1142 <- #1138 <- #1136 <- #1134 <- #1133 <- #1132 <- #1131 <- #1130 <- #1129 <- #1127 <- #1125 <- #1121 <- #1119 <- #1117 <- #1116 <- #1114 <- #1112 <- #1059 <- #981 <- #946 <- #908 <- #891 <- #876 <- #867 <- #861 <- #858 <- #856 <- #854 <- #853 <- #852 <- #851 <- #848 <- #846 <- #842 <- #841 <- #769 <- #692 <- #658 <- #628 <- #612 <- #602 <- #596 <- #592 <- #590 <- #589 <- #586 <- #585 <- #582 <- #581 <- #576 <- #573 <- #508 <- #466 <- #430 <- #417 <- #406 <- #401 <- #396 <- #393 <- #391 <- #390 <- #370 <- #350 <- #339 <- #332 <- #329 <- #327 <- #281 <- #252 <- #233 <- #225 <- #221 <- #219 <- #214 <- #212 <- #207 <- #203 <- #197 <- #196 <- #190 <- #188 <- #184 <- #182 <- #135 <- #96 <- #72 <- #61 <- #55 <- #53 <- #52 <- #50 <- #49 <- #45 <- #43 <- #41 <- #26 <- #22 <- #17 <- #14 <- #12 <- #11 <- #7 <- #6 <- #3 <- #0 <- Actual search time: 0.0432777s [t=0.0642824s]
Plan length: 118 step(s).
Plan cost: 118
No Solution Found.
Expanded 1197 state(s).
Reopened 0 state(s).
Evaluated 1198 state(s).
Evaluations: 1198
Generated 2305 state(s).
Dead ends: 0 state(s).
EHC phases: 27
Average expansions per EHC phase: 44.3333
EHC phases of depth 1: 2 - Avg. Expansions: 1
EHC phases of depth 2: 15 - Avg. Expansions: 5.6
EHC phases of depth 4: 2 - Avg. Expansions: 6.5
EHC phases of depth 6: 3 - Avg. Expansions: 67
EHC phases of depth 10: 2 - Avg. Expansions: 217.5
EHC phases of depth 12: 1 - Avg. Expansions: 141
EHC phases of depth 14: 2 - Avg. Expansions: 160.5
Search time: 0.0459634s
Total time: 0.0642869s
Solution found.
Peak memory: 6316 KB
INFO     Running validate.
INFO     validate input: ['/ais/krcomp13/loyzer/fd/rrws_fd/benchmarks/blocks/domain.pddl', '/ais/krcomp13/loyzer/fd/rrws_fd/benchmarks/blocks/probBLOCKS-16-1.pddl', 'sas_plan']
INFO     validate arguments: []
INFO     validate time limit: None
INFO     validate memory limit: None
