nickname: EHC_BFS_DD
params = --search-time-limit 10m --search-memory-limit 2G /ais/krcomp13/loyzer/fd/rrws_fd/benchmarks/blocks/probBLOCKS-16-1.pddl --search ehc(h=ff())
INFO     Running translator.
INFO     translator input: ['/ais/krcomp13/loyzer/fd/rrws_fd/benchmarks/blocks/domain.pddl', '/ais/krcomp13/loyzer/fd/rrws_fd/benchmarks/blocks/probBLOCKS-16-1.pddl']
INFO     translator arguments: []
INFO     translator time limit: None
INFO     translator memory limit: None
INFO     callstring: /usr/bin/python2.7 /ais/krcomp13/loyzer/fd/rrws_fd/builds/release32/bin/translate/translate.py /ais/krcomp13/loyzer/fd/rrws_fd/benchmarks/blocks/domain.pddl /ais/krcomp13/loyzer/fd/rrws_fd/benchmarks/blocks/probBLOCKS-16-1.pddl
Parsing...
Parsing: [0.010s CPU, 0.002s wall-clock]
Normalizing task... [0.000s CPU, 0.000s wall-clock]
Instantiating...
Generating Datalog program... [0.000s CPU, 0.000s wall-clock]
Normalizing Datalog program...
Normalizing Datalog program: [0.000s CPU, 0.002s wall-clock]
Preparing model... [0.000s CPU, 0.001s wall-clock]
Generated 21 rules.
Computing model... [0.020s CPU, 0.024s wall-clock]
882 relevant atoms
592 auxiliary atoms
1474 final queue length
2533 total queue pushes
Completing instantiation... [0.030s CPU, 0.035s wall-clock]
Instantiating: [0.060s CPU, 0.063s wall-clock]
Computing fact groups...
Finding invariants...
10 initial candidates
Finding invariants: [0.000s CPU, 0.007s wall-clock]
Checking invariant weight... [0.000s CPU, 0.000s wall-clock]
Instantiating groups... [0.000s CPU, 0.002s wall-clock]
Collecting mutex groups... [0.000s CPU, 0.000s wall-clock]
Choosing groups...
17 uncovered facts
Choosing groups: [0.000s CPU, 0.002s wall-clock]
Building translation key... [0.000s CPU, 0.001s wall-clock]
Computing fact groups: [0.010s CPU, 0.015s wall-clock]
Building STRIPS to SAS dictionary... [0.000s CPU, 0.000s wall-clock]
Building dictionary for full mutex groups... [0.000s CPU, 0.001s wall-clock]
Building mutex information...
Building mutex information: [0.000s CPU, 0.001s wall-clock]
Translating task...
Processing axioms...
Simplifying axioms... [0.000s CPU, 0.000s wall-clock]
Processing axioms: [0.000s CPU, 0.002s wall-clock]
Translating task: [0.050s CPU, 0.044s wall-clock]
752 effect conditions simplified
0 implied preconditions added
Detecting unreachable propositions...
0 operators removed
0 axioms removed
32 propositions removed
Detecting unreachable propositions: [0.020s CPU, 0.023s wall-clock]
Translator variables: 33
Translator derived variables: 0
Translator facts: 306
Translator goal facts: 15
Translator mutex groups: 33
Translator total mutex groups size: 561
Translator operators: 512
Translator axioms: 0
Translator task size: 4707
Translator peak memory: 33028 KB
Writing output... [0.010s CPU, 0.072s wall-clock]
Done! [0.160s CPU, 0.223s wall-clock]
INFO     Running preprocessor (release32).
INFO     preprocessor input: output.sas
INFO     preprocessor arguments: []
INFO     preprocessor time limit: None
INFO     preprocessor memory limit: None
INFO     callstring: /ais/krcomp13/loyzer/fd/rrws_fd/builds/release32/bin/preprocess < output.sas
Building causal graph...
The causal graph is not acyclic.
33 variables of 33 necessary
17 of 33 mutex groups necessary.
512 of 512 operators necessary.
0 of 0 axiom rules necessary.
Building domain transition graphs...
solveable in poly time 0
Building successor generator...
Preprocessor facts: 306
Preprocessor derived variables: 0
Preprocessor task size: 4435
Writing output...
done
INFO     Running search (release32).
INFO     search input: output
INFO     search arguments: ['--search', 'ehc(h=ff())']
INFO     search time limit: 600s
INFO     search memory limit: 2048 MB
INFO     search executable: /ais/krcomp13/loyzer/fd/rrws_fd/builds/release32/bin/downward
('calling component', '/ais/krcomp13/loyzer/fd/rrws_fd/builds/release32/bin/downward', ['--search', 'ehc(h=ff())', '--internal-plan-file', 'sas_plan'])
INFO     callstring: /ais/krcomp13/loyzer/fd/rrws_fd/builds/release32/bin/downward --search 'ehc(h=ff())' --internal-plan-file sas_plan < output
time limit 600.00 -> (600, 601)
reading input... [t=6.2947e-05s]
Simplifying transitions... done!
done reading input! [t=0.016407s]
packing state variables...done! [t=0.0164361s]
Variables: 33
Facts: 306
Bytes per state: 16
Building successor generator...done! [t=0.0179657s]
done initalizing global data [t=0.017973s]

====
Use-Pref = 0
====
Pruning by preferred ops, use_preferred = 0
Conducting enforced hill-climbing search, (real) bound = 2147483647
Initializing FF heuristic...
Initializing additive heuristic...
Simplifying 2016 unary operators... done! [1536 unary operators]
Initial heuristic value for h = ff: 31
initialize g_value = -1
initialize g_value = -1node.g = 0
New best heuristic value for h = ff: 31
New best heuristic value for h = ff: 30
New best heuristic value for h = ff: 29
New best heuristic value for h = ff: 28
New best heuristic value for h = ff: 27
New best heuristic value for h = ff: 26
New best heuristic value for h = ff: 25
New best heuristic value for h = ff: 24
New best heuristic value for h = ff: 23
New best heuristic value for h = ff: 22
New best heuristic value for h = ff: 21
New best heuristic value for h = ff: 19
New best heuristic value for h = ff: 18
New best heuristic value for h = ff: 17
New best heuristic value for h = ff: 16
New best heuristic value for h = ff: 15
New best heuristic value for h = ff: 14
New best heuristic value for h = ff: 13
New best heuristic value for h = ff: 12
New best heuristic value for h = ff: 11
New best heuristic value for h = ff: 9
New best heuristic value for h = ff: 7
New best heuristic value for h = ff: 6
New best heuristic value for h = ff: 5
New best heuristic value for h = ff: 3
New best heuristic value for h = ff: 2
New best heuristic value for h = ff: 1
New best heuristic value for h = ff: 0
Solution found!
tracing path..
#12024909 <- #12024908 <- #12024907 <- #12024905 <- #12024903 <- #12024901 <- #12024900 <- #12024899 <- #12024898 <- #11468149 <- #11252271 <- #11153198 <- #11113183 <- #11094181 <- #11086661 <- #11083233 <- #11081932 <- #11081296 <- #11081040 <- #11080910 <- #11080859 <- #11080825 <- #11080812 <- #11080806 <- #11080803 <- #11080801 <- #11080800 <- #11080795 <- #11080793 <- #11080790 <- #11080788 <- #11080784 <- #11080782 <- #7034920 <- #5667181 <- #5160872 <- #4984156 <- #4917933 <- #4895340 <- #4887252 <- #4884374 <- #4883312 <- #4882936 <- #4882806 <- #4882747 <- #4882727 <- #4882719 <- #4882717 <- #4882716 <- #4882714 <- #4882713 <- #4882707 <- #4882705 <- #4882693 <- #4882690 <- #4880202 <- #4879204 <- #4878836 <- #4878692 <- #4878646 <- #4878627 <- #4878621 <- #4878616 <- #4878615 <- #4878614 <- #1737411 <- #588050 <- #211139 <- #76774 <- #33429 <- #18355 <- #13530 <- #11871 <- #11341 <- #11168 <- #11114 <- #11098 <- #11094 <- #11093 <- #11085 <- #11083 <- #11067 <- #11064 <- #11045 <- #11041 <- #11031 <- #11029 <- #11019 <- #11017 <- #10998 <- #10994 <- #10977 <- #10973 <- #10965 <- #10964 <- #8737 <- #7891 <- #7599 <- #7507 <- #7483 <- #7474 <- #7472 <- #7471 <- #3842 <- #1999 <- #1226 <- #813 <- #656 <- #579 <- #549 <- #531 <- #523 <- #518 <- #515 <- #514 <- #193 <- #75 <- #32 <- #18 <- #13 <- #11 <- #7 <- #6 <- #1 <- #0 <- Actual search time: 500.571s [t=500.592s]
Plan length: 124 step(s).
Plan cost: 124
No Solution Found.
Expanded 12024909 state(s).
Reopened 0 state(s).
Evaluated 12024910 state(s).
Evaluations: 12024910
Generated 23973489 state(s).
Dead ends: 0 state(s).
EHC phases: 27
Average expansions per EHC phase: 445367
EHC phases of depth 1: 2 - Avg. Expansions: 1
EHC phases of depth 2: 17 - Avg. Expansions: 10.9412
EHC phases of depth 4: 1 - Avg. Expansions: 7
EHC phases of depth 6: 1 - Avg. Expansions: 503
EHC phases of depth 8: 1 - Avg. Expansions: 3493
EHC phases of depth 10: 1 - Avg. Expansions: 4076
EHC phases of depth 12: 1 - Avg. Expansions: 6957
EHC phases of depth 14: 1 - Avg. Expansions: 4.86752e+06
EHC phases of depth 16: 1 - Avg. Expansions: 6.19807e+06
EHC phases of depth 18: 1 - Avg. Expansions: 944098
Search time: 500.573s
Total time: 500.592s
Solution found.
Peak memory: 950448 KB
INFO     Running validate.
INFO     validate input: ['/ais/krcomp13/loyzer/fd/rrws_fd/benchmarks/blocks/domain.pddl', '/ais/krcomp13/loyzer/fd/rrws_fd/benchmarks/blocks/probBLOCKS-16-1.pddl', 'sas_plan']
INFO     validate arguments: []
INFO     validate time limit: None
INFO     validate memory limit: None
