nickname: EHC_BFS_DD
params = --search-time-limit 10m --search-memory-limit 2G /ais/krcomp13/loyzer/fd/rrws_fd/benchmarks/blocks/probBLOCKS-12-1.pddl --search ehc(h=ff())
INFO     Running translator.
INFO     translator input: ['/ais/krcomp13/loyzer/fd/rrws_fd/benchmarks/blocks/domain.pddl', '/ais/krcomp13/loyzer/fd/rrws_fd/benchmarks/blocks/probBLOCKS-12-1.pddl']
INFO     translator arguments: []
INFO     translator time limit: None
INFO     translator memory limit: None
INFO     callstring: /usr/bin/python2.7 /ais/krcomp13/loyzer/fd/rrws_fd/builds/release32/bin/translate/translate.py /ais/krcomp13/loyzer/fd/rrws_fd/benchmarks/blocks/domain.pddl /ais/krcomp13/loyzer/fd/rrws_fd/benchmarks/blocks/probBLOCKS-12-1.pddl
Parsing...
Parsing: [0.000s CPU, 0.002s wall-clock]
Normalizing task... [0.000s CPU, 0.000s wall-clock]
Instantiating...
Generating Datalog program... [0.000s CPU, 0.000s wall-clock]
Normalizing Datalog program...
Normalizing Datalog program: [0.000s CPU, 0.002s wall-clock]
Preparing model... [0.000s CPU, 0.001s wall-clock]
Generated 21 rules.
Computing model... [0.020s CPU, 0.018s wall-clock]
518 relevant atoms
348 auxiliary atoms
866 final queue length
1468 total queue pushes
Completing instantiation... [0.040s CPU, 0.037s wall-clock]
Instantiating: [0.060s CPU, 0.058s wall-clock]
Computing fact groups...
Finding invariants...
10 initial candidates
Finding invariants: [0.010s CPU, 0.012s wall-clock]
Checking invariant weight... [0.000s CPU, 0.001s wall-clock]
Instantiating groups... [0.000s CPU, 0.002s wall-clock]
Collecting mutex groups... [0.000s CPU, 0.001s wall-clock]
Choosing groups...
13 uncovered facts
Choosing groups: [0.010s CPU, 0.002s wall-clock]
Building translation key... [0.000s CPU, 0.001s wall-clock]
Computing fact groups: [0.020s CPU, 0.022s wall-clock]
Building STRIPS to SAS dictionary... [0.000s CPU, 0.000s wall-clock]
Building dictionary for full mutex groups... [0.000s CPU, 0.001s wall-clock]
Building mutex information...
Building mutex information: [0.000s CPU, 0.001s wall-clock]
Translating task...
Processing axioms...
Simplifying axioms... [0.000s CPU, 0.000s wall-clock]
Processing axioms: [0.000s CPU, 0.002s wall-clock]
Translating task: [0.040s CPU, 0.045s wall-clock]
420 effect conditions simplified
0 implied preconditions added
Detecting unreachable propositions...
0 operators removed
0 axioms removed
24 propositions removed
Detecting unreachable propositions: [0.030s CPU, 0.025s wall-clock]
Translator variables: 25
Translator derived variables: 0
Translator facts: 182
Translator goal facts: 11
Translator mutex groups: 25
Translator total mutex groups size: 325
Translator operators: 288
Translator axioms: 0
Translator task size: 2667
Translator peak memory: 30840 KB
Writing output... [0.010s CPU, 0.064s wall-clock]
Done! [0.160s CPU, 0.221s wall-clock]
INFO     Running preprocessor (release32).
INFO     preprocessor input: output.sas
INFO     preprocessor arguments: []
INFO     preprocessor time limit: None
INFO     preprocessor memory limit: None
INFO     callstring: /ais/krcomp13/loyzer/fd/rrws_fd/builds/release32/bin/preprocess < output.sas
Building causal graph...
The causal graph is not acyclic.
25 variables of 25 necessary
13 of 25 mutex groups necessary.
288 of 288 operators necessary.
0 of 0 axiom rules necessary.
Building domain transition graphs...
solveable in poly time 0
Building successor generator...
Preprocessor facts: 182
Preprocessor derived variables: 0
Preprocessor task size: 2511
Writing output...
done
INFO     Running search (release32).
INFO     search input: output
INFO     search arguments: ['--search', 'ehc(h=ff())']
INFO     search time limit: 600s
INFO     search memory limit: 2048 MB
INFO     search executable: /ais/krcomp13/loyzer/fd/rrws_fd/builds/release32/bin/downward
('calling component', '/ais/krcomp13/loyzer/fd/rrws_fd/builds/release32/bin/downward', ['--search', 'ehc(h=ff())', '--internal-plan-file', 'sas_plan'])
INFO     callstring: /ais/krcomp13/loyzer/fd/rrws_fd/builds/release32/bin/downward --search 'ehc(h=ff())' --internal-plan-file sas_plan < output
time limit 600.00 -> (600, 601)
reading input... [t=6.8524e-05s]
Simplifying transitions... done!
done reading input! [t=0.00915933s]
packing state variables...done! [t=0.00917223s]
Variables: 25
Facts: 182
Bytes per state: 8
Building successor generator...done! [t=0.00992121s]
done initalizing global data [t=0.00992767s]

====
Use-Pref = 0
====
Pruning by preferred ops, use_preferred = 0
Conducting enforced hill-climbing search, (real) bound = 2147483647
Initializing FF heuristic...
Initializing additive heuristic...
Simplifying 1128 unary operators... done! [864 unary operators]
Initial heuristic value for h = ff: 22
initialize g_value = -1
initialize g_value = -1node.g = 0
New best heuristic value for h = ff: 22
New best heuristic value for h = ff: 21
New best heuristic value for h = ff: 20
New best heuristic value for h = ff: 19
New best heuristic value for h = ff: 17
New best heuristic value for h = ff: 15
New best heuristic value for h = ff: 14
New best heuristic value for h = ff: 12
New best heuristic value for h = ff: 11
New best heuristic value for h = ff: 10
New best heuristic value for h = ff: 8
New best heuristic value for h = ff: 7
New best heuristic value for h = ff: 5
New best heuristic value for h = ff: 4
New best heuristic value for h = ff: 2
New best heuristic value for h = ff: 1
New best heuristic value for h = ff: 0
Solution found!
tracing path..
#1067 <- #1066 <- #1065 <- #1063 <- #1062 <- #1058 <- #1055 <- #1054 <- #1053 <- #1048 <- #1046 <- #1011 <- #1000 <- #996 <- #994 <- #992 <- #991 <- #955 <- #943 <- #938 <- #936 <- #929 <- #927 <- #922 <- #921 <- #918 <- #917 <- #908 <- #906 <- #808 <- #781 <- #773 <- #770 <- #752 <- #748 <- #421 <- #252 <- #182 <- #141 <- #118 <- #100 <- #91 <- #86 <- #83 <- #82 <- #40 <- #22 <- #11 <- #6 <- #2 <- #0 <- Actual search time: 0.0270188s [t=0.0387571s]
Plan length: 50 step(s).
Plan cost: 50
No Solution Found.
Expanded 1067 state(s).
Reopened 0 state(s).
Evaluated 1068 state(s).
Evaluations: 1068
Generated 1709 state(s).
Dead ends: 0 state(s).
EHC phases: 16
Average expansions per EHC phase: 66.6875
EHC phases of depth 1: 2 - Avg. Expansions: 1
EHC phases of depth 2: 8 - Avg. Expansions: 8.125
EHC phases of depth 4: 4 - Avg. Expansions: 63
EHC phases of depth 6: 1 - Avg. Expansions: 82
EHC phases of depth 10: 1 - Avg. Expansions: 666
Search time: 0.0285412s
Total time: 0.0387613s
Solution found.
Peak memory: 5916 KB
INFO     Running validate.
INFO     validate input: ['/ais/krcomp13/loyzer/fd/rrws_fd/benchmarks/blocks/domain.pddl', '/ais/krcomp13/loyzer/fd/rrws_fd/benchmarks/blocks/probBLOCKS-12-1.pddl', 'sas_plan']
INFO     validate arguments: []
INFO     validate time limit: None
INFO     validate memory limit: None
