nickname: EHC_BFS_DD
params = --search-time-limit 10m --search-memory-limit 2G /ais/krcomp13/loyzer/fd/rrws_fd/benchmarks/blocks/probBLOCKS-14-0.pddl --search ehc(h=ff())
INFO     Running translator.
INFO     translator input: ['/ais/krcomp13/loyzer/fd/rrws_fd/benchmarks/blocks/domain.pddl', '/ais/krcomp13/loyzer/fd/rrws_fd/benchmarks/blocks/probBLOCKS-14-0.pddl']
INFO     translator arguments: []
INFO     translator time limit: None
INFO     translator memory limit: None
INFO     callstring: /usr/bin/python2.7 /ais/krcomp13/loyzer/fd/rrws_fd/builds/release32/bin/translate/translate.py /ais/krcomp13/loyzer/fd/rrws_fd/benchmarks/blocks/domain.pddl /ais/krcomp13/loyzer/fd/rrws_fd/benchmarks/blocks/probBLOCKS-14-0.pddl
Parsing...
Parsing: [0.010s CPU, 0.002s wall-clock]
Normalizing task... [0.000s CPU, 0.000s wall-clock]
Instantiating...
Generating Datalog program... [0.000s CPU, 0.000s wall-clock]
Normalizing Datalog program...
Normalizing Datalog program: [0.000s CPU, 0.002s wall-clock]
Preparing model... [0.000s CPU, 0.001s wall-clock]
Generated 21 rules.
Computing model... [0.020s CPU, 0.018s wall-clock]
688 relevant atoms
462 auxiliary atoms
1150 final queue length
1965 total queue pushes
Completing instantiation... [0.020s CPU, 0.027s wall-clock]
Instantiating: [0.040s CPU, 0.048s wall-clock]
Computing fact groups...
Finding invariants...
10 initial candidates
Finding invariants: [0.010s CPU, 0.007s wall-clock]
Checking invariant weight... [0.000s CPU, 0.000s wall-clock]
Instantiating groups... [0.000s CPU, 0.001s wall-clock]
Collecting mutex groups... [0.000s CPU, 0.000s wall-clock]
Choosing groups...
15 uncovered facts
Choosing groups: [0.000s CPU, 0.002s wall-clock]
Building translation key... [0.000s CPU, 0.000s wall-clock]
Computing fact groups: [0.010s CPU, 0.013s wall-clock]
Building STRIPS to SAS dictionary... [0.010s CPU, 0.000s wall-clock]
Building dictionary for full mutex groups... [0.000s CPU, 0.001s wall-clock]
Building mutex information...
Building mutex information: [0.000s CPU, 0.001s wall-clock]
Translating task...
Processing axioms...
Simplifying axioms... [0.000s CPU, 0.000s wall-clock]
Processing axioms: [0.000s CPU, 0.001s wall-clock]
Translating task: [0.030s CPU, 0.034s wall-clock]
574 effect conditions simplified
0 implied preconditions added
Detecting unreachable propositions...
0 operators removed
0 axioms removed
28 propositions removed
Detecting unreachable propositions: [0.010s CPU, 0.018s wall-clock]
Translator variables: 29
Translator derived variables: 0
Translator facts: 240
Translator goal facts: 13
Translator mutex groups: 29
Translator total mutex groups size: 435
Translator operators: 392
Translator axioms: 0
Translator task size: 3615
Translator peak memory: 31868 KB
Writing output... [0.010s CPU, 0.062s wall-clock]
Done! [0.120s CPU, 0.180s wall-clock]
INFO     Running preprocessor (release32).
INFO     preprocessor input: output.sas
INFO     preprocessor arguments: []
INFO     preprocessor time limit: None
INFO     preprocessor memory limit: None
INFO     callstring: /ais/krcomp13/loyzer/fd/rrws_fd/builds/release32/bin/preprocess < output.sas
Building causal graph...
The causal graph is not acyclic.
29 variables of 29 necessary
15 of 29 mutex groups necessary.
392 of 392 operators necessary.
0 of 0 axiom rules necessary.
Building domain transition graphs...
solveable in poly time 0
Building successor generator...
Preprocessor facts: 240
Preprocessor derived variables: 0
Preprocessor task size: 3405
Writing output...
done
INFO     Running search (release32).
INFO     search input: output
INFO     search arguments: ['--search', 'ehc(h=ff())']
INFO     search time limit: 600s
INFO     search memory limit: 2048 MB
INFO     search executable: /ais/krcomp13/loyzer/fd/rrws_fd/builds/release32/bin/downward
('calling component', '/ais/krcomp13/loyzer/fd/rrws_fd/builds/release32/bin/downward', ['--search', 'ehc(h=ff())', '--internal-plan-file', 'sas_plan'])
INFO     callstring: /ais/krcomp13/loyzer/fd/rrws_fd/builds/release32/bin/downward --search 'ehc(h=ff())' --internal-plan-file sas_plan < output
time limit 600.00 -> (600, 601)
reading input... [t=0.000115716s]
Simplifying transitions... done!
done reading input! [t=0.0125238s]
packing state variables...done! [t=0.0125488s]
Variables: 29
Facts: 240
Bytes per state: 12
Building successor generator...done! [t=0.0136212s]
done initalizing global data [t=0.0136282s]

====
Use-Pref = 0
====
Pruning by preferred ops, use_preferred = 0
Conducting enforced hill-climbing search, (real) bound = 2147483647
Initializing FF heuristic...
Initializing additive heuristic...
Simplifying 1540 unary operators... done! [1176 unary operators]
Initial heuristic value for h = ff: 25
initialize g_value = -1
initialize g_value = -1node.g = 0
New best heuristic value for h = ff: 25
New best heuristic value for h = ff: 24
New best heuristic value for h = ff: 22
New best heuristic value for h = ff: 20
New best heuristic value for h = ff: 19
New best heuristic value for h = ff: 18
New best heuristic value for h = ff: 17
New best heuristic value for h = ff: 16
New best heuristic value for h = ff: 15
New best heuristic value for h = ff: 14
New best heuristic value for h = ff: 12
New best heuristic value for h = ff: 10
New best heuristic value for h = ff: 9
New best heuristic value for h = ff: 7
New best heuristic value for h = ff: 6
New best heuristic value for h = ff: 4
New best heuristic value for h = ff: 2
New best heuristic value for h = ff: 1
New best heuristic value for h = ff: 0
Solution found!
tracing path..
#115851 <- #115850 <- #115849 <- #115792 <- #115758 <- #115740 <- #115731 <- #115727 <- #115725 <- #115724 <- #115723 <- #115720 <- #115719 <- #115685 <- #115673 <- #115669 <- #115667 <- #115663 <- #115661 <- #115546 <- #115515 <- #115506 <- #115503 <- #115494 <- #115491 <- #115479 <- #115476 <- #39878 <- #14619 <- #5068 <- #2015 <- #908 <- #574 <- #457 <- #425 <- #415 <- #412 <- #394 <- #390 <- #381 <- #379 <- #361 <- #357 <- #343 <- #339 <- #331 <- #329 <- #247 <- #224 <- #216 <- #213 <- #173 <- #160 <- #157 <- #156 <- #71 <- #28 <- #12 <- #4 <- #1 <- #0 <- Actual search time: 4.04222s [t=4.05828s]
Plan length: 60 step(s).
Plan cost: 60
No Solution Found.
Expanded 115851 state(s).
Reopened 0 state(s).
Evaluated 115852 state(s).
Evaluations: 115852
Generated 212474 state(s).
Dead ends: 0 state(s).
EHC phases: 18
Average expansions per EHC phase: 6436.17
EHC phases of depth 1: 2 - Avg. Expansions: 1
EHC phases of depth 2: 9 - Avg. Expansions: 13.3333
EHC phases of depth 4: 4 - Avg. Expansions: 95.75
EHC phases of depth 6: 1 - Avg. Expansions: 156
EHC phases of depth 8: 1 - Avg. Expansions: 126
EHC phases of depth 10: 1 - Avg. Expansions: 115064
Search time: 4.04436s
Total time: 4.05828s
Solution found.
Peak memory: 16668 KB
INFO     Running validate.
INFO     validate input: ['/ais/krcomp13/loyzer/fd/rrws_fd/benchmarks/blocks/domain.pddl', '/ais/krcomp13/loyzer/fd/rrws_fd/benchmarks/blocks/probBLOCKS-14-0.pddl', 'sas_plan']
INFO     validate arguments: []
INFO     validate time limit: None
INFO     validate memory limit: None
