nickname: EHC_BFS_DD
params = --search-time-limit 10m --search-memory-limit 2G /ais/krcomp13/loyzer/fd/rrws_fd/benchmarks/blocks/probBLOCKS-11-0.pddl --search ehc(h=ff())
INFO     Running translator.
INFO     translator input: ['/ais/krcomp13/loyzer/fd/rrws_fd/benchmarks/blocks/domain.pddl', '/ais/krcomp13/loyzer/fd/rrws_fd/benchmarks/blocks/probBLOCKS-11-0.pddl']
INFO     translator arguments: []
INFO     translator time limit: None
INFO     translator memory limit: None
INFO     callstring: /usr/bin/python2.7 /ais/krcomp13/loyzer/fd/rrws_fd/builds/release32/bin/translate/translate.py /ais/krcomp13/loyzer/fd/rrws_fd/benchmarks/blocks/domain.pddl /ais/krcomp13/loyzer/fd/rrws_fd/benchmarks/blocks/probBLOCKS-11-0.pddl
Parsing...
Parsing: [0.010s CPU, 0.003s wall-clock]
Normalizing task... [0.000s CPU, 0.000s wall-clock]
Instantiating...
Generating Datalog program... [0.000s CPU, 0.001s wall-clock]
Normalizing Datalog program...
Normalizing Datalog program: [0.000s CPU, 0.003s wall-clock]
Preparing model... [0.000s CPU, 0.001s wall-clock]
Generated 21 rules.
Computing model... [0.010s CPU, 0.019s wall-clock]
442 relevant atoms
297 auxiliary atoms
739 final queue length
1248 total queue pushes
Completing instantiation... [0.030s CPU, 0.028s wall-clock]
Instantiating: [0.040s CPU, 0.051s wall-clock]
Computing fact groups...
Finding invariants...
10 initial candidates
Finding invariants: [0.010s CPU, 0.011s wall-clock]
Checking invariant weight... [0.000s CPU, 0.001s wall-clock]
Instantiating groups... [0.010s CPU, 0.002s wall-clock]
Collecting mutex groups... [0.000s CPU, 0.000s wall-clock]
Choosing groups...
12 uncovered facts
Choosing groups: [0.000s CPU, 0.002s wall-clock]
Building translation key... [0.000s CPU, 0.000s wall-clock]
Computing fact groups: [0.020s CPU, 0.018s wall-clock]
Building STRIPS to SAS dictionary... [0.000s CPU, 0.000s wall-clock]
Building dictionary for full mutex groups... [0.000s CPU, 0.002s wall-clock]
Building mutex information...
Building mutex information: [0.000s CPU, 0.001s wall-clock]
Translating task...
Processing axioms...
Simplifying axioms... [0.000s CPU, 0.000s wall-clock]
Processing axioms: [0.000s CPU, 0.001s wall-clock]
Translating task: [0.040s CPU, 0.034s wall-clock]
352 effect conditions simplified
0 implied preconditions added
Detecting unreachable propositions...
0 operators removed
0 axioms removed
22 propositions removed
Detecting unreachable propositions: [0.020s CPU, 0.018s wall-clock]
Translator variables: 23
Translator derived variables: 0
Translator facts: 156
Translator goal facts: 10
Translator mutex groups: 23
Translator total mutex groups size: 276
Translator operators: 242
Translator axioms: 0
Translator task size: 2247
Translator peak memory: 30584 KB
Writing output... [0.010s CPU, 0.104s wall-clock]
Done! [0.140s CPU, 0.233s wall-clock]
INFO     Running preprocessor (release32).
INFO     preprocessor input: output.sas
INFO     preprocessor arguments: []
INFO     preprocessor time limit: None
INFO     preprocessor memory limit: None
INFO     callstring: /ais/krcomp13/loyzer/fd/rrws_fd/builds/release32/bin/preprocess < output.sas
Building causal graph...
The causal graph is not acyclic.
23 variables of 23 necessary
12 of 23 mutex groups necessary.
242 of 242 operators necessary.
0 of 0 axiom rules necessary.
Building domain transition graphs...
solveable in poly time 0
Building successor generator...
Preprocessor facts: 156
Preprocessor derived variables: 0
Preprocessor task size: 2115
Writing output...
done
INFO     Running search (release32).
INFO     search input: output
INFO     search arguments: ['--search', 'ehc(h=ff())']
INFO     search time limit: 600s
INFO     search memory limit: 2048 MB
INFO     search executable: /ais/krcomp13/loyzer/fd/rrws_fd/builds/release32/bin/downward
('calling component', '/ais/krcomp13/loyzer/fd/rrws_fd/builds/release32/bin/downward', ['--search', 'ehc(h=ff())', '--internal-plan-file', 'sas_plan'])
INFO     callstring: /ais/krcomp13/loyzer/fd/rrws_fd/builds/release32/bin/downward --search 'ehc(h=ff())' --internal-plan-file sas_plan < output
time limit 600.00 -> (600, 601)
reading input... [t=6.1551e-05s]
Simplifying transitions... done!
done reading input! [t=0.00797626s]
packing state variables...done! [t=0.00799174s]
Variables: 23
Facts: 156
Bytes per state: 8
Building successor generator...done! [t=0.00860532s]
done initalizing global data [t=0.00861217s]

====
Use-Pref = 0
====
Pruning by preferred ops, use_preferred = 0
Conducting enforced hill-climbing search, (real) bound = 2147483647
Initializing FF heuristic...
Initializing additive heuristic...
Simplifying 946 unary operators... done! [726 unary operators]
Initial heuristic value for h = ff: 19
initialize g_value = -1
initialize g_value = -1node.g = 0
New best heuristic value for h = ff: 19
New best heuristic value for h = ff: 18
New best heuristic value for h = ff: 17
New best heuristic value for h = ff: 16
New best heuristic value for h = ff: 15
New best heuristic value for h = ff: 14
New best heuristic value for h = ff: 13
New best heuristic value for h = ff: 12
New best heuristic value for h = ff: 11
New best heuristic value for h = ff: 9
New best heuristic value for h = ff: 7
New best heuristic value for h = ff: 5
New best heuristic value for h = ff: 4
New best heuristic value for h = ff: 2
New best heuristic value for h = ff: 1
New best heuristic value for h = ff: 0
Solution found!
tracing path..
#4377274 <- #4377273 <- #4377272 <- #4377270 <- #4377269 <- #4376284 <- #4375885 <- #4375706 <- #4375639 <- #4375611 <- #4375599 <- #4375594 <- #4375591 <- #4375590 <- #4375589 <- #4375586 <- #4375585 <- #4375580 <- #4375578 <- #4375572 <- #4375570 <- #1931551 <- #803011 <- #345951 <- #144357 <- #66754 <- #33653 <- #20896 <- #15381 <- #13110 <- #12062 <- #11598 <- #11360 <- #11236 <- #11167 <- #11128 <- #11102 <- #11085 <- #11076 <- #11072 <- #11070 <- #11068 <- #11067 <- #11062 <- #11060 <- #11055 <- #11053 <- #11047 <- #11045 <- #4408 <- #1978 <- #918 <- #523 <- #354 <- #289 <- #259 <- #247 <- #242 <- #239 <- #238 <- #237 <- #176 <- #143 <- #129 <- #122 <- #120 <- #119 <- #45 <- #20 <- #12 <- #9 <- #2 <- #0 <- Actual search time: 104.932s [t=104.942s]
Plan length: 72 step(s).
Plan cost: 72
No Solution Found.
Expanded 4377274 state(s).
Reopened 0 state(s).
Evaluated 4377275 state(s).
Evaluations: 4377275
Generated 9557331 state(s).
Dead ends: 0 state(s).
EHC phases: 15
Average expansions per EHC phase: 291818
EHC phases of depth 1: 2 - Avg. Expansions: 1
EHC phases of depth 2: 8 - Avg. Expansions: 6.625
EHC phases of depth 4: 1 - Avg. Expansions: 110
EHC phases of depth 6: 1 - Avg. Expansions: 118
EHC phases of depth 10: 1 - Avg. Expansions: 1680
EHC phases of depth 12: 1 - Avg. Expansions: 10808
EHC phases of depth 22: 1 - Avg. Expansions: 4.3645e+06
Search time: 104.933s
Total time: 104.942s
Solution found.
Peak memory: 403212 KB
INFO     Running validate.
INFO     validate input: ['/ais/krcomp13/loyzer/fd/rrws_fd/benchmarks/blocks/domain.pddl', '/ais/krcomp13/loyzer/fd/rrws_fd/benchmarks/blocks/probBLOCKS-11-0.pddl', 'sas_plan']
INFO     validate arguments: []
INFO     validate time limit: None
INFO     validate memory limit: None
