nickname: EHC_BFS_DD
params = --search-time-limit 10m --search-memory-limit 2G /ais/krcomp13/loyzer/fd/rrws_fd/benchmarks/blocks/probBLOCKS-10-1.pddl --search ehc(h=ff())
INFO     Running translator.
INFO     translator input: ['/ais/krcomp13/loyzer/fd/rrws_fd/benchmarks/blocks/domain.pddl', '/ais/krcomp13/loyzer/fd/rrws_fd/benchmarks/blocks/probBLOCKS-10-1.pddl']
INFO     translator arguments: []
INFO     translator time limit: None
INFO     translator memory limit: None
INFO     callstring: /usr/bin/python2.7 /ais/krcomp13/loyzer/fd/rrws_fd/builds/release32/bin/translate/translate.py /ais/krcomp13/loyzer/fd/rrws_fd/benchmarks/blocks/domain.pddl /ais/krcomp13/loyzer/fd/rrws_fd/benchmarks/blocks/probBLOCKS-10-1.pddl
Parsing...
Parsing: [0.000s CPU, 0.003s wall-clock]
Normalizing task... [0.000s CPU, 0.000s wall-clock]
Instantiating...
Generating Datalog program... [0.000s CPU, 0.000s wall-clock]
Normalizing Datalog program...
Normalizing Datalog program: [0.000s CPU, 0.003s wall-clock]
Preparing model... [0.010s CPU, 0.001s wall-clock]
Generated 21 rules.
Computing model... [0.010s CPU, 0.016s wall-clock]
372 relevant atoms
250 auxiliary atoms
622 final queue length
1044 total queue pushes
Completing instantiation... [0.020s CPU, 0.023s wall-clock]
Instantiating: [0.040s CPU, 0.043s wall-clock]
Computing fact groups...
Finding invariants...
10 initial candidates
Finding invariants: [0.010s CPU, 0.011s wall-clock]
Checking invariant weight... [0.000s CPU, 0.000s wall-clock]
Instantiating groups... [0.010s CPU, 0.001s wall-clock]
Collecting mutex groups... [0.000s CPU, 0.000s wall-clock]
Choosing groups...
11 uncovered facts
Choosing groups: [0.000s CPU, 0.002s wall-clock]
Building translation key... [0.000s CPU, 0.000s wall-clock]
Computing fact groups: [0.020s CPU, 0.017s wall-clock]
Building STRIPS to SAS dictionary... [0.000s CPU, 0.000s wall-clock]
Building dictionary for full mutex groups... [0.000s CPU, 0.000s wall-clock]
Building mutex information...
Building mutex information: [0.000s CPU, 0.001s wall-clock]
Translating task...
Processing axioms...
Simplifying axioms... [0.000s CPU, 0.000s wall-clock]
Processing axioms: [0.000s CPU, 0.001s wall-clock]
Translating task: [0.030s CPU, 0.028s wall-clock]
290 effect conditions simplified
0 implied preconditions added
Detecting unreachable propositions...
0 operators removed
0 axioms removed
20 propositions removed
Detecting unreachable propositions: [0.020s CPU, 0.015s wall-clock]
Translator variables: 21
Translator derived variables: 0
Translator facts: 132
Translator goal facts: 9
Translator mutex groups: 21
Translator total mutex groups size: 231
Translator operators: 200
Translator axioms: 0
Translator task size: 1863
Translator peak memory: 29944 KB
Writing output... [0.010s CPU, 0.120s wall-clock]
Done! [0.120s CPU, 0.230s wall-clock]
INFO     Running preprocessor (release32).
INFO     preprocessor input: output.sas
INFO     preprocessor arguments: []
INFO     preprocessor time limit: None
INFO     preprocessor memory limit: None
INFO     callstring: /ais/krcomp13/loyzer/fd/rrws_fd/builds/release32/bin/preprocess < output.sas
Building causal graph...
The causal graph is not acyclic.
21 variables of 21 necessary
11 of 21 mutex groups necessary.
200 of 200 operators necessary.
0 of 0 axiom rules necessary.
Building domain transition graphs...
solveable in poly time 0
Building successor generator...
Preprocessor facts: 132
Preprocessor derived variables: 0
Preprocessor task size: 1753
Writing output...
done
INFO     Running search (release32).
INFO     search input: output
INFO     search arguments: ['--search', 'ehc(h=ff())']
INFO     search time limit: 600s
INFO     search memory limit: 2048 MB
INFO     search executable: /ais/krcomp13/loyzer/fd/rrws_fd/builds/release32/bin/downward
('calling component', '/ais/krcomp13/loyzer/fd/rrws_fd/builds/release32/bin/downward', ['--search', 'ehc(h=ff())', '--internal-plan-file', 'sas_plan'])
INFO     callstring: /ais/krcomp13/loyzer/fd/rrws_fd/builds/release32/bin/downward --search 'ehc(h=ff())' --internal-plan-file sas_plan < output
time limit 600.00 -> (600, 601)
reading input... [t=0.000167018s]
Failed to match magic word 'end_mutex_group'.
Got ''.
Peak memory: 5512 KB
Command '['/ais/krcomp13/loyzer/fd/rrws_fd/builds/release32/bin/downward', '--search', 'ehc(h=ff())', '--internal-plan-file', 'sas_plan']' returned non-zero exit status 2
