nickname: EHC_LUBY
params = --search-time-limit 10m --search-memory-limit 2G /ais/krcomp13/loyzer/fd/rrws_fd/benchmarks/blocks/probBLOCKS-14-0.pddl --search ehc_rw(h=ff(), restart=luby)
INFO     Running translator.
INFO     translator input: ['/ais/krcomp13/loyzer/fd/rrws_fd/benchmarks/blocks/domain.pddl', '/ais/krcomp13/loyzer/fd/rrws_fd/benchmarks/blocks/probBLOCKS-14-0.pddl']
INFO     translator arguments: []
INFO     translator time limit: None
INFO     translator memory limit: None
INFO     callstring: /usr/bin/python2.7 /ais/krcomp13/loyzer/fd/rrws_fd/builds/release32/bin/translate/translate.py /ais/krcomp13/loyzer/fd/rrws_fd/benchmarks/blocks/domain.pddl /ais/krcomp13/loyzer/fd/rrws_fd/benchmarks/blocks/probBLOCKS-14-0.pddl
Parsing...
Parsing: [0.000s CPU, 0.003s wall-clock]
Normalizing task... [0.000s CPU, 0.000s wall-clock]
Instantiating...
Generating Datalog program... [0.000s CPU, 0.001s wall-clock]
Normalizing Datalog program...
Normalizing Datalog program: [0.000s CPU, 0.003s wall-clock]
Preparing model... [0.000s CPU, 0.001s wall-clock]
Generated 21 rules.
Computing model... [0.040s CPU, 0.033s wall-clock]
688 relevant atoms
462 auxiliary atoms
1150 final queue length
1965 total queue pushes
Completing instantiation... [0.050s CPU, 0.049s wall-clock]
Instantiating: [0.090s CPU, 0.087s wall-clock]
Computing fact groups...
Finding invariants...
10 initial candidates
Finding invariants: [0.010s CPU, 0.012s wall-clock]
Checking invariant weight... [0.000s CPU, 0.001s wall-clock]
Instantiating groups... [0.000s CPU, 0.003s wall-clock]
Collecting mutex groups... [0.000s CPU, 0.001s wall-clock]
Choosing groups...
15 uncovered facts
Choosing groups: [0.000s CPU, 0.003s wall-clock]
Building translation key... [0.000s CPU, 0.001s wall-clock]
Computing fact groups: [0.020s CPU, 0.025s wall-clock]
Building STRIPS to SAS dictionary... [0.000s CPU, 0.001s wall-clock]
Building dictionary for full mutex groups... [0.000s CPU, 0.001s wall-clock]
Building mutex information...
Building mutex information: [0.000s CPU, 0.002s wall-clock]
Translating task...
Processing axioms...
Simplifying axioms... [0.000s CPU, 0.000s wall-clock]
Processing axioms: [0.010s CPU, 0.003s wall-clock]
Translating task: [0.070s CPU, 0.064s wall-clock]
574 effect conditions simplified
0 implied preconditions added
Detecting unreachable propositions...
0 operators removed
0 axioms removed
28 propositions removed
Detecting unreachable propositions: [0.030s CPU, 0.034s wall-clock]
Translator variables: 29
Translator derived variables: 0
Translator facts: 240
Translator goal facts: 13
Translator mutex groups: 29
Translator total mutex groups size: 435
Translator operators: 392
Translator axioms: 0
Translator task size: 3615
Translator peak memory: 31868 KB
Writing output... [0.010s CPU, 0.086s wall-clock]
Done! [0.220s CPU, 0.305s wall-clock]
INFO     Running preprocessor (release32).
INFO     preprocessor input: output.sas
INFO     preprocessor arguments: []
INFO     preprocessor time limit: None
INFO     preprocessor memory limit: None
INFO     callstring: /ais/krcomp13/loyzer/fd/rrws_fd/builds/release32/bin/preprocess < output.sas
Building causal graph...
The causal graph is not acyclic.
29 variables of 29 necessary
15 of 29 mutex groups necessary.
392 of 392 operators necessary.
0 of 0 axiom rules necessary.
Building domain transition graphs...
solveable in poly time 0
Building successor generator...
Preprocessor facts: 240
Preprocessor derived variables: 0
Preprocessor task size: 3405
Writing output...
done
INFO     Running search (release32).
INFO     search input: output
INFO     search arguments: ['--search', 'ehc_rw(h=ff(), restart=luby)']
INFO     search time limit: 600s
INFO     search memory limit: 2048 MB
INFO     search executable: /ais/krcomp13/loyzer/fd/rrws_fd/builds/release32/bin/downward
('calling component', '/ais/krcomp13/loyzer/fd/rrws_fd/builds/release32/bin/downward', ['--search', 'ehc_rw(h=ff(), restart=luby)', '--internal-plan-file', 'sas_plan'])
INFO     callstring: /ais/krcomp13/loyzer/fd/rrws_fd/builds/release32/bin/downward --search 'ehc_rw(h=ff(), restart=luby)' --internal-plan-file sas_plan < output
time limit 600.00 -> (600, 601)
reading input... [t=7.7052e-05s]
Simplifying transitions... done!
done reading input! [t=0.0127249s]
packing state variables...done! [t=0.0127507s]
Variables: 29
Facts: 240
Bytes per state: 12
Building successor generator...done! [t=0.0138236s]
done initalizing global data [t=0.0138306s]
===Preferred Usage===0 , DO NOTHING
===---------===
Conducting enforced hill-climbing search, (real) bound = 2147483647
Initializing FF heuristic...
Initializing additive heuristic...
Simplifying 1540 unary operators... done! [1176 unary operators]
Initial heuristic value for h = ff: 27
New best heuristic value for h = ff: 27
Entering RWs: to beat: 27
New best heuristic value for h = ff: 26
Entering RWs: to beat: 26
New best heuristic value for h = ff: 25
Entering RWs: to beat: 25
New best heuristic value for h = ff: 24
Entering RWs: to beat: 24
New best heuristic value for h = ff: 23
Entering RWs: to beat: 23
New best heuristic value for h = ff: 22
Entering RWs: to beat: 22
New best heuristic value for h = ff: 21
Entering RWs: to beat: 21
New best heuristic value for h = ff: 20
Entering RWs: to beat: 20
New best heuristic value for h = ff: 19
Entering RWs: to beat: 19
New best heuristic value for h = ff: 18
Entering RWs: to beat: 18
New best heuristic value for h = ff: 16
Entering RWs: to beat: 16
New best heuristic value for h = ff: 15
Entering RWs: to beat: 15
New best heuristic value for h = ff: 13
Entering RWs: to beat: 13
New best heuristic value for h = ff: 12
Entering RWs: to beat: 12
New best heuristic value for h = ff: 11
Entering RWs: to beat: 11
New best heuristic value for h = ff: 10
Entering RWs: to beat: 10
New best heuristic value for h = ff: 8
Entering RWs: to beat: 8
New best heuristic value for h = ff: 7
Entering RWs: to beat: 7
New best heuristic value for h = ff: 5
Entering RWs: to beat: 5
New best heuristic value for h = ff: 4
Entering RWs: to beat: 4
New best heuristic value for h = ff: 2
New best heuristic value for h = ff: 1
New best heuristic value for h = ff: 0
Solution found!
#0Actual search time: 96.6713s [t=96.6875s]
Plan length: 320 step(s).
Plan cost: 320
Plan Length: 320
Plan Cost: 320
Expanded 11090202 state(s).
Reopened 0 state(s).
Evaluated 5545154 state(s).
Evaluations: 2424814
Generated 5545162 state(s).
Dead ends: 0 state(s).
For last execution: 
EHC phases: 2
Average expansions per EHC phase: 0
EHC phases of depth 1: 2 - Avg. Expansions: 1
Search time: 96.6734s
Total time: 96.6875s
Solution found.
Peak memory: 139200 KB
INFO     Running validate.
INFO     validate input: ['/ais/krcomp13/loyzer/fd/rrws_fd/benchmarks/blocks/domain.pddl', '/ais/krcomp13/loyzer/fd/rrws_fd/benchmarks/blocks/probBLOCKS-14-0.pddl', 'sas_plan']
INFO     validate arguments: []
INFO     validate time limit: None
INFO     validate memory limit: None
