nickname: EHC_FP0.1_PREF0.9
params = --search-time-limit 10m --search-memory-limit 2G /ais/krcomp13/loyzer/fd/rrws_fd/benchmarks/blocks/probBLOCKS-17-0.pddl --heuristic hff=ff() --search ehc_rw_fixed_prob(h=hff, prob=0.1, preferred=[hff], pref_prob=0.9)
INFO     Running translator.
INFO     translator input: ['/ais/krcomp13/loyzer/fd/rrws_fd/benchmarks/blocks/domain.pddl', '/ais/krcomp13/loyzer/fd/rrws_fd/benchmarks/blocks/probBLOCKS-17-0.pddl']
INFO     translator arguments: []
INFO     translator time limit: None
INFO     translator memory limit: None
INFO     callstring: /usr/bin/python2.7 /ais/krcomp13/loyzer/fd/rrws_fd/builds/release32/bin/translate/translate.py /ais/krcomp13/loyzer/fd/rrws_fd/benchmarks/blocks/domain.pddl /ais/krcomp13/loyzer/fd/rrws_fd/benchmarks/blocks/probBLOCKS-17-0.pddl
Parsing...
Parsing: [0.000s CPU, 0.002s wall-clock]
Normalizing task... [0.000s CPU, 0.000s wall-clock]
Instantiating...
Generating Datalog program... [0.000s CPU, 0.000s wall-clock]
Normalizing Datalog program...
Normalizing Datalog program: [0.000s CPU, 0.002s wall-clock]
Preparing model... [0.000s CPU, 0.001s wall-clock]
Generated 21 rules.
Computing model... [0.030s CPU, 0.026s wall-clock]
988 relevant atoms
663 auxiliary atoms
1651 final queue length
2846 total queue pushes
Completing instantiation... [0.030s CPU, 0.039s wall-clock]
Instantiating: [0.060s CPU, 0.069s wall-clock]
Computing fact groups...
Finding invariants...
10 initial candidates
Finding invariants: [0.010s CPU, 0.007s wall-clock]
Checking invariant weight... [0.000s CPU, 0.000s wall-clock]
Instantiating groups... [0.000s CPU, 0.002s wall-clock]
Collecting mutex groups... [0.000s CPU, 0.001s wall-clock]
Choosing groups...
18 uncovered facts
Choosing groups: [0.010s CPU, 0.002s wall-clock]
Building translation key... [0.000s CPU, 0.001s wall-clock]
Computing fact groups: [0.020s CPU, 0.016s wall-clock]
Building STRIPS to SAS dictionary... [0.000s CPU, 0.001s wall-clock]
Building dictionary for full mutex groups... [0.000s CPU, 0.001s wall-clock]
Building mutex information...
Building mutex information: [0.000s CPU, 0.001s wall-clock]
Translating task...
Processing axioms...
Simplifying axioms... [0.000s CPU, 0.000s wall-clock]
Processing axioms: [0.000s CPU, 0.002s wall-clock]
Translating task: [0.050s CPU, 0.049s wall-clock]
850 effect conditions simplified
0 implied preconditions added
Detecting unreachable propositions...
0 operators removed
0 axioms removed
34 propositions removed
Detecting unreachable propositions: [0.020s CPU, 0.025s wall-clock]
Translator variables: 35
Translator derived variables: 0
Translator facts: 342
Translator goal facts: 16
Translator mutex groups: 35
Translator total mutex groups size: 630
Translator operators: 578
Translator axioms: 0
Translator task size: 5307
Translator peak memory: 33552 KB
Writing output... [0.010s CPU, 0.086s wall-clock]
Done! [0.170s CPU, 0.254s wall-clock]
INFO     Running preprocessor (release32).
INFO     preprocessor input: output.sas
INFO     preprocessor arguments: []
INFO     preprocessor time limit: None
INFO     preprocessor memory limit: None
INFO     callstring: /ais/krcomp13/loyzer/fd/rrws_fd/builds/release32/bin/preprocess < output.sas
Building causal graph...
The causal graph is not acyclic.
35 variables of 35 necessary
18 of 35 mutex groups necessary.
578 of 578 operators necessary.
0 of 0 axiom rules necessary.
Building domain transition graphs...
solveable in poly time 0
Building successor generator...
Preprocessor facts: 342
Preprocessor derived variables: 0
Preprocessor task size: 5001
Writing output...
done
INFO     Running search (release32).
INFO     search input: output
INFO     search arguments: ['--heuristic', 'hff=ff()', '--search', 'ehc_rw_fixed_prob(h=hff, prob=0.1, preferred=[hff], pref_prob=0.9)']
INFO     search time limit: 600s
INFO     search memory limit: 2048 MB
INFO     search executable: /ais/krcomp13/loyzer/fd/rrws_fd/builds/release32/bin/downward
('calling component', '/ais/krcomp13/loyzer/fd/rrws_fd/builds/release32/bin/downward', ['--heuristic', 'hff=ff()', '--search', 'ehc_rw_fixed_prob(h=hff, prob=0.1, preferred=[hff], pref_prob=0.9)', '--internal-plan-file', 'sas_plan'])
INFO     callstring: /ais/krcomp13/loyzer/fd/rrws_fd/builds/release32/bin/downward --heuristic 'hff=ff()' --search 'ehc_rw_fixed_prob(h=hff, prob=0.1, preferred=[hff], pref_prob=0.9)' --internal-plan-file sas_plan < output
time limit 600.00 -> (600, 601)
reading input... [t=6.2563e-05s]
Simplifying transitions... done!
done reading input! [t=0.0188094s]
packing state variables...done! [t=0.0188253s]
Variables: 35
Facts: 342
Bytes per state: 16
Building successor generator...done! [t=0.0205952s]
done initalizing global data [t=0.0206026s]
===Preferred Usage===1 , DO NOTHING
===---------===
Conducting enforced hill-climbing search, (real) bound = 2147483647
Using preferred operators for pruning
Initializing FF heuristic...
Initializing additive heuristic...
Simplifying 2278 unary operators... done! [1734 unary operators]
Initial heuristic value for ff: 33
New best heuristic value for ff: 33
to beat: 33
New best heuristic value for ff: 32
to beat: 32
New best heuristic value for ff: 31
to beat: 31
New best heuristic value for ff: 30
to beat: 30
New best heuristic value for ff: 29
to beat: 29
New best heuristic value for ff: 28
to beat: 28
New best heuristic value for ff: 27
to beat: 27
New best heuristic value for ff: 26
to beat: 26
New best heuristic value for ff: 25
to beat: 25
New best heuristic value for ff: 24
to beat: 24
New best heuristic value for ff: 23
to beat: 23
New best heuristic value for ff: 22
to beat: 22
New best heuristic value for ff: 21
to beat: 21
New best heuristic value for ff: 20
to beat: 20
New best heuristic value for ff: 19
to beat: 19
New best heuristic value for ff: 18
to beat: 18
New best heuristic value for ff: 17
to beat: 17
New best heuristic value for ff: 16
to beat: 16
New best heuristic value for ff: 15
to beat: 15
New best heuristic value for ff: 14
to beat: 14
New best heuristic value for ff: 13
to beat: 13
New best heuristic value for ff: 12
to beat: 12
New best heuristic value for ff: 10
to beat: 10
New best heuristic value for ff: 9
to beat: 9
New best heuristic value for ff: 7
to beat: 7
New best heuristic value for ff: 5
to beat: 5
New best heuristic value for ff: 4
to beat: 4
New best heuristic value for ff: 2
New best heuristic value for ff: 1
New best heuristic value for ff: 0
Solution found!
Actual search time: 1.84235s [t=1.86631s]
Plan length: 50470 step(s).
Plan cost: 50470
Plan Length: 50470
Plan Cost: 50470
Expanded 100965 state(s).
Reopened 0 state(s).
Evaluated 50639 state(s).
Evaluations: 35766
Generated 50641 state(s).
Dead ends: 0 state(s).
For last execution: 
EHC phases: 2
Average expansions per EHC phase: 0
EHC phases of depth 1: 2 - Avg. Expansions: 1
Search time: 1.84568s
Total time: 1.86664s
Solution found.
Peak memory: 9640 KB
INFO     Running validate.
INFO     validate input: ['/ais/krcomp13/loyzer/fd/rrws_fd/benchmarks/blocks/domain.pddl', '/ais/krcomp13/loyzer/fd/rrws_fd/benchmarks/blocks/probBLOCKS-17-0.pddl', 'sas_plan']
INFO     validate arguments: []
INFO     validate time limit: None
INFO     validate memory limit: None
