nickname: EHC_BFS_DD_PREF_PRUNE
params = --search-time-limit 10m --search-memory-limit 2G /ais/krcomp13/loyzer/fd/rrws_fd/benchmarks/blocks/probBLOCKS-17-0.pddl --heuristic hff=ff() --search ehc(hff, preferred=[hff], preferred_usage=PRUNE_BY_PREFERRED)
INFO     Running translator.
INFO     translator input: ['/ais/krcomp13/loyzer/fd/rrws_fd/benchmarks/blocks/domain.pddl', '/ais/krcomp13/loyzer/fd/rrws_fd/benchmarks/blocks/probBLOCKS-17-0.pddl']
INFO     translator arguments: []
INFO     translator time limit: None
INFO     translator memory limit: None
INFO     callstring: /usr/bin/python2.7 /ais/krcomp13/loyzer/fd/rrws_fd/builds/release32/bin/translate/translate.py /ais/krcomp13/loyzer/fd/rrws_fd/benchmarks/blocks/domain.pddl /ais/krcomp13/loyzer/fd/rrws_fd/benchmarks/blocks/probBLOCKS-17-0.pddl
Parsing...
Parsing: [0.000s CPU, 0.002s wall-clock]
Normalizing task... [0.000s CPU, 0.000s wall-clock]
Instantiating...
Generating Datalog program... [0.010s CPU, 0.000s wall-clock]
Normalizing Datalog program...
Normalizing Datalog program: [0.000s CPU, 0.002s wall-clock]
Preparing model... [0.000s CPU, 0.001s wall-clock]
Generated 21 rules.
Computing model... [0.020s CPU, 0.026s wall-clock]
988 relevant atoms
663 auxiliary atoms
1651 final queue length
2846 total queue pushes
Completing instantiation... [0.040s CPU, 0.039s wall-clock]
Instantiating: [0.070s CPU, 0.068s wall-clock]
Computing fact groups...
Finding invariants...
10 initial candidates
Finding invariants: [0.010s CPU, 0.007s wall-clock]
Checking invariant weight... [0.000s CPU, 0.000s wall-clock]
Instantiating groups... [0.000s CPU, 0.002s wall-clock]
Collecting mutex groups... [0.000s CPU, 0.001s wall-clock]
Choosing groups...
18 uncovered facts
Choosing groups: [0.010s CPU, 0.002s wall-clock]
Building translation key... [0.000s CPU, 0.001s wall-clock]
Computing fact groups: [0.020s CPU, 0.016s wall-clock]
Building STRIPS to SAS dictionary... [0.000s CPU, 0.001s wall-clock]
Building dictionary for full mutex groups... [0.000s CPU, 0.001s wall-clock]
Building mutex information...
Building mutex information: [0.000s CPU, 0.001s wall-clock]
Translating task...
Processing axioms...
Simplifying axioms... [0.000s CPU, 0.000s wall-clock]
Processing axioms: [0.000s CPU, 0.002s wall-clock]
Translating task: [0.050s CPU, 0.050s wall-clock]
850 effect conditions simplified
0 implied preconditions added
Detecting unreachable propositions...
0 operators removed
0 axioms removed
34 propositions removed
Detecting unreachable propositions: [0.030s CPU, 0.025s wall-clock]
Translator variables: 35
Translator derived variables: 0
Translator facts: 342
Translator goal facts: 16
Translator mutex groups: 35
Translator total mutex groups size: 630
Translator operators: 578
Translator axioms: 0
Translator task size: 5307
Translator peak memory: 33552 KB
Writing output... [0.020s CPU, 0.120s wall-clock]
Done! [0.190s CPU, 0.288s wall-clock]
INFO     Running preprocessor (release32).
INFO     preprocessor input: output.sas
INFO     preprocessor arguments: []
INFO     preprocessor time limit: None
INFO     preprocessor memory limit: None
INFO     callstring: /ais/krcomp13/loyzer/fd/rrws_fd/builds/release32/bin/preprocess < output.sas
Building causal graph...
The causal graph is not acyclic.
35 variables of 35 necessary
18 of 35 mutex groups necessary.
578 of 578 operators necessary.
0 of 0 axiom rules necessary.
Building domain transition graphs...
solveable in poly time 0
Building successor generator...
Preprocessor facts: 342
Preprocessor derived variables: 0
Preprocessor task size: 5001
Writing output...
done
INFO     Running search (release32).
INFO     search input: output
INFO     search arguments: ['--heuristic', 'hff=ff()', '--search', 'ehc(hff, preferred=[hff], preferred_usage=PRUNE_BY_PREFERRED)']
INFO     search time limit: 600s
INFO     search memory limit: 2048 MB
INFO     search executable: /ais/krcomp13/loyzer/fd/rrws_fd/builds/release32/bin/downward
('calling component', '/ais/krcomp13/loyzer/fd/rrws_fd/builds/release32/bin/downward', ['--heuristic', 'hff=ff()', '--search', 'ehc(hff, preferred=[hff], preferred_usage=PRUNE_BY_PREFERRED)', '--internal-plan-file', 'sas_plan'])
INFO     callstring: /ais/krcomp13/loyzer/fd/rrws_fd/builds/release32/bin/downward --heuristic 'hff=ff()' --search 'ehc(hff, preferred=[hff], preferred_usage=PRUNE_BY_PREFERRED)' --internal-plan-file sas_plan < output
time limit 600.00 -> (600, 601)
reading input... [t=0.000120918s]
Simplifying transitions... done!
done reading input! [t=0.0189331s]
packing state variables...done! [t=0.0189499s]
Variables: 35
Facts: 342
Bytes per state: 16
Building successor generator...done! [t=0.0207407s]
done initalizing global data [t=0.0207485s]

====
Use-Pref = 1
====
Pruning by preferred ops, use_preferred = 1
Conducting enforced hill-climbing search, (real) bound = 2147483647
Using preferred operators for pruning
Initializing FF heuristic...
Initializing additive heuristic...
Simplifying 2278 unary operators... done! [1734 unary operators]
Initial heuristic value for ff: 33
initialize g_value = -1
initialize g_value = -1node.g = 0
New best heuristic value for ff: 33
New best heuristic value for ff: 32
New best heuristic value for ff: 31
New best heuristic value for ff: 30
New best heuristic value for ff: 29
New best heuristic value for ff: 28
New best heuristic value for ff: 27
New best heuristic value for ff: 26
New best heuristic value for ff: 25
New best heuristic value for ff: 24
New best heuristic value for ff: 23
New best heuristic value for ff: 22
New best heuristic value for ff: 20
New best heuristic value for ff: 19
New best heuristic value for ff: 17
New best heuristic value for ff: 16
New best heuristic value for ff: 15
New best heuristic value for ff: 14
New best heuristic value for ff: 13
New best heuristic value for ff: 12
New best heuristic value for ff: 10
New best heuristic value for ff: 8
New best heuristic value for ff: 6
New best heuristic value for ff: 5
New best heuristic value for ff: 3
New best heuristic value for ff: 2
New best heuristic value for ff: 1
New best heuristic value for ff: 0
Solution found!
tracing path..
#2650 <- #2649 <- #2648 <- #2647 <- #2646 <- #2645 <- #2644 <- #2643 <- #2642 <- #2629 <- #2621 <- #2609 <- #2604 <- #2597 <- #2594 <- #2590 <- #2588 <- #2586 <- #2585 <- #2584 <- #2583 <- #2582 <- #2581 <- #2579 <- #2578 <- #2561 <- #2553 <- #2545 <- #2541 <- #2537 <- #2535 <- #2533 <- #2532 <- #2530 <- #2529 <- #2526 <- #2525 <- #2295 <- #1824 <- #1661 <- #1417 <- #1323 <- #1187 <- #1131 <- #1071 <- #1041 <- #1016 <- #1001 <- #992 <- #984 <- #978 <- #975 <- #973 <- #972 <- #970 <- #969 <- #968 <- #939 <- #925 <- #907 <- #900 <- #894 <- #892 <- #890 <- #888 <- #887 <- #886 <- #818 <- #756 <- #719 <- #695 <- #684 <- #678 <- #673 <- #669 <- #667 <- #666 <- #642 <- #632 <- #621 <- #616 <- #612 <- #611 <- #607 <- #603 <- #584 <- #576 <- #571 <- #570 <- #565 <- #561 <- #556 <- #554 <- #459 <- #284 <- #242 <- #168 <- #151 <- #123 <- #116 <- #104 <- #101 <- #98 <- #94 <- #92 <- #81 <- #76 <- #73 <- #72 <- #68 <- #67 <- #63 <- #62 <- #59 <- #57 <- #53 <- #52 <- #49 <- #45 <- #40 <- #34 <- #16 <- #7 <- #2 <- #0 <- Actual search time: 0.105337s [t=0.129473s]
Plan length: 124 step(s).
Plan cost: 124
No Solution Found.
Expanded 2650 state(s).
Reopened 0 state(s).
Evaluated 2651 state(s).
Evaluations: 2651
Generated 5928 state(s).
Dead ends: 0 state(s).
EHC phases: 27
Average expansions per EHC phase: 98.1481
EHC phases of depth 1: 2 - Avg. Expansions: 1
EHC phases of depth 2: 14 - Avg. Expansions: 5.71429
EHC phases of depth 4: 4 - Avg. Expansions: 22.75
EHC phases of depth 6: 1 - Avg. Expansions: 55
EHC phases of depth 8: 1 - Avg. Expansions: 46
EHC phases of depth 10: 3 - Avg. Expansions: 252.667
EHC phases of depth 14: 1 - Avg. Expansions: 61
EHC phases of depth 20: 1 - Avg. Expansions: 1557
Search time: 0.108391s
Total time: 0.129478s
Solution found.
Peak memory: 6544 KB
INFO     Running validate.
INFO     validate input: ['/ais/krcomp13/loyzer/fd/rrws_fd/benchmarks/blocks/domain.pddl', '/ais/krcomp13/loyzer/fd/rrws_fd/benchmarks/blocks/probBLOCKS-17-0.pddl', 'sas_plan']
INFO     validate arguments: []
INFO     validate time limit: None
INFO     validate memory limit: None
