nickname: EHC_BFS_DD
params = --search-time-limit 10m --search-memory-limit 2G /ais/krcomp13/loyzer/fd/rrws_fd/benchmarks/blocks/probBLOCKS-14-1.pddl --search ehc(h=ff())
INFO     Running translator.
INFO     translator input: ['/ais/krcomp13/loyzer/fd/rrws_fd/benchmarks/blocks/domain.pddl', '/ais/krcomp13/loyzer/fd/rrws_fd/benchmarks/blocks/probBLOCKS-14-1.pddl']
INFO     translator arguments: []
INFO     translator time limit: None
INFO     translator memory limit: None
INFO     callstring: /usr/bin/python2.7 /ais/krcomp13/loyzer/fd/rrws_fd/builds/release32/bin/translate/translate.py /ais/krcomp13/loyzer/fd/rrws_fd/benchmarks/blocks/domain.pddl /ais/krcomp13/loyzer/fd/rrws_fd/benchmarks/blocks/probBLOCKS-14-1.pddl
Parsing...
Parsing: [0.000s CPU, 0.002s wall-clock]
Normalizing task... [0.000s CPU, 0.000s wall-clock]
Instantiating...
Generating Datalog program... [0.000s CPU, 0.000s wall-clock]
Normalizing Datalog program...
Normalizing Datalog program: [0.010s CPU, 0.002s wall-clock]
Preparing model... [0.000s CPU, 0.001s wall-clock]
Generated 21 rules.
Computing model... [0.010s CPU, 0.018s wall-clock]
688 relevant atoms
462 auxiliary atoms
1150 final queue length
1967 total queue pushes
Completing instantiation... [0.030s CPU, 0.027s wall-clock]
Instantiating: [0.050s CPU, 0.048s wall-clock]
Computing fact groups...
Finding invariants...
10 initial candidates
Finding invariants: [0.010s CPU, 0.007s wall-clock]
Checking invariant weight... [0.000s CPU, 0.000s wall-clock]
Instantiating groups... [0.000s CPU, 0.001s wall-clock]
Collecting mutex groups... [0.000s CPU, 0.000s wall-clock]
Choosing groups...
15 uncovered facts
Choosing groups: [0.000s CPU, 0.002s wall-clock]
Building translation key... [0.000s CPU, 0.000s wall-clock]
Computing fact groups: [0.010s CPU, 0.014s wall-clock]
Building STRIPS to SAS dictionary... [0.000s CPU, 0.000s wall-clock]
Building dictionary for full mutex groups... [0.000s CPU, 0.001s wall-clock]
Building mutex information...
Building mutex information: [0.010s CPU, 0.001s wall-clock]
Translating task...
Processing axioms...
Simplifying axioms... [0.000s CPU, 0.000s wall-clock]
Processing axioms: [0.000s CPU, 0.001s wall-clock]
Translating task: [0.030s CPU, 0.035s wall-clock]
574 effect conditions simplified
0 implied preconditions added
Detecting unreachable propositions...
0 operators removed
0 axioms removed
28 propositions removed
Detecting unreachable propositions: [0.020s CPU, 0.017s wall-clock]
Translator variables: 29
Translator derived variables: 0
Translator facts: 240
Translator goal facts: 13
Translator mutex groups: 29
Translator total mutex groups size: 435
Translator operators: 392
Translator axioms: 0
Translator task size: 3615
Translator peak memory: 31864 KB
Writing output... [0.010s CPU, 0.060s wall-clock]
Done! [0.130s CPU, 0.179s wall-clock]
INFO     Running preprocessor (release32).
INFO     preprocessor input: output.sas
INFO     preprocessor arguments: []
INFO     preprocessor time limit: None
INFO     preprocessor memory limit: None
INFO     callstring: /ais/krcomp13/loyzer/fd/rrws_fd/builds/release32/bin/preprocess < output.sas
Building causal graph...
The causal graph is not acyclic.
29 variables of 29 necessary
15 of 29 mutex groups necessary.
392 of 392 operators necessary.
0 of 0 axiom rules necessary.
Building domain transition graphs...
solveable in poly time 0
Building successor generator...
Preprocessor facts: 240
Preprocessor derived variables: 0
Preprocessor task size: 3405
Writing output...
done
INFO     Running search (release32).
INFO     search input: output
INFO     search arguments: ['--search', 'ehc(h=ff())']
INFO     search time limit: 600s
INFO     search memory limit: 2048 MB
INFO     search executable: /ais/krcomp13/loyzer/fd/rrws_fd/builds/release32/bin/downward
('calling component', '/ais/krcomp13/loyzer/fd/rrws_fd/builds/release32/bin/downward', ['--search', 'ehc(h=ff())', '--internal-plan-file', 'sas_plan'])
INFO     callstring: /ais/krcomp13/loyzer/fd/rrws_fd/builds/release32/bin/downward --search 'ehc(h=ff())' --internal-plan-file sas_plan < output
time limit 600.00 -> (600, 601)
reading input... [t=6.7841e-05s]
Simplifying transitions... done!
done reading input! [t=0.0124882s]
packing state variables...done! [t=0.0125142s]
Variables: 29
Facts: 240
Bytes per state: 12
Building successor generator...done! [t=0.0135971s]
done initalizing global data [t=0.0136047s]

====
Use-Pref = 0
====
Pruning by preferred ops, use_preferred = 0
Conducting enforced hill-climbing search, (real) bound = 2147483647
Initializing FF heuristic...
Initializing additive heuristic...
Simplifying 1540 unary operators... done! [1176 unary operators]
Initial heuristic value for h = ff: 27
initialize g_value = -1
initialize g_value = -1node.g = 0
New best heuristic value for h = ff: 27
New best heuristic value for h = ff: 26
New best heuristic value for h = ff: 25
New best heuristic value for h = ff: 23
New best heuristic value for h = ff: 21
New best heuristic value for h = ff: 20
New best heuristic value for h = ff: 19
New best heuristic value for h = ff: 18
New best heuristic value for h = ff: 17
New best heuristic value for h = ff: 16
New best heuristic value for h = ff: 15
New best heuristic value for h = ff: 14
New best heuristic value for h = ff: 12
New best heuristic value for h = ff: 10
New best heuristic value for h = ff: 9
New best heuristic value for h = ff: 7
New best heuristic value for h = ff: 5
New best heuristic value for h = ff: 4
New best heuristic value for h = ff: 3
New best heuristic value for h = ff: 2
New best heuristic value for h = ff: 1
New best heuristic value for h = ff: 0
Solution found!
tracing path..
#8798321 <- #8798320 <- #8798319 <- #8798316 <- #8798314 <- #8798313 <- #8798312 <- #8778813 <- #8769214 <- #8765381 <- #8763342 <- #8762489 <- #8762026 <- #8761840 <- #8761737 <- #8761698 <- #8761675 <- #8761666 <- #8761661 <- #8761658 <- #8761656 <- #8761655 <- #8761654 <- #8761650 <- #8761648 <- #8761642 <- #8761640 <- #8761638 <- #8761637 <- #3614329 <- #1344617 <- #552843 <- #205742 <- #86511 <- #35098 <- #17421 <- #9697 <- #6962 <- #5727 <- #5262 <- #5046 <- #4965 <- #4926 <- #4910 <- #4903 <- #4899 <- #4897 <- #4896 <- #4895 <- #4890 <- #4888 <- #4088 <- #3767 <- #3652 <- #3608 <- #3592 <- #3584 <- #3582 <- #3581 <- #2715 <- #2442 <- #2349 <- #2325 <- #2319 <- #2317 <- #962 <- #593 <- #502 <- #481 <- #477 <- #476 <- #469 <- #468 <- #454 <- #452 <- #349 <- #326 <- #322 <- #321 <- #305 <- #302 <- #290 <- #288 <- #109 <- #71 <- #62 <- #60 <- #36 <- #31 <- #26 <- #25 <- #4 <- #0 <- Actual search time: 304.217s [t=304.233s]
Plan length: 92 step(s).
Plan cost: 92
No Solution Found.
Expanded 8798321 state(s).
Reopened 0 state(s).
Evaluated 8798322 state(s).
Evaluations: 8798322
Generated 18967625 state(s).
Dead ends: 0 state(s).
EHC phases: 21
Average expansions per EHC phase: 418968
EHC phases of depth 1: 2 - Avg. Expansions: 1
EHC phases of depth 2: 11 - Avg. Expansions: 12.8182
EHC phases of depth 4: 3 - Avg. Expansions: 122
EHC phases of depth 6: 2 - Avg. Expansions: 1552.5
EHC phases of depth 8: 1 - Avg. Expansions: 1307
EHC phases of depth 16: 1 - Avg. Expansions: 36658
EHC phases of depth 20: 1 - Avg. Expansions: 8.75674e+06
Search time: 304.219s
Total time: 304.233s
Solution found.
Peak memory: 827060 KB
INFO     Running validate.
INFO     validate input: ['/ais/krcomp13/loyzer/fd/rrws_fd/benchmarks/blocks/domain.pddl', '/ais/krcomp13/loyzer/fd/rrws_fd/benchmarks/blocks/probBLOCKS-14-1.pddl', 'sas_plan']
INFO     validate arguments: []
INFO     validate time limit: None
INFO     validate memory limit: None
